CRITICAL - 2022-06-28 08:27:44 --> Undefined variable: nestedData
in APPPATH/Controllers/Admin/AdminController.php on line 316.
 1 APPPATH/Controllers/Admin/AdminController.php(316): CodeIgniter\Debug\Exceptions->errorHandler(8, 'Undefined variable: nestedData', 'APPPATH/Controllers/Admin/AdminController.php', 316, [...])
 2 SYSTEMPATH/CodeIgniter.php(896): App\Controllers\Admin\AdminController->showFile('judul-1')
 3 SYSTEMPATH/CodeIgniter.php(466): CodeIgniter\CodeIgniter->runController(Object(App\Controllers\Admin\AdminController))
 4 SYSTEMPATH/CodeIgniter.php(349): CodeIgniter\CodeIgniter->handleRequest(null, Object(Config\Cache), false)
 5 FCPATH/index.php(55): CodeIgniter\CodeIgniter->run()
CRITICAL - 2022-06-28 08:27:55 --> Undefined offset: 0
in APPPATH/Controllers/Admin/AdminController.php on line 57.
 1 APPPATH/Controllers/Admin/AdminController.php(57): CodeIgniter\Debug\Exceptions->errorHandler(8, 'Undefined offset: 0', 'APPPATH/Controllers/Admin/AdminController.php', 57, [...])
 2 SYSTEMPATH/CodeIgniter.php(896): App\Controllers\Admin\AdminController->productsDelete('judul-1')
 3 SYSTEMPATH/CodeIgniter.php(466): CodeIgniter\CodeIgniter->runController(Object(App\Controllers\Admin\AdminController))
 4 SYSTEMPATH/CodeIgniter.php(349): CodeIgniter\CodeIgniter->handleRequest(null, Object(Config\Cache), false)
 5 FCPATH/index.php(55): CodeIgniter\CodeIgniter->run()
CRITICAL - 2022-06-28 08:28:03 --> Undefined offset: 0
in APPPATH/Controllers/Admin/AdminController.php on line 57.
 1 APPPATH/Controllers/Admin/AdminController.php(57): CodeIgniter\Debug\Exceptions->errorHandler(8, 'Undefined offset: 0', 'APPPATH/Controllers/Admin/AdminController.php', 57, [...])
 2 SYSTEMPATH/CodeIgniter.php(896): App\Controllers\Admin\AdminController->productsDelete('judul-1')
 3 SYSTEMPATH/CodeIgniter.php(466): CodeIgniter\CodeIgniter->runController(Object(App\Controllers\Admin\AdminController))
 4 SYSTEMPATH/CodeIgniter.php(349): CodeIgniter\CodeIgniter->handleRequest(null, Object(Config\Cache), false)
 5 FCPATH/index.php(55): CodeIgniter\CodeIgniter->run()
ERROR - 2022-06-28 08:35:46 --> You have an error in your SQL syntax; check the manual that corresponds to your MySQL server version for the right syntax to use near 's standard dummy text ever since the 1500s, when an unknown printer took a galle' at line 1
CRITICAL - 2022-06-28 08:35:46 --> You have an error in your SQL syntax; check the manual that corresponds to your MySQL server version for the right syntax to use near 's standard dummy text ever since the 1500s, when an unknown printer took a galle' at line 1
in SYSTEMPATH/Database/MySQLi/Connection.php on line 292.
 1 SYSTEMPATH/Database/MySQLi/Connection.php(292): mysqli->query('UPDATE products SET title =\'  Lorem Ipsum is simply dummy text of the printing and typesetting industry. Lorem Ipsum has been the industry\'s standard dummy text ever since the 1500s, when an unknown printer took a galley of type and scrambled it to make a type specimen book.\', description = \'

Lorem Ipsum is simply dummy text of the printing and typesetting industry. Lorem Ipsum has been the industry\'s standard dummy text ever since the 1500s, when an unknown printer took a galley of type and scrambled it to make a type specimen book.\'', 0)
 2 SYSTEMPATH/Database/BaseConnection.php(695): CodeIgniter\Database\MySQLi\Connection->execute('UPDATE products SET title =\'  Lorem Ipsum is simply dummy text of the printing and typesetting industry. Lorem Ipsum has been the industry\'s standard dummy text ever since the 1500s, when an unknown printer took a galley of type and scrambled it to make a type specimen book.\', description = \'

Lorem Ipsum is simply dummy text of the printing and typesetting industry. Lorem Ipsum has been the industry\'s standard dummy text ever since the 1500s, when an unknown printer took a galley of type and scrambled it to make a type specimen book.\'')
 3 SYSTEMPATH/Database/BaseConnection.php(609): CodeIgniter\Database\BaseConnection->simpleQuery('UPDATE products SET title =\'  Lorem Ipsum is simply dummy text of the printing and typesetting industry. Lorem Ipsum has been the industry\'s standard dummy text ever since the 1500s, when an unknown printer took a galley of type and scrambled it to make a type specimen book.\', description = \'

Lorem Ipsum is simply dummy text of the printing and typesetting industry. Lorem Ipsum has been the industry\'s standard dummy text ever since the 1500s, when an unknown printer took a galley of type and scrambled it to make a type specimen book.\'')
 4 APPPATH/Controllers/Admin/AdminController.php(267): CodeIgniter\Database\BaseConnection->query('UPDATE products SET title =\'  Lorem Ipsum is simply dummy text of the printing and typesetting industry. Lorem Ipsum has been the industry\'s standard dummy text ever since the 1500s, when an unknown printer took a galley of type and scrambled it to make a type specimen book.\', description = \'

Lorem Ipsum is simply dummy text of the printing and typesetting industry. Lorem Ipsum has been the industry\'s standard dummy text ever since the 1500s, when an unknown printer took a galley of type and scrambled it to make a type specimen book.\'')
 5 SYSTEMPATH/CodeIgniter.php(896): App\Controllers\Admin\AdminController->update('lorem-ipsum-is-simply-dummy-text-of-the-printing-and-typesetting-industry-lorem-ipsum-has-been-the-industrys-standard-dummy-text-ever-since-the-1500s-when-an-unknown-printer-took-a-galley-of-type-and-scrambled-it-to-make-a-type-specimen-book')
 6 SYSTEMPATH/CodeIgniter.php(466): CodeIgniter\CodeIgniter->runController(Object(App\Controllers\Admin\AdminController))
 7 SYSTEMPATH/CodeIgniter.php(349): CodeIgniter\CodeIgniter->handleRequest(null, Object(Config\Cache), false)
 8 FCPATH/index.php(55): CodeIgniter\CodeIgniter->run()
ERROR - 2022-06-28 08:38:20 --> You have an error in your SQL syntax; check the manual that corresponds to your MySQL server version for the right syntax to use near 's standard dummy text ever since the 1500s, when an unknown printer took a galle' at line 1
CRITICAL - 2022-06-28 08:38:20 --> You have an error in your SQL syntax; check the manual that corresponds to your MySQL server version for the right syntax to use near 's standard dummy text ever since the 1500s, when an unknown printer took a galle' at line 1
in SYSTEMPATH/Database/MySQLi/Connection.php on line 292.
 1 SYSTEMPATH/Database/MySQLi/Connection.php(292): mysqli->query('UPDATE products SET title =\'  Lorem Ipsum is simply dummy text of the printing and typesetting industry. Lorem Ipsum has been the industry\'s standard dummy text ever since the 1500s, when an unknown printer took a galley of type and scrambled it to make a type specimen book.\', description = \'Lorem Ipsum is simply dummy text of the printing and typesetting industry. Lorem Ipsum has been the industry\'s standard dummy text ever since the 1500s, when an unknown printer took a galley of type and scrambled it to make a type specimen book.\'', 0)
 2 SYSTEMPATH/Database/BaseConnection.php(695): CodeIgniter\Database\MySQLi\Connection->execute('UPDATE products SET title =\'  Lorem Ipsum is simply dummy text of the printing and typesetting industry. Lorem Ipsum has been the industry\'s standard dummy text ever since the 1500s, when an unknown printer took a galley of type and scrambled it to make a type specimen book.\', description = \'Lorem Ipsum is simply dummy text of the printing and typesetting industry. Lorem Ipsum has been the industry\'s standard dummy text ever since the 1500s, when an unknown printer took a galley of type and scrambled it to make a type specimen book.\'')
 3 SYSTEMPATH/Database/BaseConnection.php(609): CodeIgniter\Database\BaseConnection->simpleQuery('UPDATE products SET title =\'  Lorem Ipsum is simply dummy text of the printing and typesetting industry. Lorem Ipsum has been the industry\'s standard dummy text ever since the 1500s, when an unknown printer took a galley of type and scrambled it to make a type specimen book.\', description = \'Lorem Ipsum is simply dummy text of the printing and typesetting industry. Lorem Ipsum has been the industry\'s standard dummy text ever since the 1500s, when an unknown printer took a galley of type and scrambled it to make a type specimen book.\'')
 4 APPPATH/Controllers/Admin/AdminController.php(267): CodeIgniter\Database\BaseConnection->query('UPDATE products SET title =\'  Lorem Ipsum is simply dummy text of the printing and typesetting industry. Lorem Ipsum has been the industry\'s standard dummy text ever since the 1500s, when an unknown printer took a galley of type and scrambled it to make a type specimen book.\', description = \'Lorem Ipsum is simply dummy text of the printing and typesetting industry. Lorem Ipsum has been the industry\'s standard dummy text ever since the 1500s, when an unknown printer took a galley of type and scrambled it to make a type specimen book.\'')
 5 SYSTEMPATH/CodeIgniter.php(896): App\Controllers\Admin\AdminController->update('lorem-ipsum-is-simply-dummy-text-of-the-printing-and-typesetting-industry-lorem-ipsum-has-been-the-industrys-standard-dummy-text-ever-since-the-1500s-when-an-unknown-printer-took-a-galley-of-type-and-scrambled-it-to-make-a-type-specimen-book')
 6 SYSTEMPATH/CodeIgniter.php(466): CodeIgniter\CodeIgniter->runController(Object(App\Controllers\Admin\AdminController))
 7 SYSTEMPATH/CodeIgniter.php(349): CodeIgniter\CodeIgniter->handleRequest(null, Object(Config\Cache), false)
 8 FCPATH/index.php(55): CodeIgniter\CodeIgniter->run()
CRITICAL - 2022-06-28 08:39:13 --> Undefined offset: 0
in APPPATH/Controllers/Admin/AdminController.php on line 57.
 1 APPPATH/Controllers/Admin/AdminController.php(57): CodeIgniter\Debug\Exceptions->errorHandler(8, 'Undefined offset: 0', 'APPPATH/Controllers/Admin/AdminController.php', 57, [...])
 2 SYSTEMPATH/CodeIgniter.php(896): App\Controllers\Admin\AdminController->productsDelete('lorem-ipsum-is-simply-dummy-text-of-the-printing-and-typesetting-industry-lorem-ipsum-has-been-the-industrys-standard-dummy-text-ever-since-the-1500s-when-an-unknown-printer-took-a-galley-of-type-and-scrambled-it-to-make-a-type-specimen-book')
 3 SYSTEMPATH/CodeIgniter.php(466): CodeIgniter\CodeIgniter->runController(Object(App\Controllers\Admin\AdminController))
 4 SYSTEMPATH/CodeIgniter.php(349): CodeIgniter\CodeIgniter->handleRequest(null, Object(Config\Cache), false)
 5 FCPATH/index.php(55): CodeIgniter\CodeIgniter->run()
ERROR - 2022-06-28 08:41:53 --> You have an error in your SQL syntax; check the manual that corresponds to your MySQL server version for the right syntax to use near 's standard dummy text ever since the 1500s, when an unknown printer took a galle' at line 1
CRITICAL - 2022-06-28 08:41:53 --> You have an error in your SQL syntax; check the manual that corresponds to your MySQL server version for the right syntax to use near 's standard dummy text ever since the 1500s, when an unknown printer took a galle' at line 1
in SYSTEMPATH/Database/MySQLi/Connection.php on line 292.
 1 SYSTEMPATH/Database/MySQLi/Connection.php(292): mysqli->query('UPDATE products SET title =\'Lorem Ipsum is simply dummy text of the printing and typesetting industry. Lorem Ipsum has been the industry\'s standard dummy text ever since the 1500s, when an unknown printer took a galley of type and scrambled it to make a type specimen book.\', description = \'Lorem Ipsum is simply dummy text of the printing and typesetting industry. Lorem Ipsum has been the industry\'s standard dummy text ever since the 1500s, when an unknown printer took a galley of type and scrambled it to make a type specimen book.\'', 0)
 2 SYSTEMPATH/Database/BaseConnection.php(695): CodeIgniter\Database\MySQLi\Connection->execute('UPDATE products SET title =\'Lorem Ipsum is simply dummy text of the printing and typesetting industry. Lorem Ipsum has been the industry\'s standard dummy text ever since the 1500s, when an unknown printer took a galley of type and scrambled it to make a type specimen book.\', description = \'Lorem Ipsum is simply dummy text of the printing and typesetting industry. Lorem Ipsum has been the industry\'s standard dummy text ever since the 1500s, when an unknown printer took a galley of type and scrambled it to make a type specimen book.\'')
 3 SYSTEMPATH/Database/BaseConnection.php(609): CodeIgniter\Database\BaseConnection->simpleQuery('UPDATE products SET title =\'Lorem Ipsum is simply dummy text of the printing and typesetting industry. Lorem Ipsum has been the industry\'s standard dummy text ever since the 1500s, when an unknown printer took a galley of type and scrambled it to make a type specimen book.\', description = \'Lorem Ipsum is simply dummy text of the printing and typesetting industry. Lorem Ipsum has been the industry\'s standard dummy text ever since the 1500s, when an unknown printer took a galley of type and scrambled it to make a type specimen book.\'')
 4 APPPATH/Controllers/Admin/AdminController.php(267): CodeIgniter\Database\BaseConnection->query('UPDATE products SET title =\'Lorem Ipsum is simply dummy text of the printing and typesetting industry. Lorem Ipsum has been the industry\'s standard dummy text ever since the 1500s, when an unknown printer took a galley of type and scrambled it to make a type specimen book.\', description = \'Lorem Ipsum is simply dummy text of the printing and typesetting industry. Lorem Ipsum has been the industry\'s standard dummy text ever since the 1500s, when an unknown printer took a galley of type and scrambled it to make a type specimen book.\'')
 5 SYSTEMPATH/CodeIgniter.php(896): App\Controllers\Admin\AdminController->update('lorem-ipsum-is-simply-dummy-text-of-the-printing-and-typesetting-industry-lorem-ipsum-has-been-the-industrys-standard-dummy-text-ever-since-the-1500s-when-an-unknown-printer-took-a-galley-of-type-and-scrambled-it-to-make-a-type-specimen-book')
 6 SYSTEMPATH/CodeIgniter.php(466): CodeIgniter\CodeIgniter->runController(Object(App\Controllers\Admin\AdminController))
 7 SYSTEMPATH/CodeIgniter.php(349): CodeIgniter\CodeIgniter->handleRequest(null, Object(Config\Cache), false)
 8 FCPATH/index.php(55): CodeIgniter\CodeIgniter->run()
CRITICAL - 2022-06-28 08:55:54 --> Only variables should be passed by reference
in APPPATH/Controllers/Admin/AdminController.php on line 200.
 1 APPPATH/Controllers/Admin/AdminController.php(200): CodeIgniter\Debug\Exceptions->errorHandler(8, 'Only variables should be passed by reference', 'APPPATH/Controllers/Admin/AdminController.php', 200, [...])
 2 SYSTEMPATH/CodeIgniter.php(896): App\Controllers\Admin\AdminController->store()
 3 SYSTEMPATH/CodeIgniter.php(466): CodeIgniter\CodeIgniter->runController(Object(App\Controllers\Admin\AdminController))
 4 SYSTEMPATH/CodeIgniter.php(349): CodeIgniter\CodeIgniter->handleRequest(null, Object(Config\Cache), false)
 5 FCPATH/index.php(55): CodeIgniter\CodeIgniter->run()
