CRITICAL - 2022-07-03 11:10:29 --> count(): Parameter must be an array or an object that implements Countable
in APPPATH/Controllers/ProductController.php on line 66.
 1 [internal function]: CodeIgniter\Debug\Exceptions->errorHandler(2, 'count(): Parameter must be an array or an object that implements Countable', 'APPPATH/Controllers/ProductController.php', 66, [...])
 2 APPPATH/Controllers/ProductController.php(66): count(21)
 3 SYSTEMPATH/CodeIgniter.php(896): App\Controllers\ProductController->initProducts()
 4 SYSTEMPATH/CodeIgniter.php(466): CodeIgniter\CodeIgniter->runController(Object(App\Controllers\ProductController))
 5 SYSTEMPATH/CodeIgniter.php(349): CodeIgniter\CodeIgniter->handleRequest(null, Object(Config\Cache), false)
 6 FCPATH/index.php(55): CodeIgniter\CodeIgniter->run()
CRITICAL - 2022-07-03 11:10:31 --> count(): Parameter must be an array or an object that implements Countable
in APPPATH/Controllers/ProductController.php on line 66.
 1 [internal function]: CodeIgniter\Debug\Exceptions->errorHandler(2, 'count(): Parameter must be an array or an object that implements Countable', 'APPPATH/Controllers/ProductController.php', 66, [...])
 2 APPPATH/Controllers/ProductController.php(66): count(21)
 3 SYSTEMPATH/CodeIgniter.php(896): App\Controllers\ProductController->initProducts()
 4 SYSTEMPATH/CodeIgniter.php(466): CodeIgniter\CodeIgniter->runController(Object(App\Controllers\ProductController))
 5 SYSTEMPATH/CodeIgniter.php(349): CodeIgniter\CodeIgniter->handleRequest(null, Object(Config\Cache), false)
 6 FCPATH/index.php(55): CodeIgniter\CodeIgniter->run()
CRITICAL - 2022-07-03 11:11:24 --> syntax error, unexpected ';', expecting ')'
in APPPATH/Controllers/ProductController.php on line 65.
 1 SYSTEMPATH/Autoloader/Autoloader.php(261): CodeIgniter\Autoloader\Autoloader->includeFile('APPPATH/Controllers/ProductController.php')
 2 SYSTEMPATH/Autoloader/Autoloader.php(239): CodeIgniter\Autoloader\Autoloader->loadInNamespace('App\\Controllers\\ProductController')
 3 [internal function]: CodeIgniter\Autoloader\Autoloader->loadClass('App\\Controllers\\ProductController')
 4 [internal function]: spl_autoload_call('App\\Controllers\\ProductController')
 5 SYSTEMPATH/CodeIgniter.php(846): class_exists('\\App\\Controllers\\ProductController', true)
 6 SYSTEMPATH/CodeIgniter.php(453): CodeIgniter\CodeIgniter->startController()
 7 SYSTEMPATH/CodeIgniter.php(349): CodeIgniter\CodeIgniter->handleRequest(null, Object(Config\Cache), false)
 8 FCPATH/index.php(55): CodeIgniter\CodeIgniter->run()
ERROR - 2022-07-03 11:33:57 --> You have an error in your SQL syntax; check the manual that corresponds to your MySQL server version for the right syntax to use near 'WHERE p.title LIKE '%''%'
            ORDER BY p.id DESC
            LIMIT 0, 10' at line 10
CRITICAL - 2022-07-03 11:33:57 --> You have an error in your SQL syntax; check the manual that corresponds to your MySQL server version for the right syntax to use near 'WHERE p.title LIKE '%''%'
            ORDER BY p.id DESC
            LIMIT 0, 10' at line 10
in SYSTEMPATH/Database/MySQLi/Connection.php on line 292.
 1 SYSTEMPATH/Database/MySQLi/Connection.php(292): mysqli->query('SELECT p.uid, p.slug, p.title, p.description, u.username, GROUP_CONCAT(pf.url) AS files, GROUP_CONCAT(pt.name) AS types
            FROM products p 
            INNER JOIN users u 
            ON u.uid = p.user_uid 
            INNER JOIN product_files pf 
            ON p.uid = pf.product_uid 
            INNER JOIN product_types pt
            ON pf.type = pt.id 
            GROUP BY p.uid
            WHERE p.title LIKE \'%\'\'%\'
            ORDER BY p.id DESC
            LIMIT 0, 10', 0)
 2 SYSTEMPATH/Database/BaseConnection.php(695): CodeIgniter\Database\MySQLi\Connection->execute('SELECT p.uid, p.slug, p.title, p.description, u.username, GROUP_CONCAT(pf.url) AS files, GROUP_CONCAT(pt.name) AS types
            FROM products p 
            INNER JOIN users u 
            ON u.uid = p.user_uid 
            INNER JOIN product_files pf 
            ON p.uid = pf.product_uid 
            INNER JOIN product_types pt
            ON pf.type = pt.id 
            GROUP BY p.uid
            WHERE p.title LIKE \'%\'\'%\'
            ORDER BY p.id DESC
            LIMIT 0, 10')
 3 SYSTEMPATH/Database/BaseConnection.php(609): CodeIgniter\Database\BaseConnection->simpleQuery('SELECT p.uid, p.slug, p.title, p.description, u.username, GROUP_CONCAT(pf.url) AS files, GROUP_CONCAT(pt.name) AS types
            FROM products p 
            INNER JOIN users u 
            ON u.uid = p.user_uid 
            INNER JOIN product_files pf 
            ON p.uid = pf.product_uid 
            INNER JOIN product_types pt
            ON pf.type = pt.id 
            GROUP BY p.uid
            WHERE p.title LIKE \'%\'\'%\'
            ORDER BY p.id DESC
            LIMIT 0, 10')
 4 APPPATH/Controllers/ProductController.php(42): CodeIgniter\Database\BaseConnection->query('SELECT p.uid, p.slug, p.title, p.description, u.username, GROUP_CONCAT(pf.url) AS files, GROUP_CONCAT(pt.name) AS types
            FROM products p 
            INNER JOIN users u 
            ON u.uid = p.user_uid 
            INNER JOIN product_files pf 
            ON p.uid = pf.product_uid 
            INNER JOIN product_types pt
            ON pf.type = pt.id 
            GROUP BY p.uid
            WHERE p.title LIKE \'%\'\'%\'
            ORDER BY p.id DESC
            LIMIT 0, 10')
 5 SYSTEMPATH/CodeIgniter.php(896): App\Controllers\ProductController->initProducts()
 6 SYSTEMPATH/CodeIgniter.php(466): CodeIgniter\CodeIgniter->runController(Object(App\Controllers\ProductController))
 7 SYSTEMPATH/CodeIgniter.php(349): CodeIgniter\CodeIgniter->handleRequest(null, Object(Config\Cache), false)
 8 FCPATH/index.php(55): CodeIgniter\CodeIgniter->run()
ERROR - 2022-07-03 11:34:03 --> You have an error in your SQL syntax; check the manual that corresponds to your MySQL server version for the right syntax to use near 'WHERE p.title LIKE '%%'
            ORDER BY p.id DESC
            LIMIT 0, 10' at line 10
CRITICAL - 2022-07-03 11:34:03 --> You have an error in your SQL syntax; check the manual that corresponds to your MySQL server version for the right syntax to use near 'WHERE p.title LIKE '%%'
            ORDER BY p.id DESC
            LIMIT 0, 10' at line 10
in SYSTEMPATH/Database/MySQLi/Connection.php on line 292.
 1 SYSTEMPATH/Database/MySQLi/Connection.php(292): mysqli->query('SELECT p.uid, p.slug, p.title, p.description, u.username, GROUP_CONCAT(pf.url) AS files, GROUP_CONCAT(pt.name) AS types
            FROM products p 
            INNER JOIN users u 
            ON u.uid = p.user_uid 
            INNER JOIN product_files pf 
            ON p.uid = pf.product_uid 
            INNER JOIN product_types pt
            ON pf.type = pt.id 
            GROUP BY p.uid
            WHERE p.title LIKE \'%%\'
            ORDER BY p.id DESC
            LIMIT 0, 10', 0)
 2 SYSTEMPATH/Database/BaseConnection.php(695): CodeIgniter\Database\MySQLi\Connection->execute('SELECT p.uid, p.slug, p.title, p.description, u.username, GROUP_CONCAT(pf.url) AS files, GROUP_CONCAT(pt.name) AS types
            FROM products p 
            INNER JOIN users u 
            ON u.uid = p.user_uid 
            INNER JOIN product_files pf 
            ON p.uid = pf.product_uid 
            INNER JOIN product_types pt
            ON pf.type = pt.id 
            GROUP BY p.uid
            WHERE p.title LIKE \'%%\'
            ORDER BY p.id DESC
            LIMIT 0, 10')
 3 SYSTEMPATH/Database/BaseConnection.php(609): CodeIgniter\Database\BaseConnection->simpleQuery('SELECT p.uid, p.slug, p.title, p.description, u.username, GROUP_CONCAT(pf.url) AS files, GROUP_CONCAT(pt.name) AS types
            FROM products p 
            INNER JOIN users u 
            ON u.uid = p.user_uid 
            INNER JOIN product_files pf 
            ON p.uid = pf.product_uid 
            INNER JOIN product_types pt
            ON pf.type = pt.id 
            GROUP BY p.uid
            WHERE p.title LIKE \'%%\'
            ORDER BY p.id DESC
            LIMIT 0, 10')
 4 APPPATH/Controllers/ProductController.php(42): CodeIgniter\Database\BaseConnection->query('SELECT p.uid, p.slug, p.title, p.description, u.username, GROUP_CONCAT(pf.url) AS files, GROUP_CONCAT(pt.name) AS types
            FROM products p 
            INNER JOIN users u 
            ON u.uid = p.user_uid 
            INNER JOIN product_files pf 
            ON p.uid = pf.product_uid 
            INNER JOIN product_types pt
            ON pf.type = pt.id 
            GROUP BY p.uid
            WHERE p.title LIKE \'%%\'
            ORDER BY p.id DESC
            LIMIT 0, 10')
 5 SYSTEMPATH/CodeIgniter.php(896): App\Controllers\ProductController->initProducts()
 6 SYSTEMPATH/CodeIgniter.php(466): CodeIgniter\CodeIgniter->runController(Object(App\Controllers\ProductController))
 7 SYSTEMPATH/CodeIgniter.php(349): CodeIgniter\CodeIgniter->handleRequest(null, Object(Config\Cache), false)
 8 FCPATH/index.php(55): CodeIgniter\CodeIgniter->run()
ERROR - 2022-07-03 11:34:04 --> You have an error in your SQL syntax; check the manual that corresponds to your MySQL server version for the right syntax to use near 'WHERE p.title LIKE '%%'
            ORDER BY p.id DESC
            LIMIT 0, 10' at line 10
CRITICAL - 2022-07-03 11:34:04 --> You have an error in your SQL syntax; check the manual that corresponds to your MySQL server version for the right syntax to use near 'WHERE p.title LIKE '%%'
            ORDER BY p.id DESC
            LIMIT 0, 10' at line 10
in SYSTEMPATH/Database/MySQLi/Connection.php on line 292.
 1 SYSTEMPATH/Database/MySQLi/Connection.php(292): mysqli->query('SELECT p.uid, p.slug, p.title, p.description, u.username, GROUP_CONCAT(pf.url) AS files, GROUP_CONCAT(pt.name) AS types
            FROM products p 
            INNER JOIN users u 
            ON u.uid = p.user_uid 
            INNER JOIN product_files pf 
            ON p.uid = pf.product_uid 
            INNER JOIN product_types pt
            ON pf.type = pt.id 
            GROUP BY p.uid
            WHERE p.title LIKE \'%%\'
            ORDER BY p.id DESC
            LIMIT 0, 10', 0)
 2 SYSTEMPATH/Database/BaseConnection.php(695): CodeIgniter\Database\MySQLi\Connection->execute('SELECT p.uid, p.slug, p.title, p.description, u.username, GROUP_CONCAT(pf.url) AS files, GROUP_CONCAT(pt.name) AS types
            FROM products p 
            INNER JOIN users u 
            ON u.uid = p.user_uid 
            INNER JOIN product_files pf 
            ON p.uid = pf.product_uid 
            INNER JOIN product_types pt
            ON pf.type = pt.id 
            GROUP BY p.uid
            WHERE p.title LIKE \'%%\'
            ORDER BY p.id DESC
            LIMIT 0, 10')
 3 SYSTEMPATH/Database/BaseConnection.php(609): CodeIgniter\Database\BaseConnection->simpleQuery('SELECT p.uid, p.slug, p.title, p.description, u.username, GROUP_CONCAT(pf.url) AS files, GROUP_CONCAT(pt.name) AS types
            FROM products p 
            INNER JOIN users u 
            ON u.uid = p.user_uid 
            INNER JOIN product_files pf 
            ON p.uid = pf.product_uid 
            INNER JOIN product_types pt
            ON pf.type = pt.id 
            GROUP BY p.uid
            WHERE p.title LIKE \'%%\'
            ORDER BY p.id DESC
            LIMIT 0, 10')
 4 APPPATH/Controllers/ProductController.php(42): CodeIgniter\Database\BaseConnection->query('SELECT p.uid, p.slug, p.title, p.description, u.username, GROUP_CONCAT(pf.url) AS files, GROUP_CONCAT(pt.name) AS types
            FROM products p 
            INNER JOIN users u 
            ON u.uid = p.user_uid 
            INNER JOIN product_files pf 
            ON p.uid = pf.product_uid 
            INNER JOIN product_types pt
            ON pf.type = pt.id 
            GROUP BY p.uid
            WHERE p.title LIKE \'%%\'
            ORDER BY p.id DESC
            LIMIT 0, 10')
 5 SYSTEMPATH/CodeIgniter.php(896): App\Controllers\ProductController->initProducts()
 6 SYSTEMPATH/CodeIgniter.php(466): CodeIgniter\CodeIgniter->runController(Object(App\Controllers\ProductController))
 7 SYSTEMPATH/CodeIgniter.php(349): CodeIgniter\CodeIgniter->handleRequest(null, Object(Config\Cache), false)
 8 FCPATH/index.php(55): CodeIgniter\CodeIgniter->run()
ERROR - 2022-07-03 11:34:11 --> You have an error in your SQL syntax; check the manual that corresponds to your MySQL server version for the right syntax to use near 'WHERE p.title LIKE %%
            ORDER BY p.id DESC
            LIMIT 0, 10' at line 10
CRITICAL - 2022-07-03 11:34:11 --> You have an error in your SQL syntax; check the manual that corresponds to your MySQL server version for the right syntax to use near 'WHERE p.title LIKE %%
            ORDER BY p.id DESC
            LIMIT 0, 10' at line 10
in SYSTEMPATH/Database/MySQLi/Connection.php on line 292.
 1 SYSTEMPATH/Database/MySQLi/Connection.php(292): mysqli->query('SELECT p.uid, p.slug, p.title, p.description, u.username, GROUP_CONCAT(pf.url) AS files, GROUP_CONCAT(pt.name) AS types
            FROM products p 
            INNER JOIN users u 
            ON u.uid = p.user_uid 
            INNER JOIN product_files pf 
            ON p.uid = pf.product_uid 
            INNER JOIN product_types pt
            ON pf.type = pt.id 
            GROUP BY p.uid
            WHERE p.title LIKE %%
            ORDER BY p.id DESC
            LIMIT 0, 10', 0)
 2 SYSTEMPATH/Database/BaseConnection.php(695): CodeIgniter\Database\MySQLi\Connection->execute('SELECT p.uid, p.slug, p.title, p.description, u.username, GROUP_CONCAT(pf.url) AS files, GROUP_CONCAT(pt.name) AS types
            FROM products p 
            INNER JOIN users u 
            ON u.uid = p.user_uid 
            INNER JOIN product_files pf 
            ON p.uid = pf.product_uid 
            INNER JOIN product_types pt
            ON pf.type = pt.id 
            GROUP BY p.uid
            WHERE p.title LIKE %%
            ORDER BY p.id DESC
            LIMIT 0, 10')
 3 SYSTEMPATH/Database/BaseConnection.php(609): CodeIgniter\Database\BaseConnection->simpleQuery('SELECT p.uid, p.slug, p.title, p.description, u.username, GROUP_CONCAT(pf.url) AS files, GROUP_CONCAT(pt.name) AS types
            FROM products p 
            INNER JOIN users u 
            ON u.uid = p.user_uid 
            INNER JOIN product_files pf 
            ON p.uid = pf.product_uid 
            INNER JOIN product_types pt
            ON pf.type = pt.id 
            GROUP BY p.uid
            WHERE p.title LIKE %%
            ORDER BY p.id DESC
            LIMIT 0, 10')
 4 APPPATH/Controllers/ProductController.php(42): CodeIgniter\Database\BaseConnection->query('SELECT p.uid, p.slug, p.title, p.description, u.username, GROUP_CONCAT(pf.url) AS files, GROUP_CONCAT(pt.name) AS types
            FROM products p 
            INNER JOIN users u 
            ON u.uid = p.user_uid 
            INNER JOIN product_files pf 
            ON p.uid = pf.product_uid 
            INNER JOIN product_types pt
            ON pf.type = pt.id 
            GROUP BY p.uid
            WHERE p.title LIKE %%
            ORDER BY p.id DESC
            LIMIT 0, 10')
 5 SYSTEMPATH/CodeIgniter.php(896): App\Controllers\ProductController->initProducts()
 6 SYSTEMPATH/CodeIgniter.php(466): CodeIgniter\CodeIgniter->runController(Object(App\Controllers\ProductController))
 7 SYSTEMPATH/CodeIgniter.php(349): CodeIgniter\CodeIgniter->handleRequest(null, Object(Config\Cache), false)
 8 FCPATH/index.php(55): CodeIgniter\CodeIgniter->run()
ERROR - 2022-07-03 11:34:12 --> You have an error in your SQL syntax; check the manual that corresponds to your MySQL server version for the right syntax to use near 'WHERE p.title LIKE %%
            ORDER BY p.id DESC
            LIMIT 0, 10' at line 10
CRITICAL - 2022-07-03 11:34:12 --> You have an error in your SQL syntax; check the manual that corresponds to your MySQL server version for the right syntax to use near 'WHERE p.title LIKE %%
            ORDER BY p.id DESC
            LIMIT 0, 10' at line 10
in SYSTEMPATH/Database/MySQLi/Connection.php on line 292.
 1 SYSTEMPATH/Database/MySQLi/Connection.php(292): mysqli->query('SELECT p.uid, p.slug, p.title, p.description, u.username, GROUP_CONCAT(pf.url) AS files, GROUP_CONCAT(pt.name) AS types
            FROM products p 
            INNER JOIN users u 
            ON u.uid = p.user_uid 
            INNER JOIN product_files pf 
            ON p.uid = pf.product_uid 
            INNER JOIN product_types pt
            ON pf.type = pt.id 
            GROUP BY p.uid
            WHERE p.title LIKE %%
            ORDER BY p.id DESC
            LIMIT 0, 10', 0)
 2 SYSTEMPATH/Database/BaseConnection.php(695): CodeIgniter\Database\MySQLi\Connection->execute('SELECT p.uid, p.slug, p.title, p.description, u.username, GROUP_CONCAT(pf.url) AS files, GROUP_CONCAT(pt.name) AS types
            FROM products p 
            INNER JOIN users u 
            ON u.uid = p.user_uid 
            INNER JOIN product_files pf 
            ON p.uid = pf.product_uid 
            INNER JOIN product_types pt
            ON pf.type = pt.id 
            GROUP BY p.uid
            WHERE p.title LIKE %%
            ORDER BY p.id DESC
            LIMIT 0, 10')
 3 SYSTEMPATH/Database/BaseConnection.php(609): CodeIgniter\Database\BaseConnection->simpleQuery('SELECT p.uid, p.slug, p.title, p.description, u.username, GROUP_CONCAT(pf.url) AS files, GROUP_CONCAT(pt.name) AS types
            FROM products p 
            INNER JOIN users u 
            ON u.uid = p.user_uid 
            INNER JOIN product_files pf 
            ON p.uid = pf.product_uid 
            INNER JOIN product_types pt
            ON pf.type = pt.id 
            GROUP BY p.uid
            WHERE p.title LIKE %%
            ORDER BY p.id DESC
            LIMIT 0, 10')
 4 APPPATH/Controllers/ProductController.php(42): CodeIgniter\Database\BaseConnection->query('SELECT p.uid, p.slug, p.title, p.description, u.username, GROUP_CONCAT(pf.url) AS files, GROUP_CONCAT(pt.name) AS types
            FROM products p 
            INNER JOIN users u 
            ON u.uid = p.user_uid 
            INNER JOIN product_files pf 
            ON p.uid = pf.product_uid 
            INNER JOIN product_types pt
            ON pf.type = pt.id 
            GROUP BY p.uid
            WHERE p.title LIKE %%
            ORDER BY p.id DESC
            LIMIT 0, 10')
 5 SYSTEMPATH/CodeIgniter.php(896): App\Controllers\ProductController->initProducts()
 6 SYSTEMPATH/CodeIgniter.php(466): CodeIgniter\CodeIgniter->runController(Object(App\Controllers\ProductController))
 7 SYSTEMPATH/CodeIgniter.php(349): CodeIgniter\CodeIgniter->handleRequest(null, Object(Config\Cache), false)
 8 FCPATH/index.php(55): CodeIgniter\CodeIgniter->run()
ERROR - 2022-07-03 11:35:00 --> You have an error in your SQL syntax; check the manual that corresponds to your MySQL server version for the right syntax to use near 'WHERE p.title LIKE '%%'
            ORDER BY p.id DESC
            LIMIT 0, 10' at line 10
CRITICAL - 2022-07-03 11:35:00 --> You have an error in your SQL syntax; check the manual that corresponds to your MySQL server version for the right syntax to use near 'WHERE p.title LIKE '%%'
            ORDER BY p.id DESC
            LIMIT 0, 10' at line 10
in SYSTEMPATH/Database/MySQLi/Connection.php on line 292.
 1 SYSTEMPATH/Database/MySQLi/Connection.php(292): mysqli->query('SELECT p.uid, p.slug, p.title, p.description, u.username, GROUP_CONCAT(pf.url) AS files, GROUP_CONCAT(pt.name) AS types
            FROM products p 
            INNER JOIN users u 
            ON u.uid = p.user_uid 
            INNER JOIN product_files pf 
            ON p.uid = pf.product_uid 
            INNER JOIN product_types pt
            ON pf.type = pt.id 
            GROUP BY p.uid
            WHERE p.title LIKE \'%%\'
            ORDER BY p.id DESC
            LIMIT 0, 10', 0)
 2 SYSTEMPATH/Database/BaseConnection.php(695): CodeIgniter\Database\MySQLi\Connection->execute('SELECT p.uid, p.slug, p.title, p.description, u.username, GROUP_CONCAT(pf.url) AS files, GROUP_CONCAT(pt.name) AS types
            FROM products p 
            INNER JOIN users u 
            ON u.uid = p.user_uid 
            INNER JOIN product_files pf 
            ON p.uid = pf.product_uid 
            INNER JOIN product_types pt
            ON pf.type = pt.id 
            GROUP BY p.uid
            WHERE p.title LIKE \'%%\'
            ORDER BY p.id DESC
            LIMIT 0, 10')
 3 SYSTEMPATH/Database/BaseConnection.php(609): CodeIgniter\Database\BaseConnection->simpleQuery('SELECT p.uid, p.slug, p.title, p.description, u.username, GROUP_CONCAT(pf.url) AS files, GROUP_CONCAT(pt.name) AS types
            FROM products p 
            INNER JOIN users u 
            ON u.uid = p.user_uid 
            INNER JOIN product_files pf 
            ON p.uid = pf.product_uid 
            INNER JOIN product_types pt
            ON pf.type = pt.id 
            GROUP BY p.uid
            WHERE p.title LIKE \'%%\'
            ORDER BY p.id DESC
            LIMIT 0, 10')
 4 APPPATH/Controllers/ProductController.php(42): CodeIgniter\Database\BaseConnection->query('SELECT p.uid, p.slug, p.title, p.description, u.username, GROUP_CONCAT(pf.url) AS files, GROUP_CONCAT(pt.name) AS types
            FROM products p 
            INNER JOIN users u 
            ON u.uid = p.user_uid 
            INNER JOIN product_files pf 
            ON p.uid = pf.product_uid 
            INNER JOIN product_types pt
            ON pf.type = pt.id 
            GROUP BY p.uid
            WHERE p.title LIKE \'%%\'
            ORDER BY p.id DESC
            LIMIT 0, 10')
 5 SYSTEMPATH/CodeIgniter.php(896): App\Controllers\ProductController->initProducts()
 6 SYSTEMPATH/CodeIgniter.php(466): CodeIgniter\CodeIgniter->runController(Object(App\Controllers\ProductController))
 7 SYSTEMPATH/CodeIgniter.php(349): CodeIgniter\CodeIgniter->handleRequest(null, Object(Config\Cache), false)
 8 FCPATH/index.php(55): CodeIgniter\CodeIgniter->run()
ERROR - 2022-07-03 11:35:01 --> You have an error in your SQL syntax; check the manual that corresponds to your MySQL server version for the right syntax to use near 'WHERE p.title LIKE '%%'
            ORDER BY p.id DESC
            LIMIT 0, 10' at line 10
CRITICAL - 2022-07-03 11:35:01 --> You have an error in your SQL syntax; check the manual that corresponds to your MySQL server version for the right syntax to use near 'WHERE p.title LIKE '%%'
            ORDER BY p.id DESC
            LIMIT 0, 10' at line 10
in SYSTEMPATH/Database/MySQLi/Connection.php on line 292.
 1 SYSTEMPATH/Database/MySQLi/Connection.php(292): mysqli->query('SELECT p.uid, p.slug, p.title, p.description, u.username, GROUP_CONCAT(pf.url) AS files, GROUP_CONCAT(pt.name) AS types
            FROM products p 
            INNER JOIN users u 
            ON u.uid = p.user_uid 
            INNER JOIN product_files pf 
            ON p.uid = pf.product_uid 
            INNER JOIN product_types pt
            ON pf.type = pt.id 
            GROUP BY p.uid
            WHERE p.title LIKE \'%%\'
            ORDER BY p.id DESC
            LIMIT 0, 10', 0)
 2 SYSTEMPATH/Database/BaseConnection.php(695): CodeIgniter\Database\MySQLi\Connection->execute('SELECT p.uid, p.slug, p.title, p.description, u.username, GROUP_CONCAT(pf.url) AS files, GROUP_CONCAT(pt.name) AS types
            FROM products p 
            INNER JOIN users u 
            ON u.uid = p.user_uid 
            INNER JOIN product_files pf 
            ON p.uid = pf.product_uid 
            INNER JOIN product_types pt
            ON pf.type = pt.id 
            GROUP BY p.uid
            WHERE p.title LIKE \'%%\'
            ORDER BY p.id DESC
            LIMIT 0, 10')
 3 SYSTEMPATH/Database/BaseConnection.php(609): CodeIgniter\Database\BaseConnection->simpleQuery('SELECT p.uid, p.slug, p.title, p.description, u.username, GROUP_CONCAT(pf.url) AS files, GROUP_CONCAT(pt.name) AS types
            FROM products p 
            INNER JOIN users u 
            ON u.uid = p.user_uid 
            INNER JOIN product_files pf 
            ON p.uid = pf.product_uid 
            INNER JOIN product_types pt
            ON pf.type = pt.id 
            GROUP BY p.uid
            WHERE p.title LIKE \'%%\'
            ORDER BY p.id DESC
            LIMIT 0, 10')
 4 APPPATH/Controllers/ProductController.php(42): CodeIgniter\Database\BaseConnection->query('SELECT p.uid, p.slug, p.title, p.description, u.username, GROUP_CONCAT(pf.url) AS files, GROUP_CONCAT(pt.name) AS types
            FROM products p 
            INNER JOIN users u 
            ON u.uid = p.user_uid 
            INNER JOIN product_files pf 
            ON p.uid = pf.product_uid 
            INNER JOIN product_types pt
            ON pf.type = pt.id 
            GROUP BY p.uid
            WHERE p.title LIKE \'%%\'
            ORDER BY p.id DESC
            LIMIT 0, 10')
 5 SYSTEMPATH/CodeIgniter.php(896): App\Controllers\ProductController->initProducts()
 6 SYSTEMPATH/CodeIgniter.php(466): CodeIgniter\CodeIgniter->runController(Object(App\Controllers\ProductController))
 7 SYSTEMPATH/CodeIgniter.php(349): CodeIgniter\CodeIgniter->handleRequest(null, Object(Config\Cache), false)
 8 FCPATH/index.php(55): CodeIgniter\CodeIgniter->run()
ERROR - 2022-07-03 11:35:07 --> You have an error in your SQL syntax; check the manual that corresponds to your MySQL server version for the right syntax to use near 'WHERE p.title LIKE '%s%'
            ORDER BY p.id DESC
            LIMIT 0, 10' at line 10
CRITICAL - 2022-07-03 11:35:07 --> You have an error in your SQL syntax; check the manual that corresponds to your MySQL server version for the right syntax to use near 'WHERE p.title LIKE '%s%'
            ORDER BY p.id DESC
            LIMIT 0, 10' at line 10
in SYSTEMPATH/Database/MySQLi/Connection.php on line 292.
 1 SYSTEMPATH/Database/MySQLi/Connection.php(292): mysqli->query('SELECT p.uid, p.slug, p.title, p.description, u.username, GROUP_CONCAT(pf.url) AS files, GROUP_CONCAT(pt.name) AS types
            FROM products p 
            INNER JOIN users u 
            ON u.uid = p.user_uid 
            INNER JOIN product_files pf 
            ON p.uid = pf.product_uid 
            INNER JOIN product_types pt
            ON pf.type = pt.id 
            GROUP BY p.uid
            WHERE p.title LIKE \'%s%\'
            ORDER BY p.id DESC
            LIMIT 0, 10', 0)
 2 SYSTEMPATH/Database/BaseConnection.php(695): CodeIgniter\Database\MySQLi\Connection->execute('SELECT p.uid, p.slug, p.title, p.description, u.username, GROUP_CONCAT(pf.url) AS files, GROUP_CONCAT(pt.name) AS types
            FROM products p 
            INNER JOIN users u 
            ON u.uid = p.user_uid 
            INNER JOIN product_files pf 
            ON p.uid = pf.product_uid 
            INNER JOIN product_types pt
            ON pf.type = pt.id 
            GROUP BY p.uid
            WHERE p.title LIKE \'%s%\'
            ORDER BY p.id DESC
            LIMIT 0, 10')
 3 SYSTEMPATH/Database/BaseConnection.php(609): CodeIgniter\Database\BaseConnection->simpleQuery('SELECT p.uid, p.slug, p.title, p.description, u.username, GROUP_CONCAT(pf.url) AS files, GROUP_CONCAT(pt.name) AS types
            FROM products p 
            INNER JOIN users u 
            ON u.uid = p.user_uid 
            INNER JOIN product_files pf 
            ON p.uid = pf.product_uid 
            INNER JOIN product_types pt
            ON pf.type = pt.id 
            GROUP BY p.uid
            WHERE p.title LIKE \'%s%\'
            ORDER BY p.id DESC
            LIMIT 0, 10')
 4 APPPATH/Controllers/ProductController.php(42): CodeIgniter\Database\BaseConnection->query('SELECT p.uid, p.slug, p.title, p.description, u.username, GROUP_CONCAT(pf.url) AS files, GROUP_CONCAT(pt.name) AS types
            FROM products p 
            INNER JOIN users u 
            ON u.uid = p.user_uid 
            INNER JOIN product_files pf 
            ON p.uid = pf.product_uid 
            INNER JOIN product_types pt
            ON pf.type = pt.id 
            GROUP BY p.uid
            WHERE p.title LIKE \'%s%\'
            ORDER BY p.id DESC
            LIMIT 0, 10')
 5 SYSTEMPATH/CodeIgniter.php(896): App\Controllers\ProductController->initProducts()
 6 SYSTEMPATH/CodeIgniter.php(466): CodeIgniter\CodeIgniter->runController(Object(App\Controllers\ProductController))
 7 SYSTEMPATH/CodeIgniter.php(349): CodeIgniter\CodeIgniter->handleRequest(null, Object(Config\Cache), false)
 8 FCPATH/index.php(55): CodeIgniter\CodeIgniter->run()
ERROR - 2022-07-03 11:35:08 --> You have an error in your SQL syntax; check the manual that corresponds to your MySQL server version for the right syntax to use near 'WHERE p.title LIKE '%s%'
            ORDER BY p.id DESC
            LIMIT 0, 10' at line 10
CRITICAL - 2022-07-03 11:35:08 --> You have an error in your SQL syntax; check the manual that corresponds to your MySQL server version for the right syntax to use near 'WHERE p.title LIKE '%s%'
            ORDER BY p.id DESC
            LIMIT 0, 10' at line 10
in SYSTEMPATH/Database/MySQLi/Connection.php on line 292.
 1 SYSTEMPATH/Database/MySQLi/Connection.php(292): mysqli->query('SELECT p.uid, p.slug, p.title, p.description, u.username, GROUP_CONCAT(pf.url) AS files, GROUP_CONCAT(pt.name) AS types
            FROM products p 
            INNER JOIN users u 
            ON u.uid = p.user_uid 
            INNER JOIN product_files pf 
            ON p.uid = pf.product_uid 
            INNER JOIN product_types pt
            ON pf.type = pt.id 
            GROUP BY p.uid
            WHERE p.title LIKE \'%s%\'
            ORDER BY p.id DESC
            LIMIT 0, 10', 0)
 2 SYSTEMPATH/Database/BaseConnection.php(695): CodeIgniter\Database\MySQLi\Connection->execute('SELECT p.uid, p.slug, p.title, p.description, u.username, GROUP_CONCAT(pf.url) AS files, GROUP_CONCAT(pt.name) AS types
            FROM products p 
            INNER JOIN users u 
            ON u.uid = p.user_uid 
            INNER JOIN product_files pf 
            ON p.uid = pf.product_uid 
            INNER JOIN product_types pt
            ON pf.type = pt.id 
            GROUP BY p.uid
            WHERE p.title LIKE \'%s%\'
            ORDER BY p.id DESC
            LIMIT 0, 10')
 3 SYSTEMPATH/Database/BaseConnection.php(609): CodeIgniter\Database\BaseConnection->simpleQuery('SELECT p.uid, p.slug, p.title, p.description, u.username, GROUP_CONCAT(pf.url) AS files, GROUP_CONCAT(pt.name) AS types
            FROM products p 
            INNER JOIN users u 
            ON u.uid = p.user_uid 
            INNER JOIN product_files pf 
            ON p.uid = pf.product_uid 
            INNER JOIN product_types pt
            ON pf.type = pt.id 
            GROUP BY p.uid
            WHERE p.title LIKE \'%s%\'
            ORDER BY p.id DESC
            LIMIT 0, 10')
 4 APPPATH/Controllers/ProductController.php(42): CodeIgniter\Database\BaseConnection->query('SELECT p.uid, p.slug, p.title, p.description, u.username, GROUP_CONCAT(pf.url) AS files, GROUP_CONCAT(pt.name) AS types
            FROM products p 
            INNER JOIN users u 
            ON u.uid = p.user_uid 
            INNER JOIN product_files pf 
            ON p.uid = pf.product_uid 
            INNER JOIN product_types pt
            ON pf.type = pt.id 
            GROUP BY p.uid
            WHERE p.title LIKE \'%s%\'
            ORDER BY p.id DESC
            LIMIT 0, 10')
 5 SYSTEMPATH/CodeIgniter.php(896): App\Controllers\ProductController->initProducts()
 6 SYSTEMPATH/CodeIgniter.php(466): CodeIgniter\CodeIgniter->runController(Object(App\Controllers\ProductController))
 7 SYSTEMPATH/CodeIgniter.php(349): CodeIgniter\CodeIgniter->handleRequest(null, Object(Config\Cache), false)
 8 FCPATH/index.php(55): CodeIgniter\CodeIgniter->run()
ERROR - 2022-07-03 11:35:21 --> You have an error in your SQL syntax; check the manual that corresponds to your MySQL server version for the right syntax to use near 'WHERE p.title LIKE '%s%'
            ORDER BY p.id DESC
            LIMIT 0, 10' at line 10
CRITICAL - 2022-07-03 11:35:21 --> You have an error in your SQL syntax; check the manual that corresponds to your MySQL server version for the right syntax to use near 'WHERE p.title LIKE '%s%'
            ORDER BY p.id DESC
            LIMIT 0, 10' at line 10
in SYSTEMPATH/Database/MySQLi/Connection.php on line 292.
 1 SYSTEMPATH/Database/MySQLi/Connection.php(292): mysqli->query('SELECT p.uid, p.slug, p.title, p.description, u.username, GROUP_CONCAT(pf.url) AS files, GROUP_CONCAT(pt.name) AS types
            FROM products p 
            INNER JOIN users u 
            ON u.uid = p.user_uid 
            INNER JOIN product_files pf 
            ON p.uid = pf.product_uid 
            INNER JOIN product_types pt
            ON pf.type = pt.id 
            GROUP BY p.uid
            WHERE p.title LIKE \'%s%\'
            ORDER BY p.id DESC
            LIMIT 0, 10', 0)
 2 SYSTEMPATH/Database/BaseConnection.php(695): CodeIgniter\Database\MySQLi\Connection->execute('SELECT p.uid, p.slug, p.title, p.description, u.username, GROUP_CONCAT(pf.url) AS files, GROUP_CONCAT(pt.name) AS types
            FROM products p 
            INNER JOIN users u 
            ON u.uid = p.user_uid 
            INNER JOIN product_files pf 
            ON p.uid = pf.product_uid 
            INNER JOIN product_types pt
            ON pf.type = pt.id 
            GROUP BY p.uid
            WHERE p.title LIKE \'%s%\'
            ORDER BY p.id DESC
            LIMIT 0, 10')
 3 SYSTEMPATH/Database/BaseConnection.php(609): CodeIgniter\Database\BaseConnection->simpleQuery('SELECT p.uid, p.slug, p.title, p.description, u.username, GROUP_CONCAT(pf.url) AS files, GROUP_CONCAT(pt.name) AS types
            FROM products p 
            INNER JOIN users u 
            ON u.uid = p.user_uid 
            INNER JOIN product_files pf 
            ON p.uid = pf.product_uid 
            INNER JOIN product_types pt
            ON pf.type = pt.id 
            GROUP BY p.uid
            WHERE p.title LIKE \'%s%\'
            ORDER BY p.id DESC
            LIMIT 0, 10')
 4 APPPATH/Controllers/ProductController.php(42): CodeIgniter\Database\BaseConnection->query('SELECT p.uid, p.slug, p.title, p.description, u.username, GROUP_CONCAT(pf.url) AS files, GROUP_CONCAT(pt.name) AS types
            FROM products p 
            INNER JOIN users u 
            ON u.uid = p.user_uid 
            INNER JOIN product_files pf 
            ON p.uid = pf.product_uid 
            INNER JOIN product_types pt
            ON pf.type = pt.id 
            GROUP BY p.uid
            WHERE p.title LIKE \'%s%\'
            ORDER BY p.id DESC
            LIMIT 0, 10')
 5 SYSTEMPATH/CodeIgniter.php(896): App\Controllers\ProductController->initProducts()
 6 SYSTEMPATH/CodeIgniter.php(466): CodeIgniter\CodeIgniter->runController(Object(App\Controllers\ProductController))
 7 SYSTEMPATH/CodeIgniter.php(349): CodeIgniter\CodeIgniter->handleRequest(null, Object(Config\Cache), false)
 8 FCPATH/index.php(55): CodeIgniter\CodeIgniter->run()
ERROR - 2022-07-03 11:35:22 --> You have an error in your SQL syntax; check the manual that corresponds to your MySQL server version for the right syntax to use near 'WHERE p.title LIKE '%s%'
            ORDER BY p.id DESC
            LIMIT 0, 10' at line 10
CRITICAL - 2022-07-03 11:35:22 --> You have an error in your SQL syntax; check the manual that corresponds to your MySQL server version for the right syntax to use near 'WHERE p.title LIKE '%s%'
            ORDER BY p.id DESC
            LIMIT 0, 10' at line 10
in SYSTEMPATH/Database/MySQLi/Connection.php on line 292.
 1 SYSTEMPATH/Database/MySQLi/Connection.php(292): mysqli->query('SELECT p.uid, p.slug, p.title, p.description, u.username, GROUP_CONCAT(pf.url) AS files, GROUP_CONCAT(pt.name) AS types
            FROM products p 
            INNER JOIN users u 
            ON u.uid = p.user_uid 
            INNER JOIN product_files pf 
            ON p.uid = pf.product_uid 
            INNER JOIN product_types pt
            ON pf.type = pt.id 
            GROUP BY p.uid
            WHERE p.title LIKE \'%s%\'
            ORDER BY p.id DESC
            LIMIT 0, 10', 0)
 2 SYSTEMPATH/Database/BaseConnection.php(695): CodeIgniter\Database\MySQLi\Connection->execute('SELECT p.uid, p.slug, p.title, p.description, u.username, GROUP_CONCAT(pf.url) AS files, GROUP_CONCAT(pt.name) AS types
            FROM products p 
            INNER JOIN users u 
            ON u.uid = p.user_uid 
            INNER JOIN product_files pf 
            ON p.uid = pf.product_uid 
            INNER JOIN product_types pt
            ON pf.type = pt.id 
            GROUP BY p.uid
            WHERE p.title LIKE \'%s%\'
            ORDER BY p.id DESC
            LIMIT 0, 10')
 3 SYSTEMPATH/Database/BaseConnection.php(609): CodeIgniter\Database\BaseConnection->simpleQuery('SELECT p.uid, p.slug, p.title, p.description, u.username, GROUP_CONCAT(pf.url) AS files, GROUP_CONCAT(pt.name) AS types
            FROM products p 
            INNER JOIN users u 
            ON u.uid = p.user_uid 
            INNER JOIN product_files pf 
            ON p.uid = pf.product_uid 
            INNER JOIN product_types pt
            ON pf.type = pt.id 
            GROUP BY p.uid
            WHERE p.title LIKE \'%s%\'
            ORDER BY p.id DESC
            LIMIT 0, 10')
 4 APPPATH/Controllers/ProductController.php(42): CodeIgniter\Database\BaseConnection->query('SELECT p.uid, p.slug, p.title, p.description, u.username, GROUP_CONCAT(pf.url) AS files, GROUP_CONCAT(pt.name) AS types
            FROM products p 
            INNER JOIN users u 
            ON u.uid = p.user_uid 
            INNER JOIN product_files pf 
            ON p.uid = pf.product_uid 
            INNER JOIN product_types pt
            ON pf.type = pt.id 
            GROUP BY p.uid
            WHERE p.title LIKE \'%s%\'
            ORDER BY p.id DESC
            LIMIT 0, 10')
 5 SYSTEMPATH/CodeIgniter.php(896): App\Controllers\ProductController->initProducts()
 6 SYSTEMPATH/CodeIgniter.php(466): CodeIgniter\CodeIgniter->runController(Object(App\Controllers\ProductController))
 7 SYSTEMPATH/CodeIgniter.php(349): CodeIgniter\CodeIgniter->handleRequest(null, Object(Config\Cache), false)
 8 FCPATH/index.php(55): CodeIgniter\CodeIgniter->run()
CRITICAL - 2022-07-03 12:03:23 --> Call to undefined function App\Controllers\strtolowercase()
in APPPATH/Controllers/ProductController.php on line 18.
 1 SYSTEMPATH/CodeIgniter.php(896): App\Controllers\ProductController->initProducts()
 2 SYSTEMPATH/CodeIgniter.php(466): CodeIgniter\CodeIgniter->runController(Object(App\Controllers\ProductController))
 3 SYSTEMPATH/CodeIgniter.php(349): CodeIgniter\CodeIgniter->handleRequest(null, Object(Config\Cache), false)
 4 FCPATH/index.php(55): CodeIgniter\CodeIgniter->run()
ERROR - 2022-07-03 20:24:09 --> Expression #9 of SELECT list is not in GROUP BY clause and contains nonaggregated column 'motorcustombdg.u.id' which is not functionally dependent on columns in GROUP BY clause; this is incompatible with sql_mode=only_full_group_by
CRITICAL - 2022-07-03 20:24:09 --> Expression #9 of SELECT list is not in GROUP BY clause and contains nonaggregated column 'motorcustombdg.u.id' which is not functionally dependent on columns in GROUP BY clause; this is incompatible with sql_mode=only_full_group_by
in SYSTEMPATH/Database/MySQLi/Connection.php on line 292.
 1 SYSTEMPATH/Database/MySQLi/Connection.php(292): mysqli->query('SELECT * FROM products p 
            INNER JOIN users u 
            ON u.uid = p.user_uid INNER JOIN product_files pf ON p.uid = pf.product_uid 
            GROUP BY p.uid', 0)
 2 SYSTEMPATH/Database/BaseConnection.php(695): CodeIgniter\Database\MySQLi\Connection->execute('SELECT * FROM products p 
            INNER JOIN users u 
            ON u.uid = p.user_uid INNER JOIN product_files pf ON p.uid = pf.product_uid 
            GROUP BY p.uid')
 3 SYSTEMPATH/Database/BaseConnection.php(609): CodeIgniter\Database\BaseConnection->simpleQuery('SELECT * FROM products p 
            INNER JOIN users u 
            ON u.uid = p.user_uid INNER JOIN product_files pf ON p.uid = pf.product_uid 
            GROUP BY p.uid')
 4 APPPATH/Controllers/ProductController.php(23): CodeIgniter\Database\BaseConnection->query('SELECT * FROM products p 
            INNER JOIN users u 
            ON u.uid = p.user_uid INNER JOIN product_files pf ON p.uid = pf.product_uid 
            GROUP BY p.uid')
 5 SYSTEMPATH/CodeIgniter.php(896): App\Controllers\ProductController->initProducts()
 6 SYSTEMPATH/CodeIgniter.php(466): CodeIgniter\CodeIgniter->runController(Object(App\Controllers\ProductController))
 7 SYSTEMPATH/CodeIgniter.php(349): CodeIgniter\CodeIgniter->handleRequest(null, Object(Config\Cache), false)
 8 FCPATH/index.php(55): CodeIgniter\CodeIgniter->run()
ERROR - 2022-07-03 20:24:12 --> Expression #9 of SELECT list is not in GROUP BY clause and contains nonaggregated column 'motorcustombdg.u.id' which is not functionally dependent on columns in GROUP BY clause; this is incompatible with sql_mode=only_full_group_by
CRITICAL - 2022-07-03 20:24:12 --> Expression #9 of SELECT list is not in GROUP BY clause and contains nonaggregated column 'motorcustombdg.u.id' which is not functionally dependent on columns in GROUP BY clause; this is incompatible with sql_mode=only_full_group_by
in SYSTEMPATH/Database/MySQLi/Connection.php on line 292.
 1 SYSTEMPATH/Database/MySQLi/Connection.php(292): mysqli->query('SELECT * FROM products p 
            INNER JOIN users u 
            ON u.uid = p.user_uid INNER JOIN product_files pf ON p.uid = pf.product_uid 
            GROUP BY p.uid', 0)
 2 SYSTEMPATH/Database/BaseConnection.php(695): CodeIgniter\Database\MySQLi\Connection->execute('SELECT * FROM products p 
            INNER JOIN users u 
            ON u.uid = p.user_uid INNER JOIN product_files pf ON p.uid = pf.product_uid 
            GROUP BY p.uid')
 3 SYSTEMPATH/Database/BaseConnection.php(609): CodeIgniter\Database\BaseConnection->simpleQuery('SELECT * FROM products p 
            INNER JOIN users u 
            ON u.uid = p.user_uid INNER JOIN product_files pf ON p.uid = pf.product_uid 
            GROUP BY p.uid')
 4 APPPATH/Controllers/ProductController.php(23): CodeIgniter\Database\BaseConnection->query('SELECT * FROM products p 
            INNER JOIN users u 
            ON u.uid = p.user_uid INNER JOIN product_files pf ON p.uid = pf.product_uid 
            GROUP BY p.uid')
 5 SYSTEMPATH/CodeIgniter.php(896): App\Controllers\ProductController->initProducts()
 6 SYSTEMPATH/CodeIgniter.php(466): CodeIgniter\CodeIgniter->runController(Object(App\Controllers\ProductController))
 7 SYSTEMPATH/CodeIgniter.php(349): CodeIgniter\CodeIgniter->handleRequest(null, Object(Config\Cache), false)
 8 FCPATH/index.php(55): CodeIgniter\CodeIgniter->run()
ERROR - 2022-07-03 20:24:14 --> Expression #9 of SELECT list is not in GROUP BY clause and contains nonaggregated column 'motorcustombdg.u.id' which is not functionally dependent on columns in GROUP BY clause; this is incompatible with sql_mode=only_full_group_by
CRITICAL - 2022-07-03 20:24:14 --> Expression #9 of SELECT list is not in GROUP BY clause and contains nonaggregated column 'motorcustombdg.u.id' which is not functionally dependent on columns in GROUP BY clause; this is incompatible with sql_mode=only_full_group_by
in SYSTEMPATH/Database/MySQLi/Connection.php on line 292.
 1 SYSTEMPATH/Database/MySQLi/Connection.php(292): mysqli->query('SELECT * FROM products p 
            INNER JOIN users u 
            ON u.uid = p.user_uid INNER JOIN product_files pf ON p.uid = pf.product_uid 
            GROUP BY p.uid', 0)
 2 SYSTEMPATH/Database/BaseConnection.php(695): CodeIgniter\Database\MySQLi\Connection->execute('SELECT * FROM products p 
            INNER JOIN users u 
            ON u.uid = p.user_uid INNER JOIN product_files pf ON p.uid = pf.product_uid 
            GROUP BY p.uid')
 3 SYSTEMPATH/Database/BaseConnection.php(609): CodeIgniter\Database\BaseConnection->simpleQuery('SELECT * FROM products p 
            INNER JOIN users u 
            ON u.uid = p.user_uid INNER JOIN product_files pf ON p.uid = pf.product_uid 
            GROUP BY p.uid')
 4 APPPATH/Controllers/ProductController.php(23): CodeIgniter\Database\BaseConnection->query('SELECT * FROM products p 
            INNER JOIN users u 
            ON u.uid = p.user_uid INNER JOIN product_files pf ON p.uid = pf.product_uid 
            GROUP BY p.uid')
 5 SYSTEMPATH/CodeIgniter.php(896): App\Controllers\ProductController->initProducts()
 6 SYSTEMPATH/CodeIgniter.php(466): CodeIgniter\CodeIgniter->runController(Object(App\Controllers\ProductController))
 7 SYSTEMPATH/CodeIgniter.php(349): CodeIgniter\CodeIgniter->handleRequest(null, Object(Config\Cache), false)
 8 FCPATH/index.php(55): CodeIgniter\CodeIgniter->run()
ERROR - 2022-07-03 20:24:21 --> Expression #9 of SELECT list is not in GROUP BY clause and contains nonaggregated column 'motorcustombdg.u.id' which is not functionally dependent on columns in GROUP BY clause; this is incompatible with sql_mode=only_full_group_by
CRITICAL - 2022-07-03 20:24:21 --> Expression #9 of SELECT list is not in GROUP BY clause and contains nonaggregated column 'motorcustombdg.u.id' which is not functionally dependent on columns in GROUP BY clause; this is incompatible with sql_mode=only_full_group_by
in SYSTEMPATH/Database/MySQLi/Connection.php on line 292.
 1 SYSTEMPATH/Database/MySQLi/Connection.php(292): mysqli->query('SELECT * FROM products p 
            INNER JOIN users u 
            ON u.uid = p.user_uid INNER JOIN product_files pf ON p.uid = pf.product_uid 
            GROUP BY p.uid', 0)
 2 SYSTEMPATH/Database/BaseConnection.php(695): CodeIgniter\Database\MySQLi\Connection->execute('SELECT * FROM products p 
            INNER JOIN users u 
            ON u.uid = p.user_uid INNER JOIN product_files pf ON p.uid = pf.product_uid 
            GROUP BY p.uid')
 3 SYSTEMPATH/Database/BaseConnection.php(609): CodeIgniter\Database\BaseConnection->simpleQuery('SELECT * FROM products p 
            INNER JOIN users u 
            ON u.uid = p.user_uid INNER JOIN product_files pf ON p.uid = pf.product_uid 
            GROUP BY p.uid')
 4 APPPATH/Controllers/ProductController.php(23): CodeIgniter\Database\BaseConnection->query('SELECT * FROM products p 
            INNER JOIN users u 
            ON u.uid = p.user_uid INNER JOIN product_files pf ON p.uid = pf.product_uid 
            GROUP BY p.uid')
 5 SYSTEMPATH/CodeIgniter.php(896): App\Controllers\ProductController->initProducts()
 6 SYSTEMPATH/CodeIgniter.php(466): CodeIgniter\CodeIgniter->runController(Object(App\Controllers\ProductController))
 7 SYSTEMPATH/CodeIgniter.php(349): CodeIgniter\CodeIgniter->handleRequest(null, Object(Config\Cache), false)
 8 FCPATH/index.php(55): CodeIgniter\CodeIgniter->run()
ERROR - 2022-07-03 20:24:29 --> Expression #9 of SELECT list is not in GROUP BY clause and contains nonaggregated column 'motorcustombdg.u.id' which is not functionally dependent on columns in GROUP BY clause; this is incompatible with sql_mode=only_full_group_by
CRITICAL - 2022-07-03 20:24:29 --> Expression #9 of SELECT list is not in GROUP BY clause and contains nonaggregated column 'motorcustombdg.u.id' which is not functionally dependent on columns in GROUP BY clause; this is incompatible with sql_mode=only_full_group_by
in SYSTEMPATH/Database/MySQLi/Connection.php on line 292.
 1 SYSTEMPATH/Database/MySQLi/Connection.php(292): mysqli->query('SELECT * FROM products p 
            INNER JOIN users u 
            ON u.uid = p.user_uid INNER JOIN product_files pf ON p.uid = pf.product_uid 
            GROUP BY p.uid', 0)
 2 SYSTEMPATH/Database/BaseConnection.php(695): CodeIgniter\Database\MySQLi\Connection->execute('SELECT * FROM products p 
            INNER JOIN users u 
            ON u.uid = p.user_uid INNER JOIN product_files pf ON p.uid = pf.product_uid 
            GROUP BY p.uid')
 3 SYSTEMPATH/Database/BaseConnection.php(609): CodeIgniter\Database\BaseConnection->simpleQuery('SELECT * FROM products p 
            INNER JOIN users u 
            ON u.uid = p.user_uid INNER JOIN product_files pf ON p.uid = pf.product_uid 
            GROUP BY p.uid')
 4 APPPATH/Controllers/ProductController.php(23): CodeIgniter\Database\BaseConnection->query('SELECT * FROM products p 
            INNER JOIN users u 
            ON u.uid = p.user_uid INNER JOIN product_files pf ON p.uid = pf.product_uid 
            GROUP BY p.uid')
 5 SYSTEMPATH/CodeIgniter.php(896): App\Controllers\ProductController->initProducts()
 6 SYSTEMPATH/CodeIgniter.php(466): CodeIgniter\CodeIgniter->runController(Object(App\Controllers\ProductController))
 7 SYSTEMPATH/CodeIgniter.php(349): CodeIgniter\CodeIgniter->handleRequest(null, Object(Config\Cache), false)
 8 FCPATH/index.php(55): CodeIgniter\CodeIgniter->run()
