CRITICAL - 2022-07-02 09:24:20 --> Invalid file: home/indexv2.php
in SYSTEMPATH/Exceptions/FrameworkException.php on line 33.
 1 SYSTEMPATH/View/View.php(201): CodeIgniter\Exceptions\FrameworkException::forInvalidFile('home/indexv2.php')
 2 SYSTEMPATH/Common.php(1135): CodeIgniter\View\View->render('home/indexv2', [], true)
 3 APPPATH/Controllers/Home.php(11): view('home/indexv2')
 4 SYSTEMPATH/CodeIgniter.php(896): App\Controllers\Home->index()
 5 SYSTEMPATH/CodeIgniter.php(466): CodeIgniter\CodeIgniter->runController(Object(App\Controllers\Home))
 6 SYSTEMPATH/CodeIgniter.php(349): CodeIgniter\CodeIgniter->handleRequest(null, Object(Config\Cache), false)
 7 FCPATH/index.php(55): CodeIgniter\CodeIgniter->run()
ERROR - 2022-07-02 09:30:07 --> Expression #9 of SELECT list is not in GROUP BY clause and contains nonaggregated column 'motorcustombdg.u.id' which is not functionally dependent on columns in GROUP BY clause; this is incompatible with sql_mode=only_full_group_by
CRITICAL - 2022-07-02 09:30:07 --> Expression #9 of SELECT list is not in GROUP BY clause and contains nonaggregated column 'motorcustombdg.u.id' which is not functionally dependent on columns in GROUP BY clause; this is incompatible with sql_mode=only_full_group_by
in SYSTEMPATH/Database/MySQLi/Connection.php on line 292.
 1 SYSTEMPATH/Database/MySQLi/Connection.php(292): mysqli->query('SELECT * FROM products p 
            INNER JOIN users u 
            ON u.uid = p.user_uid INNER JOIN product_files pf ON p.uid = pf.product_uid 
            GROUP BY p.uid', 0)
 2 SYSTEMPATH/Database/BaseConnection.php(695): CodeIgniter\Database\MySQLi\Connection->execute('SELECT * FROM products p 
            INNER JOIN users u 
            ON u.uid = p.user_uid INNER JOIN product_files pf ON p.uid = pf.product_uid 
            GROUP BY p.uid')
 3 SYSTEMPATH/Database/BaseConnection.php(609): CodeIgniter\Database\BaseConnection->simpleQuery('SELECT * FROM products p 
            INNER JOIN users u 
            ON u.uid = p.user_uid INNER JOIN product_files pf ON p.uid = pf.product_uid 
            GROUP BY p.uid')
 4 APPPATH/Controllers/ProductController.php(22): CodeIgniter\Database\BaseConnection->query('SELECT * FROM products p 
            INNER JOIN users u 
            ON u.uid = p.user_uid INNER JOIN product_files pf ON p.uid = pf.product_uid 
            GROUP BY p.uid')
 5 SYSTEMPATH/CodeIgniter.php(896): App\Controllers\ProductController->initProducts()
 6 SYSTEMPATH/CodeIgniter.php(466): CodeIgniter\CodeIgniter->runController(Object(App\Controllers\ProductController))
 7 SYSTEMPATH/CodeIgniter.php(349): CodeIgniter\CodeIgniter->handleRequest(null, Object(Config\Cache), false)
 8 FCPATH/index.php(55): CodeIgniter\CodeIgniter->run()
ERROR - 2022-07-02 09:33:38 --> Expression #9 of SELECT list is not in GROUP BY clause and contains nonaggregated column 'motorcustombdg.u.id' which is not functionally dependent on columns in GROUP BY clause; this is incompatible with sql_mode=only_full_group_by
CRITICAL - 2022-07-02 09:33:38 --> Expression #9 of SELECT list is not in GROUP BY clause and contains nonaggregated column 'motorcustombdg.u.id' which is not functionally dependent on columns in GROUP BY clause; this is incompatible with sql_mode=only_full_group_by
in SYSTEMPATH/Database/MySQLi/Connection.php on line 292.
 1 SYSTEMPATH/Database/MySQLi/Connection.php(292): mysqli->query('SELECT * FROM products p 
            INNER JOIN users u 
            ON u.uid = p.user_uid INNER JOIN product_files pf ON p.uid = pf.product_uid 
            GROUP BY p.uid', 0)
 2 SYSTEMPATH/Database/BaseConnection.php(695): CodeIgniter\Database\MySQLi\Connection->execute('SELECT * FROM products p 
            INNER JOIN users u 
            ON u.uid = p.user_uid INNER JOIN product_files pf ON p.uid = pf.product_uid 
            GROUP BY p.uid')
 3 SYSTEMPATH/Database/BaseConnection.php(609): CodeIgniter\Database\BaseConnection->simpleQuery('SELECT * FROM products p 
            INNER JOIN users u 
            ON u.uid = p.user_uid INNER JOIN product_files pf ON p.uid = pf.product_uid 
            GROUP BY p.uid')
 4 APPPATH/Controllers/ProductController.php(22): CodeIgniter\Database\BaseConnection->query('SELECT * FROM products p 
            INNER JOIN users u 
            ON u.uid = p.user_uid INNER JOIN product_files pf ON p.uid = pf.product_uid 
            GROUP BY p.uid')
 5 SYSTEMPATH/CodeIgniter.php(896): App\Controllers\ProductController->initProducts()
 6 SYSTEMPATH/CodeIgniter.php(466): CodeIgniter\CodeIgniter->runController(Object(App\Controllers\ProductController))
 7 SYSTEMPATH/CodeIgniter.php(349): CodeIgniter\CodeIgniter->handleRequest(null, Object(Config\Cache), false)
 8 FCPATH/index.php(55): CodeIgniter\CodeIgniter->run()
ERROR - 2022-07-02 09:33:42 --> Expression #9 of SELECT list is not in GROUP BY clause and contains nonaggregated column 'motorcustombdg.u.id' which is not functionally dependent on columns in GROUP BY clause; this is incompatible with sql_mode=only_full_group_by
CRITICAL - 2022-07-02 09:33:42 --> Expression #9 of SELECT list is not in GROUP BY clause and contains nonaggregated column 'motorcustombdg.u.id' which is not functionally dependent on columns in GROUP BY clause; this is incompatible with sql_mode=only_full_group_by
in SYSTEMPATH/Database/MySQLi/Connection.php on line 292.
 1 SYSTEMPATH/Database/MySQLi/Connection.php(292): mysqli->query('SELECT * FROM products p 
            INNER JOIN users u 
            ON u.uid = p.user_uid INNER JOIN product_files pf ON p.uid = pf.product_uid 
            GROUP BY p.uid', 0)
 2 SYSTEMPATH/Database/BaseConnection.php(695): CodeIgniter\Database\MySQLi\Connection->execute('SELECT * FROM products p 
            INNER JOIN users u 
            ON u.uid = p.user_uid INNER JOIN product_files pf ON p.uid = pf.product_uid 
            GROUP BY p.uid')
 3 SYSTEMPATH/Database/BaseConnection.php(609): CodeIgniter\Database\BaseConnection->simpleQuery('SELECT * FROM products p 
            INNER JOIN users u 
            ON u.uid = p.user_uid INNER JOIN product_files pf ON p.uid = pf.product_uid 
            GROUP BY p.uid')
 4 APPPATH/Controllers/ProductController.php(22): CodeIgniter\Database\BaseConnection->query('SELECT * FROM products p 
            INNER JOIN users u 
            ON u.uid = p.user_uid INNER JOIN product_files pf ON p.uid = pf.product_uid 
            GROUP BY p.uid')
 5 SYSTEMPATH/CodeIgniter.php(896): App\Controllers\ProductController->initProducts()
 6 SYSTEMPATH/CodeIgniter.php(466): CodeIgniter\CodeIgniter->runController(Object(App\Controllers\ProductController))
 7 SYSTEMPATH/CodeIgniter.php(349): CodeIgniter\CodeIgniter->handleRequest(null, Object(Config\Cache), false)
 8 FCPATH/index.php(55): CodeIgniter\CodeIgniter->run()
ERROR - 2022-07-02 09:34:04 --> Expression #9 of SELECT list is not in GROUP BY clause and contains nonaggregated column 'motorcustombdg.u.id' which is not functionally dependent on columns in GROUP BY clause; this is incompatible with sql_mode=only_full_group_by
CRITICAL - 2022-07-02 09:34:04 --> Expression #9 of SELECT list is not in GROUP BY clause and contains nonaggregated column 'motorcustombdg.u.id' which is not functionally dependent on columns in GROUP BY clause; this is incompatible with sql_mode=only_full_group_by
in SYSTEMPATH/Database/MySQLi/Connection.php on line 292.
 1 SYSTEMPATH/Database/MySQLi/Connection.php(292): mysqli->query('SELECT * FROM products p 
            INNER JOIN users u 
            ON u.uid = p.user_uid INNER JOIN product_files pf ON p.uid = pf.product_uid 
            GROUP BY p.uid', 0)
 2 SYSTEMPATH/Database/BaseConnection.php(695): CodeIgniter\Database\MySQLi\Connection->execute('SELECT * FROM products p 
            INNER JOIN users u 
            ON u.uid = p.user_uid INNER JOIN product_files pf ON p.uid = pf.product_uid 
            GROUP BY p.uid')
 3 SYSTEMPATH/Database/BaseConnection.php(609): CodeIgniter\Database\BaseConnection->simpleQuery('SELECT * FROM products p 
            INNER JOIN users u 
            ON u.uid = p.user_uid INNER JOIN product_files pf ON p.uid = pf.product_uid 
            GROUP BY p.uid')
 4 APPPATH/Controllers/ProductController.php(22): CodeIgniter\Database\BaseConnection->query('SELECT * FROM products p 
            INNER JOIN users u 
            ON u.uid = p.user_uid INNER JOIN product_files pf ON p.uid = pf.product_uid 
            GROUP BY p.uid')
 5 SYSTEMPATH/CodeIgniter.php(896): App\Controllers\ProductController->initProducts()
 6 SYSTEMPATH/CodeIgniter.php(466): CodeIgniter\CodeIgniter->runController(Object(App\Controllers\ProductController))
 7 SYSTEMPATH/CodeIgniter.php(349): CodeIgniter\CodeIgniter->handleRequest(null, Object(Config\Cache), false)
 8 FCPATH/index.php(55): CodeIgniter\CodeIgniter->run()
ERROR - 2022-07-02 09:34:07 --> Expression #9 of SELECT list is not in GROUP BY clause and contains nonaggregated column 'motorcustombdg.u.id' which is not functionally dependent on columns in GROUP BY clause; this is incompatible with sql_mode=only_full_group_by
CRITICAL - 2022-07-02 09:34:07 --> Expression #9 of SELECT list is not in GROUP BY clause and contains nonaggregated column 'motorcustombdg.u.id' which is not functionally dependent on columns in GROUP BY clause; this is incompatible with sql_mode=only_full_group_by
in SYSTEMPATH/Database/MySQLi/Connection.php on line 292.
 1 SYSTEMPATH/Database/MySQLi/Connection.php(292): mysqli->query('SELECT * FROM products p 
            INNER JOIN users u 
            ON u.uid = p.user_uid INNER JOIN product_files pf ON p.uid = pf.product_uid 
            GROUP BY p.uid', 0)
 2 SYSTEMPATH/Database/BaseConnection.php(695): CodeIgniter\Database\MySQLi\Connection->execute('SELECT * FROM products p 
            INNER JOIN users u 
            ON u.uid = p.user_uid INNER JOIN product_files pf ON p.uid = pf.product_uid 
            GROUP BY p.uid')
 3 SYSTEMPATH/Database/BaseConnection.php(609): CodeIgniter\Database\BaseConnection->simpleQuery('SELECT * FROM products p 
            INNER JOIN users u 
            ON u.uid = p.user_uid INNER JOIN product_files pf ON p.uid = pf.product_uid 
            GROUP BY p.uid')
 4 APPPATH/Controllers/ProductController.php(22): CodeIgniter\Database\BaseConnection->query('SELECT * FROM products p 
            INNER JOIN users u 
            ON u.uid = p.user_uid INNER JOIN product_files pf ON p.uid = pf.product_uid 
            GROUP BY p.uid')
 5 SYSTEMPATH/CodeIgniter.php(896): App\Controllers\ProductController->initProducts()
 6 SYSTEMPATH/CodeIgniter.php(466): CodeIgniter\CodeIgniter->runController(Object(App\Controllers\ProductController))
 7 SYSTEMPATH/CodeIgniter.php(349): CodeIgniter\CodeIgniter->handleRequest(null, Object(Config\Cache), false)
 8 FCPATH/index.php(55): CodeIgniter\CodeIgniter->run()
ERROR - 2022-07-02 09:34:08 --> Expression #9 of SELECT list is not in GROUP BY clause and contains nonaggregated column 'motorcustombdg.u.id' which is not functionally dependent on columns in GROUP BY clause; this is incompatible with sql_mode=only_full_group_by
CRITICAL - 2022-07-02 09:34:08 --> Expression #9 of SELECT list is not in GROUP BY clause and contains nonaggregated column 'motorcustombdg.u.id' which is not functionally dependent on columns in GROUP BY clause; this is incompatible with sql_mode=only_full_group_by
in SYSTEMPATH/Database/MySQLi/Connection.php on line 292.
 1 SYSTEMPATH/Database/MySQLi/Connection.php(292): mysqli->query('SELECT * FROM products p 
            INNER JOIN users u 
            ON u.uid = p.user_uid INNER JOIN product_files pf ON p.uid = pf.product_uid 
            GROUP BY p.uid', 0)
 2 SYSTEMPATH/Database/BaseConnection.php(695): CodeIgniter\Database\MySQLi\Connection->execute('SELECT * FROM products p 
            INNER JOIN users u 
            ON u.uid = p.user_uid INNER JOIN product_files pf ON p.uid = pf.product_uid 
            GROUP BY p.uid')
 3 SYSTEMPATH/Database/BaseConnection.php(609): CodeIgniter\Database\BaseConnection->simpleQuery('SELECT * FROM products p 
            INNER JOIN users u 
            ON u.uid = p.user_uid INNER JOIN product_files pf ON p.uid = pf.product_uid 
            GROUP BY p.uid')
 4 APPPATH/Controllers/ProductController.php(22): CodeIgniter\Database\BaseConnection->query('SELECT * FROM products p 
            INNER JOIN users u 
            ON u.uid = p.user_uid INNER JOIN product_files pf ON p.uid = pf.product_uid 
            GROUP BY p.uid')
 5 SYSTEMPATH/CodeIgniter.php(896): App\Controllers\ProductController->initProducts()
 6 SYSTEMPATH/CodeIgniter.php(466): CodeIgniter\CodeIgniter->runController(Object(App\Controllers\ProductController))
 7 SYSTEMPATH/CodeIgniter.php(349): CodeIgniter\CodeIgniter->handleRequest(null, Object(Config\Cache), false)
 8 FCPATH/index.php(55): CodeIgniter\CodeIgniter->run()
CRITICAL - 2022-07-02 20:46:38 --> Invalid file: products/detailv2.php
in SYSTEMPATH/Exceptions/FrameworkException.php on line 33.
 1 SYSTEMPATH/View/View.php(201): CodeIgniter\Exceptions\FrameworkException::forInvalidFile('products/detailv2.php')
 2 SYSTEMPATH/Common.php(1135): CodeIgniter\View\View->render('products/detailv2', [], true)
 3 APPPATH/Controllers/ProductController.php(121): view('products/detailv2')
 4 SYSTEMPATH/CodeIgniter.php(896): App\Controllers\ProductController->detail('judul-pertama')
 5 SYSTEMPATH/CodeIgniter.php(466): CodeIgniter\CodeIgniter->runController(Object(App\Controllers\ProductController))
 6 SYSTEMPATH/CodeIgniter.php(349): CodeIgniter\CodeIgniter->handleRequest(null, Object(Config\Cache), false)
 7 FCPATH/index.php(55): CodeIgniter\CodeIgniter->run()
CRITICAL - 2022-07-02 20:50:22 --> Trying to get property 'url' of non-object
in APPPATH/Views/products/detail.php on line 27.
 1 APPPATH/Views/products/detail.php(27): CodeIgniter\Debug\Exceptions->errorHandler(8, 'Trying to get property \'url\' of non-object', 'APPPATH/Views/products/detail.php', 27, [...])
 2 SYSTEMPATH/View/View.php(213): include('APPPATH/Views/products/detail.php')
 3 SYSTEMPATH/View/View.php(216): CodeIgniter\View\View->CodeIgniter\View\{closure}()
 4 SYSTEMPATH/Common.php(1135): CodeIgniter\View\View->render('products/detail', [], true)
 5 APPPATH/Controllers/ProductController.php(120): view('products/detail', [...])
 6 SYSTEMPATH/CodeIgniter.php(896): App\Controllers\ProductController->detail('judul-pertama')
 7 SYSTEMPATH/CodeIgniter.php(466): CodeIgniter\CodeIgniter->runController(Object(App\Controllers\ProductController))
 8 SYSTEMPATH/CodeIgniter.php(349): CodeIgniter\CodeIgniter->handleRequest(null, Object(Config\Cache), false)
 9 FCPATH/index.php(55): CodeIgniter\CodeIgniter->run()
CRITICAL - 2022-07-02 21:02:53 --> Undefined variable: fullname
in APPPATH/Views/products/detail.php on line 48.
 1 APPPATH/Views/products/detail.php(48): CodeIgniter\Debug\Exceptions->errorHandler(8, 'Undefined variable: fullname', 'APPPATH/Views/products/detail.php', 48, [...])
 2 SYSTEMPATH/View/View.php(213): include('APPPATH/Views/products/detail.php')
 3 SYSTEMPATH/View/View.php(216): CodeIgniter\View\View->CodeIgniter\View\{closure}()
 4 SYSTEMPATH/Common.php(1135): CodeIgniter\View\View->render('products/detail', [], true)
 5 APPPATH/Controllers/ProductController.php(122): view('products/detail', [...])
 6 SYSTEMPATH/CodeIgniter.php(896): App\Controllers\ProductController->detail('judul-pertama')
 7 SYSTEMPATH/CodeIgniter.php(466): CodeIgniter\CodeIgniter->runController(Object(App\Controllers\ProductController))
 8 SYSTEMPATH/CodeIgniter.php(349): CodeIgniter\CodeIgniter->handleRequest(null, Object(Config\Cache), false)
 9 FCPATH/index.php(55): CodeIgniter\CodeIgniter->run()
CRITICAL - 2022-07-02 21:35:36 --> Undefined variable: file
in APPPATH/Views/products/detail.php on line 26.
 1 APPPATH/Views/products/detail.php(26): CodeIgniter\Debug\Exceptions->errorHandler(8, 'Undefined variable: file', 'APPPATH/Views/products/detail.php', 26, [...])
 2 SYSTEMPATH/View/View.php(213): include('APPPATH/Views/products/detail.php')
 3 SYSTEMPATH/View/View.php(216): CodeIgniter\View\View->CodeIgniter\View\{closure}()
 4 SYSTEMPATH/Common.php(1135): CodeIgniter\View\View->render('products/detail', [], true)
 5 APPPATH/Controllers/ProductController.php(122): view('products/detail', [...])
 6 SYSTEMPATH/CodeIgniter.php(896): App\Controllers\ProductController->detail('judul-pertama')
 7 SYSTEMPATH/CodeIgniter.php(466): CodeIgniter\CodeIgniter->runController(Object(App\Controllers\ProductController))
 8 SYSTEMPATH/CodeIgniter.php(349): CodeIgniter\CodeIgniter->handleRequest(null, Object(Config\Cache), false)
 9 FCPATH/index.php(55): CodeIgniter\CodeIgniter->run()
CRITICAL - 2022-07-02 21:35:36 --> Undefined variable: file
in APPPATH/Views/products/detail.php on line 26.
 1 APPPATH/Views/products/detail.php(26): CodeIgniter\Debug\Exceptions->errorHandler(8, 'Undefined variable: file', 'APPPATH/Views/products/detail.php', 26, [...])
 2 SYSTEMPATH/View/View.php(213): include('APPPATH/Views/products/detail.php')
 3 SYSTEMPATH/View/View.php(216): CodeIgniter\View\View->CodeIgniter\View\{closure}()
 4 SYSTEMPATH/Common.php(1135): CodeIgniter\View\View->render('products/detail', [], true)
 5 APPPATH/Controllers/ProductController.php(122): view('products/detail', [...])
 6 SYSTEMPATH/CodeIgniter.php(896): App\Controllers\ProductController->detail('judul-pertama')
 7 SYSTEMPATH/CodeIgniter.php(466): CodeIgniter\CodeIgniter->runController(Object(App\Controllers\ProductController))
 8 SYSTEMPATH/CodeIgniter.php(349): CodeIgniter\CodeIgniter->handleRequest(null, Object(Config\Cache), false)
 9 FCPATH/index.php(55): CodeIgniter\CodeIgniter->run()
CRITICAL - 2022-07-02 21:35:37 --> Undefined variable: file
in APPPATH/Views/products/detail.php on line 26.
 1 APPPATH/Views/products/detail.php(26): CodeIgniter\Debug\Exceptions->errorHandler(8, 'Undefined variable: file', 'APPPATH/Views/products/detail.php', 26, [...])
 2 SYSTEMPATH/View/View.php(213): include('APPPATH/Views/products/detail.php')
 3 SYSTEMPATH/View/View.php(216): CodeIgniter\View\View->CodeIgniter\View\{closure}()
 4 SYSTEMPATH/Common.php(1135): CodeIgniter\View\View->render('products/detail', [], true)
 5 APPPATH/Controllers/ProductController.php(122): view('products/detail', [...])
 6 SYSTEMPATH/CodeIgniter.php(896): App\Controllers\ProductController->detail('judul-pertama')
 7 SYSTEMPATH/CodeIgniter.php(466): CodeIgniter\CodeIgniter->runController(Object(App\Controllers\ProductController))
 8 SYSTEMPATH/CodeIgniter.php(349): CodeIgniter\CodeIgniter->handleRequest(null, Object(Config\Cache), false)
 9 FCPATH/index.php(55): CodeIgniter\CodeIgniter->run()
CRITICAL - 2022-07-02 21:42:44 --> Array to string conversion
in APPPATH/Views/layouts/nav.php on line 17.
 1 APPPATH/Views/layouts/nav.php(17): CodeIgniter\Debug\Exceptions->errorHandler(8, 'Array to string conversion', 'APPPATH/Views/layouts/nav.php', 17, [...])
 2 SYSTEMPATH/View/View.php(213): include('APPPATH/Views/layouts/nav.php')
 3 SYSTEMPATH/View/View.php(216): CodeIgniter\View\View->CodeIgniter\View\{closure}()
 4 SYSTEMPATH/Common.php(1135): CodeIgniter\View\View->render('layouts/nav', [], true)
 5 APPPATH/Views/products/detail.php(19): view('layouts/nav')
 6 SYSTEMPATH/View/View.php(213): include('APPPATH/Views/products/detail.php')
 7 SYSTEMPATH/View/View.php(216): CodeIgniter\View\View->CodeIgniter\View\{closure}()
 8 SYSTEMPATH/Common.php(1135): CodeIgniter\View\View->render('products/detail', [], true)
 9 APPPATH/Controllers/ProductController.php(122): view('products/detail', [...])
10 SYSTEMPATH/CodeIgniter.php(896): App\Controllers\ProductController->detail('judul-pertama')
11 SYSTEMPATH/CodeIgniter.php(466): CodeIgniter\CodeIgniter->runController(Object(App\Controllers\ProductController))
12 SYSTEMPATH/CodeIgniter.php(349): CodeIgniter\CodeIgniter->handleRequest(null, Object(Config\Cache), false)
13 FCPATH/index.php(55): CodeIgniter\CodeIgniter->run()
CRITICAL - 2022-07-02 21:42:46 --> Array to string conversion
in APPPATH/Views/layouts/nav.php on line 17.
 1 APPPATH/Views/layouts/nav.php(17): CodeIgniter\Debug\Exceptions->errorHandler(8, 'Array to string conversion', 'APPPATH/Views/layouts/nav.php', 17, [...])
 2 SYSTEMPATH/View/View.php(213): include('APPPATH/Views/layouts/nav.php')
 3 SYSTEMPATH/View/View.php(216): CodeIgniter\View\View->CodeIgniter\View\{closure}()
 4 SYSTEMPATH/Common.php(1135): CodeIgniter\View\View->render('layouts/nav', [], true)
 5 APPPATH/Views/products/detail.php(19): view('layouts/nav')
 6 SYSTEMPATH/View/View.php(213): include('APPPATH/Views/products/detail.php')
 7 SYSTEMPATH/View/View.php(216): CodeIgniter\View\View->CodeIgniter\View\{closure}()
 8 SYSTEMPATH/Common.php(1135): CodeIgniter\View\View->render('products/detail', [], true)
 9 APPPATH/Controllers/ProductController.php(122): view('products/detail', [...])
10 SYSTEMPATH/CodeIgniter.php(896): App\Controllers\ProductController->detail('judul-pertama')
11 SYSTEMPATH/CodeIgniter.php(466): CodeIgniter\CodeIgniter->runController(Object(App\Controllers\ProductController))
12 SYSTEMPATH/CodeIgniter.php(349): CodeIgniter\CodeIgniter->handleRequest(null, Object(Config\Cache), false)
13 FCPATH/index.php(55): CodeIgniter\CodeIgniter->run()
CRITICAL - 2022-07-02 21:45:08 --> Invalid file: layouts/f.php
in SYSTEMPATH/Exceptions/FrameworkException.php on line 33.
 1 SYSTEMPATH/View/View.php(201): CodeIgniter\Exceptions\FrameworkException::forInvalidFile('layouts/f.php')
 2 SYSTEMPATH/Common.php(1135): CodeIgniter\View\View->render('layouts/f', [], true)
 3 APPPATH/Views/products/detail.php(90): view('layouts/f')
 4 SYSTEMPATH/View/View.php(213): include('APPPATH/Views/products/detail.php')
 5 SYSTEMPATH/View/View.php(216): CodeIgniter\View\View->CodeIgniter\View\{closure}()
 6 SYSTEMPATH/Common.php(1135): CodeIgniter\View\View->render('products/detail', [], true)
 7 APPPATH/Controllers/ProductController.php(122): view('products/detail', [...])
 8 SYSTEMPATH/CodeIgniter.php(896): App\Controllers\ProductController->detail('judul-pertama')
 9 SYSTEMPATH/CodeIgniter.php(466): CodeIgniter\CodeIgniter->runController(Object(App\Controllers\ProductController))
10 SYSTEMPATH/CodeIgniter.php(349): CodeIgniter\CodeIgniter->handleRequest(null, Object(Config\Cache), false)
11 FCPATH/index.php(55): CodeIgniter\CodeIgniter->run()
