ERROR - 2022-07-11 05:56:07 --> Expression #5 of SELECT list is not in GROUP BY clause and contains nonaggregated column 'motorcustombdg.u.username' which is not functionally dependent on columns in GROUP BY clause; this is incompatible with sql_mode=only_full_group_by
CRITICAL - 2022-07-11 05:56:07 --> Expression #5 of SELECT list is not in GROUP BY clause and contains nonaggregated column 'motorcustombdg.u.username' which is not functionally dependent on columns in GROUP BY clause; this is incompatible with sql_mode=only_full_group_by
in SYSTEMPATH/Database/MySQLi/Connection.php on line 292.
 1 SYSTEMPATH/Database/MySQLi/Connection.php(292): mysqli->query('SELECT p.uid, p.slug, p.title, p.description, u.username, GROUP_CONCAT(pf.url) AS files, GROUP_CONCAT(pt.name) AS types
            FROM products p 
            INNER JOIN users u 
            ON u.uid = p.user_uid 
            INNER JOIN product_files pf 
            ON p.uid = pf.product_uid 
            INNER JOIN product_types pt
            ON pf.type = pt.id 
            WHERE p.title LIKE \'%%\'
            GROUP BY p.uid
            ORDER BY p.id DESC
            LIMIT 0, 10', 0)
 2 SYSTEMPATH/Database/BaseConnection.php(695): CodeIgniter\Database\MySQLi\Connection->execute('SELECT p.uid, p.slug, p.title, p.description, u.username, GROUP_CONCAT(pf.url) AS files, GROUP_CONCAT(pt.name) AS types
            FROM products p 
            INNER JOIN users u 
            ON u.uid = p.user_uid 
            INNER JOIN product_files pf 
            ON p.uid = pf.product_uid 
            INNER JOIN product_types pt
            ON pf.type = pt.id 
            WHERE p.title LIKE \'%%\'
            GROUP BY p.uid
            ORDER BY p.id DESC
            LIMIT 0, 10')
 3 SYSTEMPATH/Database/BaseConnection.php(609): CodeIgniter\Database\BaseConnection->simpleQuery('SELECT p.uid, p.slug, p.title, p.description, u.username, GROUP_CONCAT(pf.url) AS files, GROUP_CONCAT(pt.name) AS types
            FROM products p 
            INNER JOIN users u 
            ON u.uid = p.user_uid 
            INNER JOIN product_files pf 
            ON p.uid = pf.product_uid 
            INNER JOIN product_types pt
            ON pf.type = pt.id 
            WHERE p.title LIKE \'%%\'
            GROUP BY p.uid
            ORDER BY p.id DESC
            LIMIT 0, 10')
 4 APPPATH/Controllers/ProductController.php(39): CodeIgniter\Database\BaseConnection->query('SELECT p.uid, p.slug, p.title, p.description, u.username, GROUP_CONCAT(pf.url) AS files, GROUP_CONCAT(pt.name) AS types
            FROM products p 
            INNER JOIN users u 
            ON u.uid = p.user_uid 
            INNER JOIN product_files pf 
            ON p.uid = pf.product_uid 
            INNER JOIN product_types pt
            ON pf.type = pt.id 
            WHERE p.title LIKE \'%%\'
            GROUP BY p.uid
            ORDER BY p.id DESC
            LIMIT 0, 10')
 5 SYSTEMPATH/CodeIgniter.php(896): App\Controllers\ProductController->initProducts()
 6 SYSTEMPATH/CodeIgniter.php(466): CodeIgniter\CodeIgniter->runController(Object(App\Controllers\ProductController))
 7 SYSTEMPATH/CodeIgniter.php(349): CodeIgniter\CodeIgniter->handleRequest(null, Object(Config\Cache), false)
 8 FCPATH/index.php(55): CodeIgniter\CodeIgniter->run()
ERROR - 2022-07-11 06:27:06 --> Expression #5 of SELECT list is not in GROUP BY clause and contains nonaggregated column 'motorcustombdg.u.username' which is not functionally dependent on columns in GROUP BY clause; this is incompatible with sql_mode=only_full_group_by
CRITICAL - 2022-07-11 06:27:06 --> Expression #5 of SELECT list is not in GROUP BY clause and contains nonaggregated column 'motorcustombdg.u.username' which is not functionally dependent on columns in GROUP BY clause; this is incompatible with sql_mode=only_full_group_by
in SYSTEMPATH/Database/MySQLi/Connection.php on line 292.
 1 SYSTEMPATH/Database/MySQLi/Connection.php(292): mysqli->query('SELECT p.uid, p.slug, p.title, p.description, u.username, GROUP_CONCAT(pf.url) AS files, GROUP_CONCAT(pt.name) AS types
            FROM products p 
            INNER JOIN users u 
            ON u.uid = p.user_uid 
            INNER JOIN product_files pf 
            ON p.uid = pf.product_uid 
            INNER JOIN product_types pt
            ON pf.type = pt.id 
            WHERE p.title LIKE \'%%\'
            GROUP BY p.uid
            ORDER BY p.id DESC
            LIMIT 0, 10', 0)
 2 SYSTEMPATH/Database/BaseConnection.php(695): CodeIgniter\Database\MySQLi\Connection->execute('SELECT p.uid, p.slug, p.title, p.description, u.username, GROUP_CONCAT(pf.url) AS files, GROUP_CONCAT(pt.name) AS types
            FROM products p 
            INNER JOIN users u 
            ON u.uid = p.user_uid 
            INNER JOIN product_files pf 
            ON p.uid = pf.product_uid 
            INNER JOIN product_types pt
            ON pf.type = pt.id 
            WHERE p.title LIKE \'%%\'
            GROUP BY p.uid
            ORDER BY p.id DESC
            LIMIT 0, 10')
 3 SYSTEMPATH/Database/BaseConnection.php(609): CodeIgniter\Database\BaseConnection->simpleQuery('SELECT p.uid, p.slug, p.title, p.description, u.username, GROUP_CONCAT(pf.url) AS files, GROUP_CONCAT(pt.name) AS types
            FROM products p 
            INNER JOIN users u 
            ON u.uid = p.user_uid 
            INNER JOIN product_files pf 
            ON p.uid = pf.product_uid 
            INNER JOIN product_types pt
            ON pf.type = pt.id 
            WHERE p.title LIKE \'%%\'
            GROUP BY p.uid
            ORDER BY p.id DESC
            LIMIT 0, 10')
 4 APPPATH/Controllers/ProductController.php(39): CodeIgniter\Database\BaseConnection->query('SELECT p.uid, p.slug, p.title, p.description, u.username, GROUP_CONCAT(pf.url) AS files, GROUP_CONCAT(pt.name) AS types
            FROM products p 
            INNER JOIN users u 
            ON u.uid = p.user_uid 
            INNER JOIN product_files pf 
            ON p.uid = pf.product_uid 
            INNER JOIN product_types pt
            ON pf.type = pt.id 
            WHERE p.title LIKE \'%%\'
            GROUP BY p.uid
            ORDER BY p.id DESC
            LIMIT 0, 10')
 5 SYSTEMPATH/CodeIgniter.php(896): App\Controllers\ProductController->initProducts()
 6 SYSTEMPATH/CodeIgniter.php(466): CodeIgniter\CodeIgniter->runController(Object(App\Controllers\ProductController))
 7 SYSTEMPATH/CodeIgniter.php(349): CodeIgniter\CodeIgniter->handleRequest(null, Object(Config\Cache), false)
 8 FCPATH/index.php(55): CodeIgniter\CodeIgniter->run()
