CRITICAL - 2022-06-22 07:12:08 --> syntax error, unexpected 'try' (T_TRY)
in APPPATH/Controllers/Admin/AdminController.php on line 41.
 1 SYSTEMPATH/Autoloader/Autoloader.php(261): CodeIgniter\Autoloader\Autoloader->includeFile('APPPATH/Controllers/Admin/AdminController.php')
 2 SYSTEMPATH/Autoloader/Autoloader.php(239): CodeIgniter\Autoloader\Autoloader->loadInNamespace('App\\Controllers\\Admin\\AdminController')
 3 [internal function]: CodeIgniter\Autoloader\Autoloader->loadClass('App\\Controllers\\Admin\\AdminController')
 4 [internal function]: spl_autoload_call('App\\Controllers\\Admin\\AdminController')
 5 SYSTEMPATH/CodeIgniter.php(846): class_exists('\\App\\Controllers\\Admin\\AdminController', true)
 6 SYSTEMPATH/CodeIgniter.php(453): CodeIgniter\CodeIgniter->startController()
 7 SYSTEMPATH/CodeIgniter.php(349): CodeIgniter\CodeIgniter->handleRequest(null, Object(Config\Cache), false)
 8 FCPATH/index.php(55): CodeIgniter\CodeIgniter->run()
CRITICAL - 2022-06-22 07:56:40 --> Undefined variable: session
in APPPATH/Views/admin/layouts/aside.php on line 13.
 1 APPPATH/Views/admin/layouts/aside.php(13): CodeIgniter\Debug\Exceptions->errorHandler(8, 'Undefined variable: session', 'APPPATH/Views/admin/layouts/aside.php', 13, [])
 2 SYSTEMPATH/View/View.php(213): include('APPPATH/Views/admin/layouts/aside.php')
 3 SYSTEMPATH/View/View.php(216): CodeIgniter\View\View->CodeIgniter\View\{closure}()
 4 SYSTEMPATH/Common.php(1135): CodeIgniter\View\View->render('admin/layouts/aside', [], true)
 5 APPPATH/Views/admin/index.php(35): view('admin/layouts/aside')
 6 SYSTEMPATH/View/View.php(213): include('APPPATH/Views/admin/index.php')
 7 SYSTEMPATH/View/View.php(216): CodeIgniter\View\View->CodeIgniter\View\{closure}()
 8 SYSTEMPATH/Common.php(1135): CodeIgniter\View\View->render('admin/index', [], true)
 9 APPPATH/Controllers/Admin/AdminController.php(16): view('admin/index')
10 SYSTEMPATH/CodeIgniter.php(896): App\Controllers\Admin\AdminController->index()
11 SYSTEMPATH/CodeIgniter.php(466): CodeIgniter\CodeIgniter->runController(Object(App\Controllers\Admin\AdminController))
12 SYSTEMPATH/CodeIgniter.php(349): CodeIgniter\CodeIgniter->handleRequest(null, Object(Config\Cache), false)
13 FCPATH/index.php(55): CodeIgniter\CodeIgniter->run()
CRITICAL - 2022-06-22 07:57:14 --> Undefined variable: session
in APPPATH/Views/admin/layouts/aside.php on line 13.
 1 APPPATH/Views/admin/layouts/aside.php(13): CodeIgniter\Debug\Exceptions->errorHandler(8, 'Undefined variable: session', 'APPPATH/Views/admin/layouts/aside.php', 13, [])
 2 SYSTEMPATH/View/View.php(213): include('APPPATH/Views/admin/layouts/aside.php')
 3 SYSTEMPATH/View/View.php(216): CodeIgniter\View\View->CodeIgniter\View\{closure}()
 4 SYSTEMPATH/Common.php(1135): CodeIgniter\View\View->render('admin/layouts/aside', [], true)
 5 APPPATH/Views/admin/index.php(35): view('admin/layouts/aside')
 6 SYSTEMPATH/View/View.php(213): include('APPPATH/Views/admin/index.php')
 7 SYSTEMPATH/View/View.php(216): CodeIgniter\View\View->CodeIgniter\View\{closure}()
 8 SYSTEMPATH/Common.php(1135): CodeIgniter\View\View->render('admin/index', [], true)
 9 APPPATH/Controllers/Admin/AdminController.php(16): view('admin/index')
10 SYSTEMPATH/CodeIgniter.php(896): App\Controllers\Admin\AdminController->index()
11 SYSTEMPATH/CodeIgniter.php(466): CodeIgniter\CodeIgniter->runController(Object(App\Controllers\Admin\AdminController))
12 SYSTEMPATH/CodeIgniter.php(349): CodeIgniter\CodeIgniter->handleRequest(null, Object(Config\Cache), false)
13 FCPATH/index.php(55): CodeIgniter\CodeIgniter->run()
CRITICAL - 2022-06-22 07:57:34 --> Undefined variable: session
in APPPATH/Views/admin/layouts/aside.php on line 13.
 1 APPPATH/Views/admin/layouts/aside.php(13): CodeIgniter\Debug\Exceptions->errorHandler(8, 'Undefined variable: session', 'APPPATH/Views/admin/layouts/aside.php', 13, [])
 2 SYSTEMPATH/View/View.php(213): include('APPPATH/Views/admin/layouts/aside.php')
 3 SYSTEMPATH/View/View.php(216): CodeIgniter\View\View->CodeIgniter\View\{closure}()
 4 SYSTEMPATH/Common.php(1135): CodeIgniter\View\View->render('admin/layouts/aside', [], true)
 5 APPPATH/Views/admin/index.php(35): view('admin/layouts/aside')
 6 SYSTEMPATH/View/View.php(213): include('APPPATH/Views/admin/index.php')
 7 SYSTEMPATH/View/View.php(216): CodeIgniter\View\View->CodeIgniter\View\{closure}()
 8 SYSTEMPATH/Common.php(1135): CodeIgniter\View\View->render('admin/index', [], true)
 9 APPPATH/Controllers/Admin/AdminController.php(16): view('admin/index')
10 SYSTEMPATH/CodeIgniter.php(896): App\Controllers\Admin\AdminController->index()
11 SYSTEMPATH/CodeIgniter.php(466): CodeIgniter\CodeIgniter->runController(Object(App\Controllers\Admin\AdminController))
12 SYSTEMPATH/CodeIgniter.php(349): CodeIgniter\CodeIgniter->handleRequest(null, Object(Config\Cache), false)
13 FCPATH/index.php(55): CodeIgniter\CodeIgniter->run()
CRITICAL - 2022-06-22 07:58:51 --> Undefined variable: session
in APPPATH/Views/admin/layouts/aside.php on line 13.
 1 APPPATH/Views/admin/layouts/aside.php(13): CodeIgniter\Debug\Exceptions->errorHandler(8, 'Undefined variable: session', 'APPPATH/Views/admin/layouts/aside.php', 13, [])
 2 SYSTEMPATH/View/View.php(213): include('APPPATH/Views/admin/layouts/aside.php')
 3 SYSTEMPATH/View/View.php(216): CodeIgniter\View\View->CodeIgniter\View\{closure}()
 4 SYSTEMPATH/Common.php(1135): CodeIgniter\View\View->render('admin/layouts/aside', [], true)
 5 APPPATH/Views/admin/index.php(35): view('admin/layouts/aside')
 6 SYSTEMPATH/View/View.php(213): include('APPPATH/Views/admin/index.php')
 7 SYSTEMPATH/View/View.php(216): CodeIgniter\View\View->CodeIgniter\View\{closure}()
 8 SYSTEMPATH/Common.php(1135): CodeIgniter\View\View->render('admin/index', [], true)
 9 APPPATH/Controllers/Admin/AdminController.php(16): view('admin/index')
10 SYSTEMPATH/CodeIgniter.php(896): App\Controllers\Admin\AdminController->index()
11 SYSTEMPATH/CodeIgniter.php(466): CodeIgniter\CodeIgniter->runController(Object(App\Controllers\Admin\AdminController))
12 SYSTEMPATH/CodeIgniter.php(349): CodeIgniter\CodeIgniter->handleRequest(null, Object(Config\Cache), false)
13 FCPATH/index.php(55): CodeIgniter\CodeIgniter->run()
CRITICAL - 2022-06-22 07:58:57 --> Undefined variable: session
in APPPATH/Views/admin/layouts/aside.php on line 13.
 1 APPPATH/Views/admin/layouts/aside.php(13): CodeIgniter\Debug\Exceptions->errorHandler(8, 'Undefined variable: session', 'APPPATH/Views/admin/layouts/aside.php', 13, [])
 2 SYSTEMPATH/View/View.php(213): include('APPPATH/Views/admin/layouts/aside.php')
 3 SYSTEMPATH/View/View.php(216): CodeIgniter\View\View->CodeIgniter\View\{closure}()
 4 SYSTEMPATH/Common.php(1135): CodeIgniter\View\View->render('admin/layouts/aside', [], true)
 5 APPPATH/Views/admin/index.php(35): view('admin/layouts/aside')
 6 SYSTEMPATH/View/View.php(213): include('APPPATH/Views/admin/index.php')
 7 SYSTEMPATH/View/View.php(216): CodeIgniter\View\View->CodeIgniter\View\{closure}()
 8 SYSTEMPATH/Common.php(1135): CodeIgniter\View\View->render('admin/index', [], true)
 9 APPPATH/Controllers/Admin/AdminController.php(16): view('admin/index')
10 SYSTEMPATH/CodeIgniter.php(896): App\Controllers\Admin\AdminController->index()
11 SYSTEMPATH/CodeIgniter.php(466): CodeIgniter\CodeIgniter->runController(Object(App\Controllers\Admin\AdminController))
12 SYSTEMPATH/CodeIgniter.php(349): CodeIgniter\CodeIgniter->handleRequest(null, Object(Config\Cache), false)
13 FCPATH/index.php(55): CodeIgniter\CodeIgniter->run()
CRITICAL - 2022-06-22 07:59:31 --> Undefined variable: session
in APPPATH/Views/admin/layouts/aside.php on line 13.
 1 APPPATH/Views/admin/layouts/aside.php(13): CodeIgniter\Debug\Exceptions->errorHandler(8, 'Undefined variable: session', 'APPPATH/Views/admin/layouts/aside.php', 13, [])
 2 SYSTEMPATH/View/View.php(213): include('APPPATH/Views/admin/layouts/aside.php')
 3 SYSTEMPATH/View/View.php(216): CodeIgniter\View\View->CodeIgniter\View\{closure}()
 4 SYSTEMPATH/Common.php(1135): CodeIgniter\View\View->render('admin/layouts/aside', [], true)
 5 APPPATH/Views/admin/index.php(35): view('admin/layouts/aside')
 6 SYSTEMPATH/View/View.php(213): include('APPPATH/Views/admin/index.php')
 7 SYSTEMPATH/View/View.php(216): CodeIgniter\View\View->CodeIgniter\View\{closure}()
 8 SYSTEMPATH/Common.php(1135): CodeIgniter\View\View->render('admin/index', [], true)
 9 APPPATH/Controllers/Admin/AdminController.php(16): view('admin/index')
10 SYSTEMPATH/CodeIgniter.php(896): App\Controllers\Admin\AdminController->index()
11 SYSTEMPATH/CodeIgniter.php(466): CodeIgniter\CodeIgniter->runController(Object(App\Controllers\Admin\AdminController))
12 SYSTEMPATH/CodeIgniter.php(349): CodeIgniter\CodeIgniter->handleRequest(null, Object(Config\Cache), false)
13 FCPATH/index.php(55): CodeIgniter\CodeIgniter->run()
CRITICAL - 2022-06-22 07:59:34 --> Undefined variable: session
in APPPATH/Views/admin/layouts/aside.php on line 13.
 1 APPPATH/Views/admin/layouts/aside.php(13): CodeIgniter\Debug\Exceptions->errorHandler(8, 'Undefined variable: session', 'APPPATH/Views/admin/layouts/aside.php', 13, [])
 2 SYSTEMPATH/View/View.php(213): include('APPPATH/Views/admin/layouts/aside.php')
 3 SYSTEMPATH/View/View.php(216): CodeIgniter\View\View->CodeIgniter\View\{closure}()
 4 SYSTEMPATH/Common.php(1135): CodeIgniter\View\View->render('admin/layouts/aside', [], true)
 5 APPPATH/Views/admin/index.php(35): view('admin/layouts/aside')
 6 SYSTEMPATH/View/View.php(213): include('APPPATH/Views/admin/index.php')
 7 SYSTEMPATH/View/View.php(216): CodeIgniter\View\View->CodeIgniter\View\{closure}()
 8 SYSTEMPATH/Common.php(1135): CodeIgniter\View\View->render('admin/index', [], true)
 9 APPPATH/Controllers/Admin/AdminController.php(16): view('admin/index')
10 SYSTEMPATH/CodeIgniter.php(896): App\Controllers\Admin\AdminController->index()
11 SYSTEMPATH/CodeIgniter.php(466): CodeIgniter\CodeIgniter->runController(Object(App\Controllers\Admin\AdminController))
12 SYSTEMPATH/CodeIgniter.php(349): CodeIgniter\CodeIgniter->handleRequest(null, Object(Config\Cache), false)
13 FCPATH/index.php(55): CodeIgniter\CodeIgniter->run()
CRITICAL - 2022-06-22 07:59:39 --> Undefined variable: session
in APPPATH/Views/admin/layouts/aside.php on line 13.
 1 APPPATH/Views/admin/layouts/aside.php(13): CodeIgniter\Debug\Exceptions->errorHandler(8, 'Undefined variable: session', 'APPPATH/Views/admin/layouts/aside.php', 13, [])
 2 SYSTEMPATH/View/View.php(213): include('APPPATH/Views/admin/layouts/aside.php')
 3 SYSTEMPATH/View/View.php(216): CodeIgniter\View\View->CodeIgniter\View\{closure}()
 4 SYSTEMPATH/Common.php(1135): CodeIgniter\View\View->render('admin/layouts/aside', [], true)
 5 APPPATH/Views/admin/index.php(35): view('admin/layouts/aside')
 6 SYSTEMPATH/View/View.php(213): include('APPPATH/Views/admin/index.php')
 7 SYSTEMPATH/View/View.php(216): CodeIgniter\View\View->CodeIgniter\View\{closure}()
 8 SYSTEMPATH/Common.php(1135): CodeIgniter\View\View->render('admin/index', [], true)
 9 APPPATH/Controllers/Admin/AdminController.php(16): view('admin/index')
10 SYSTEMPATH/CodeIgniter.php(896): App\Controllers\Admin\AdminController->index()
11 SYSTEMPATH/CodeIgniter.php(466): CodeIgniter\CodeIgniter->runController(Object(App\Controllers\Admin\AdminController))
12 SYSTEMPATH/CodeIgniter.php(349): CodeIgniter\CodeIgniter->handleRequest(null, Object(Config\Cache), false)
13 FCPATH/index.php(55): CodeIgniter\CodeIgniter->run()
CRITICAL - 2022-06-22 08:00:00 --> Undefined variable: session
in APPPATH/Views/admin/layouts/aside.php on line 13.
 1 APPPATH/Views/admin/layouts/aside.php(13): CodeIgniter\Debug\Exceptions->errorHandler(8, 'Undefined variable: session', 'APPPATH/Views/admin/layouts/aside.php', 13, [])
 2 SYSTEMPATH/View/View.php(213): include('APPPATH/Views/admin/layouts/aside.php')
 3 SYSTEMPATH/View/View.php(216): CodeIgniter\View\View->CodeIgniter\View\{closure}()
 4 SYSTEMPATH/Common.php(1135): CodeIgniter\View\View->render('admin/layouts/aside', [], true)
 5 APPPATH/Views/admin/index.php(35): view('admin/layouts/aside')
 6 SYSTEMPATH/View/View.php(213): include('APPPATH/Views/admin/index.php')
 7 SYSTEMPATH/View/View.php(216): CodeIgniter\View\View->CodeIgniter\View\{closure}()
 8 SYSTEMPATH/Common.php(1135): CodeIgniter\View\View->render('admin/index', [], true)
 9 APPPATH/Controllers/Admin/AdminController.php(16): view('admin/index')
10 SYSTEMPATH/CodeIgniter.php(896): App\Controllers\Admin\AdminController->index()
11 SYSTEMPATH/CodeIgniter.php(466): CodeIgniter\CodeIgniter->runController(Object(App\Controllers\Admin\AdminController))
12 SYSTEMPATH/CodeIgniter.php(349): CodeIgniter\CodeIgniter->handleRequest(null, Object(Config\Cache), false)
13 FCPATH/index.php(55): CodeIgniter\CodeIgniter->run()
CRITICAL - 2022-06-22 08:00:12 --> Undefined variable: session
in APPPATH/Views/admin/layouts/aside.php on line 13.
 1 APPPATH/Views/admin/layouts/aside.php(13): CodeIgniter\Debug\Exceptions->errorHandler(8, 'Undefined variable: session', 'APPPATH/Views/admin/layouts/aside.php', 13, [])
 2 SYSTEMPATH/View/View.php(213): include('APPPATH/Views/admin/layouts/aside.php')
 3 SYSTEMPATH/View/View.php(216): CodeIgniter\View\View->CodeIgniter\View\{closure}()
 4 SYSTEMPATH/Common.php(1135): CodeIgniter\View\View->render('admin/layouts/aside', [], true)
 5 APPPATH/Views/admin/products.php(35): view('admin/layouts/aside')
 6 SYSTEMPATH/View/View.php(213): include('APPPATH/Views/admin/products.php')
 7 SYSTEMPATH/View/View.php(216): CodeIgniter\View\View->CodeIgniter\View\{closure}()
 8 SYSTEMPATH/Common.php(1135): CodeIgniter\View\View->render('admin/products', [], true)
 9 APPPATH/Controllers/Admin/AdminController.php(20): view('admin/products')
10 SYSTEMPATH/CodeIgniter.php(896): App\Controllers\Admin\AdminController->products()
11 SYSTEMPATH/CodeIgniter.php(466): CodeIgniter\CodeIgniter->runController(Object(App\Controllers\Admin\AdminController))
12 SYSTEMPATH/CodeIgniter.php(349): CodeIgniter\CodeIgniter->handleRequest(null, Object(Config\Cache), false)
13 FCPATH/index.php(55): CodeIgniter\CodeIgniter->run()
CRITICAL - 2022-06-22 08:00:14 --> Undefined variable: session
in APPPATH/Views/admin/layouts/aside.php on line 13.
 1 APPPATH/Views/admin/layouts/aside.php(13): CodeIgniter\Debug\Exceptions->errorHandler(8, 'Undefined variable: session', 'APPPATH/Views/admin/layouts/aside.php', 13, [])
 2 SYSTEMPATH/View/View.php(213): include('APPPATH/Views/admin/layouts/aside.php')
 3 SYSTEMPATH/View/View.php(216): CodeIgniter\View\View->CodeIgniter\View\{closure}()
 4 SYSTEMPATH/Common.php(1135): CodeIgniter\View\View->render('admin/layouts/aside', [], true)
 5 APPPATH/Views/admin/index.php(35): view('admin/layouts/aside')
 6 SYSTEMPATH/View/View.php(213): include('APPPATH/Views/admin/index.php')
 7 SYSTEMPATH/View/View.php(216): CodeIgniter\View\View->CodeIgniter\View\{closure}()
 8 SYSTEMPATH/Common.php(1135): CodeIgniter\View\View->render('admin/index', [], true)
 9 APPPATH/Controllers/Admin/AdminController.php(16): view('admin/index')
10 SYSTEMPATH/CodeIgniter.php(896): App\Controllers\Admin\AdminController->index()
11 SYSTEMPATH/CodeIgniter.php(466): CodeIgniter\CodeIgniter->runController(Object(App\Controllers\Admin\AdminController))
12 SYSTEMPATH/CodeIgniter.php(349): CodeIgniter\CodeIgniter->handleRequest(null, Object(Config\Cache), false)
13 FCPATH/index.php(55): CodeIgniter\CodeIgniter->run()
CRITICAL - 2022-06-22 08:00:19 --> Undefined variable: session
in APPPATH/Views/admin/layouts/aside.php on line 13.
 1 APPPATH/Views/admin/layouts/aside.php(13): CodeIgniter\Debug\Exceptions->errorHandler(8, 'Undefined variable: session', 'APPPATH/Views/admin/layouts/aside.php', 13, [])
 2 SYSTEMPATH/View/View.php(213): include('APPPATH/Views/admin/layouts/aside.php')
 3 SYSTEMPATH/View/View.php(216): CodeIgniter\View\View->CodeIgniter\View\{closure}()
 4 SYSTEMPATH/Common.php(1135): CodeIgniter\View\View->render('admin/layouts/aside', [], true)
 5 APPPATH/Views/admin/index.php(35): view('admin/layouts/aside')
 6 SYSTEMPATH/View/View.php(213): include('APPPATH/Views/admin/index.php')
 7 SYSTEMPATH/View/View.php(216): CodeIgniter\View\View->CodeIgniter\View\{closure}()
 8 SYSTEMPATH/Common.php(1135): CodeIgniter\View\View->render('admin/index', [], true)
 9 APPPATH/Controllers/Admin/AdminController.php(16): view('admin/index')
10 SYSTEMPATH/CodeIgniter.php(896): App\Controllers\Admin\AdminController->index()
11 SYSTEMPATH/CodeIgniter.php(466): CodeIgniter\CodeIgniter->runController(Object(App\Controllers\Admin\AdminController))
12 SYSTEMPATH/CodeIgniter.php(349): CodeIgniter\CodeIgniter->handleRequest(null, Object(Config\Cache), false)
13 FCPATH/index.php(55): CodeIgniter\CodeIgniter->run()
CRITICAL - 2022-06-22 08:00:33 --> Undefined variable: session
in APPPATH/Views/admin/layouts/aside.php on line 13.
 1 APPPATH/Views/admin/layouts/aside.php(13): CodeIgniter\Debug\Exceptions->errorHandler(8, 'Undefined variable: session', 'APPPATH/Views/admin/layouts/aside.php', 13, [])
 2 SYSTEMPATH/View/View.php(213): include('APPPATH/Views/admin/layouts/aside.php')
 3 SYSTEMPATH/View/View.php(216): CodeIgniter\View\View->CodeIgniter\View\{closure}()
 4 SYSTEMPATH/Common.php(1135): CodeIgniter\View\View->render('admin/layouts/aside', [], true)
 5 APPPATH/Views/admin/index.php(35): view('admin/layouts/aside')
 6 SYSTEMPATH/View/View.php(213): include('APPPATH/Views/admin/index.php')
 7 SYSTEMPATH/View/View.php(216): CodeIgniter\View\View->CodeIgniter\View\{closure}()
 8 SYSTEMPATH/Common.php(1135): CodeIgniter\View\View->render('admin/index', [], true)
 9 APPPATH/Controllers/Admin/AdminController.php(16): view('admin/index')
10 SYSTEMPATH/CodeIgniter.php(896): App\Controllers\Admin\AdminController->index()
11 SYSTEMPATH/CodeIgniter.php(466): CodeIgniter\CodeIgniter->runController(Object(App\Controllers\Admin\AdminController))
12 SYSTEMPATH/CodeIgniter.php(349): CodeIgniter\CodeIgniter->handleRequest(null, Object(Config\Cache), false)
13 FCPATH/index.php(55): CodeIgniter\CodeIgniter->run()
CRITICAL - 2022-06-22 08:01:04 --> Undefined variable: session
in APPPATH/Views/admin/layouts/aside.php on line 13.
 1 APPPATH/Views/admin/layouts/aside.php(13): CodeIgniter\Debug\Exceptions->errorHandler(8, 'Undefined variable: session', 'APPPATH/Views/admin/layouts/aside.php', 13, [])
 2 SYSTEMPATH/View/View.php(213): include('APPPATH/Views/admin/layouts/aside.php')
 3 SYSTEMPATH/View/View.php(216): CodeIgniter\View\View->CodeIgniter\View\{closure}()
 4 SYSTEMPATH/Common.php(1135): CodeIgniter\View\View->render('admin/layouts/aside', [], true)
 5 APPPATH/Views/admin/index.php(35): view('admin/layouts/aside')
 6 SYSTEMPATH/View/View.php(213): include('APPPATH/Views/admin/index.php')
 7 SYSTEMPATH/View/View.php(216): CodeIgniter\View\View->CodeIgniter\View\{closure}()
 8 SYSTEMPATH/Common.php(1135): CodeIgniter\View\View->render('admin/index', [], true)
 9 APPPATH/Controllers/Admin/AdminController.php(16): view('admin/index')
10 SYSTEMPATH/CodeIgniter.php(896): App\Controllers\Admin\AdminController->index()
11 SYSTEMPATH/CodeIgniter.php(466): CodeIgniter\CodeIgniter->runController(Object(App\Controllers\Admin\AdminController))
12 SYSTEMPATH/CodeIgniter.php(349): CodeIgniter\CodeIgniter->handleRequest(null, Object(Config\Cache), false)
13 FCPATH/index.php(55): CodeIgniter\CodeIgniter->run()
CRITICAL - 2022-06-22 08:01:06 --> Undefined variable: session
in APPPATH/Views/admin/layouts/aside.php on line 13.
 1 APPPATH/Views/admin/layouts/aside.php(13): CodeIgniter\Debug\Exceptions->errorHandler(8, 'Undefined variable: session', 'APPPATH/Views/admin/layouts/aside.php', 13, [])
 2 SYSTEMPATH/View/View.php(213): include('APPPATH/Views/admin/layouts/aside.php')
 3 SYSTEMPATH/View/View.php(216): CodeIgniter\View\View->CodeIgniter\View\{closure}()
 4 SYSTEMPATH/Common.php(1135): CodeIgniter\View\View->render('admin/layouts/aside', [], true)
 5 APPPATH/Views/admin/index.php(35): view('admin/layouts/aside')
 6 SYSTEMPATH/View/View.php(213): include('APPPATH/Views/admin/index.php')
 7 SYSTEMPATH/View/View.php(216): CodeIgniter\View\View->CodeIgniter\View\{closure}()
 8 SYSTEMPATH/Common.php(1135): CodeIgniter\View\View->render('admin/index', [], true)
 9 APPPATH/Controllers/Admin/AdminController.php(16): view('admin/index')
10 SYSTEMPATH/CodeIgniter.php(896): App\Controllers\Admin\AdminController->index()
11 SYSTEMPATH/CodeIgniter.php(466): CodeIgniter\CodeIgniter->runController(Object(App\Controllers\Admin\AdminController))
12 SYSTEMPATH/CodeIgniter.php(349): CodeIgniter\CodeIgniter->handleRequest(null, Object(Config\Cache), false)
13 FCPATH/index.php(55): CodeIgniter\CodeIgniter->run()
CRITICAL - 2022-06-22 08:01:19 --> Undefined variable: session
in APPPATH/Views/admin/layouts/aside.php on line 13.
 1 APPPATH/Views/admin/layouts/aside.php(13): CodeIgniter\Debug\Exceptions->errorHandler(8, 'Undefined variable: session', 'APPPATH/Views/admin/layouts/aside.php', 13, [])
 2 SYSTEMPATH/View/View.php(213): include('APPPATH/Views/admin/layouts/aside.php')
 3 SYSTEMPATH/View/View.php(216): CodeIgniter\View\View->CodeIgniter\View\{closure}()
 4 SYSTEMPATH/Common.php(1135): CodeIgniter\View\View->render('admin/layouts/aside', [], true)
 5 APPPATH/Views/admin/index.php(35): view('admin/layouts/aside')
 6 SYSTEMPATH/View/View.php(213): include('APPPATH/Views/admin/index.php')
 7 SYSTEMPATH/View/View.php(216): CodeIgniter\View\View->CodeIgniter\View\{closure}()
 8 SYSTEMPATH/Common.php(1135): CodeIgniter\View\View->render('admin/index', [], true)
 9 APPPATH/Controllers/Admin/AdminController.php(16): view('admin/index')
10 SYSTEMPATH/CodeIgniter.php(896): App\Controllers\Admin\AdminController->index()
11 SYSTEMPATH/CodeIgniter.php(466): CodeIgniter\CodeIgniter->runController(Object(App\Controllers\Admin\AdminController))
12 SYSTEMPATH/CodeIgniter.php(349): CodeIgniter\CodeIgniter->handleRequest(null, Object(Config\Cache), false)
13 FCPATH/index.php(55): CodeIgniter\CodeIgniter->run()
CRITICAL - 2022-06-22 08:01:21 --> Undefined variable: session
in APPPATH/Views/admin/layouts/aside.php on line 13.
 1 APPPATH/Views/admin/layouts/aside.php(13): CodeIgniter\Debug\Exceptions->errorHandler(8, 'Undefined variable: session', 'APPPATH/Views/admin/layouts/aside.php', 13, [])
 2 SYSTEMPATH/View/View.php(213): include('APPPATH/Views/admin/layouts/aside.php')
 3 SYSTEMPATH/View/View.php(216): CodeIgniter\View\View->CodeIgniter\View\{closure}()
 4 SYSTEMPATH/Common.php(1135): CodeIgniter\View\View->render('admin/layouts/aside', [], true)
 5 APPPATH/Views/admin/index.php(35): view('admin/layouts/aside')
 6 SYSTEMPATH/View/View.php(213): include('APPPATH/Views/admin/index.php')
 7 SYSTEMPATH/View/View.php(216): CodeIgniter\View\View->CodeIgniter\View\{closure}()
 8 SYSTEMPATH/Common.php(1135): CodeIgniter\View\View->render('admin/index', [], true)
 9 APPPATH/Controllers/Admin/AdminController.php(16): view('admin/index')
10 SYSTEMPATH/CodeIgniter.php(896): App\Controllers\Admin\AdminController->index()
11 SYSTEMPATH/CodeIgniter.php(466): CodeIgniter\CodeIgniter->runController(Object(App\Controllers\Admin\AdminController))
12 SYSTEMPATH/CodeIgniter.php(349): CodeIgniter\CodeIgniter->handleRequest(null, Object(Config\Cache), false)
13 FCPATH/index.php(55): CodeIgniter\CodeIgniter->run()
CRITICAL - 2022-06-22 08:01:31 --> Undefined variable: session
in APPPATH/Views/admin/layouts/aside.php on line 13.
 1 APPPATH/Views/admin/layouts/aside.php(13): CodeIgniter\Debug\Exceptions->errorHandler(8, 'Undefined variable: session', 'APPPATH/Views/admin/layouts/aside.php', 13, [])
 2 SYSTEMPATH/View/View.php(213): include('APPPATH/Views/admin/layouts/aside.php')
 3 SYSTEMPATH/View/View.php(216): CodeIgniter\View\View->CodeIgniter\View\{closure}()
 4 SYSTEMPATH/Common.php(1135): CodeIgniter\View\View->render('admin/layouts/aside', [], true)
 5 APPPATH/Views/admin/index.php(35): view('admin/layouts/aside')
 6 SYSTEMPATH/View/View.php(213): include('APPPATH/Views/admin/index.php')
 7 SYSTEMPATH/View/View.php(216): CodeIgniter\View\View->CodeIgniter\View\{closure}()
 8 SYSTEMPATH/Common.php(1135): CodeIgniter\View\View->render('admin/index', [], true)
 9 APPPATH/Controllers/Admin/AdminController.php(16): view('admin/index')
10 SYSTEMPATH/CodeIgniter.php(896): App\Controllers\Admin\AdminController->index()
11 SYSTEMPATH/CodeIgniter.php(466): CodeIgniter\CodeIgniter->runController(Object(App\Controllers\Admin\AdminController))
12 SYSTEMPATH/CodeIgniter.php(349): CodeIgniter\CodeIgniter->handleRequest(null, Object(Config\Cache), false)
13 FCPATH/index.php(55): CodeIgniter\CodeIgniter->run()
CRITICAL - 2022-06-22 08:01:33 --> Undefined variable: session
in APPPATH/Views/admin/layouts/aside.php on line 13.
 1 APPPATH/Views/admin/layouts/aside.php(13): CodeIgniter\Debug\Exceptions->errorHandler(8, 'Undefined variable: session', 'APPPATH/Views/admin/layouts/aside.php', 13, [])
 2 SYSTEMPATH/View/View.php(213): include('APPPATH/Views/admin/layouts/aside.php')
 3 SYSTEMPATH/View/View.php(216): CodeIgniter\View\View->CodeIgniter\View\{closure}()
 4 SYSTEMPATH/Common.php(1135): CodeIgniter\View\View->render('admin/layouts/aside', [], true)
 5 APPPATH/Views/admin/index.php(35): view('admin/layouts/aside')
 6 SYSTEMPATH/View/View.php(213): include('APPPATH/Views/admin/index.php')
 7 SYSTEMPATH/View/View.php(216): CodeIgniter\View\View->CodeIgniter\View\{closure}()
 8 SYSTEMPATH/Common.php(1135): CodeIgniter\View\View->render('admin/index', [], true)
 9 APPPATH/Controllers/Admin/AdminController.php(16): view('admin/index')
10 SYSTEMPATH/CodeIgniter.php(896): App\Controllers\Admin\AdminController->index()
11 SYSTEMPATH/CodeIgniter.php(466): CodeIgniter\CodeIgniter->runController(Object(App\Controllers\Admin\AdminController))
12 SYSTEMPATH/CodeIgniter.php(349): CodeIgniter\CodeIgniter->handleRequest(null, Object(Config\Cache), false)
13 FCPATH/index.php(55): CodeIgniter\CodeIgniter->run()
CRITICAL - 2022-06-22 08:03:54 --> Undefined variable: request
in APPPATH/Views/admin/layouts/aside.php on line 4.
 1 APPPATH/Views/admin/layouts/aside.php(4): CodeIgniter\Debug\Exceptions->errorHandler(8, 'Undefined variable: request', 'APPPATH/Views/admin/layouts/aside.php', 4, [...])
 2 SYSTEMPATH/View/View.php(213): include('APPPATH/Views/admin/layouts/aside.php')
 3 SYSTEMPATH/View/View.php(216): CodeIgniter\View\View->CodeIgniter\View\{closure}()
 4 SYSTEMPATH/Common.php(1135): CodeIgniter\View\View->render('admin/layouts/aside', [], true)
 5 APPPATH/Views/admin/products.php(35): view('admin/layouts/aside')
 6 SYSTEMPATH/View/View.php(213): include('APPPATH/Views/admin/products.php')
 7 SYSTEMPATH/View/View.php(216): CodeIgniter\View\View->CodeIgniter\View\{closure}()
 8 SYSTEMPATH/Common.php(1135): CodeIgniter\View\View->render('admin/products', [], true)
 9 APPPATH/Controllers/Admin/AdminController.php(20): view('admin/products')
10 SYSTEMPATH/CodeIgniter.php(896): App\Controllers\Admin\AdminController->products()
11 SYSTEMPATH/CodeIgniter.php(466): CodeIgniter\CodeIgniter->runController(Object(App\Controllers\Admin\AdminController))
12 SYSTEMPATH/CodeIgniter.php(349): CodeIgniter\CodeIgniter->handleRequest(null, Object(Config\Cache), false)
13 FCPATH/index.php(55): CodeIgniter\CodeIgniter->run()
CRITICAL - 2022-06-22 08:13:48 --> Too few arguments to function CodeIgniter\HTTP\URI::getSegment(), 0 passed in /Applications/MAMP/htdocs/motorcustombdg.com/app/Views/admin/layouts/aside.php on line 43 and at least 1 expected
in SYSTEMPATH/HTTP/URI.php on line 522.
 1 APPPATH/Views/admin/layouts/aside.php(43): CodeIgniter\HTTP\URI->getSegment()
 2 SYSTEMPATH/View/View.php(213): include('APPPATH/Views/admin/layouts/aside.php')
 3 SYSTEMPATH/View/View.php(216): CodeIgniter\View\View->CodeIgniter\View\{closure}()
 4 SYSTEMPATH/Common.php(1135): CodeIgniter\View\View->render('admin/layouts/aside', [], true)
 5 APPPATH/Views/admin/index.php(35): view('admin/layouts/aside')
 6 SYSTEMPATH/View/View.php(213): include('APPPATH/Views/admin/index.php')
 7 SYSTEMPATH/View/View.php(216): CodeIgniter\View\View->CodeIgniter\View\{closure}()
 8 SYSTEMPATH/Common.php(1135): CodeIgniter\View\View->render('admin/index', [], true)
 9 APPPATH/Controllers/Admin/AdminController.php(16): view('admin/index')
10 SYSTEMPATH/CodeIgniter.php(896): App\Controllers\Admin\AdminController->index()
11 SYSTEMPATH/CodeIgniter.php(466): CodeIgniter\CodeIgniter->runController(Object(App\Controllers\Admin\AdminController))
12 SYSTEMPATH/CodeIgniter.php(349): CodeIgniter\CodeIgniter->handleRequest(null, Object(Config\Cache), false)
13 FCPATH/index.php(55): CodeIgniter\CodeIgniter->run()
CRITICAL - 2022-06-22 08:15:05 --> Too few arguments to function CodeIgniter\HTTP\URI::getSegment(), 0 passed in /Applications/MAMP/htdocs/motorcustombdg.com/app/Views/admin/layouts/aside.php on line 41 and at least 1 expected
in SYSTEMPATH/HTTP/URI.php on line 522.
 1 APPPATH/Views/admin/layouts/aside.php(41): CodeIgniter\HTTP\URI->getSegment()
 2 SYSTEMPATH/View/View.php(213): include('APPPATH/Views/admin/layouts/aside.php')
 3 SYSTEMPATH/View/View.php(216): CodeIgniter\View\View->CodeIgniter\View\{closure}()
 4 SYSTEMPATH/Common.php(1135): CodeIgniter\View\View->render('admin/layouts/aside', [], true)
 5 APPPATH/Views/admin/products.php(35): view('admin/layouts/aside')
 6 SYSTEMPATH/View/View.php(213): include('APPPATH/Views/admin/products.php')
 7 SYSTEMPATH/View/View.php(216): CodeIgniter\View\View->CodeIgniter\View\{closure}()
 8 SYSTEMPATH/Common.php(1135): CodeIgniter\View\View->render('admin/products', [], true)
 9 APPPATH/Controllers/Admin/AdminController.php(20): view('admin/products')
10 SYSTEMPATH/CodeIgniter.php(896): App\Controllers\Admin\AdminController->products()
11 SYSTEMPATH/CodeIgniter.php(466): CodeIgniter\CodeIgniter->runController(Object(App\Controllers\Admin\AdminController))
12 SYSTEMPATH/CodeIgniter.php(349): CodeIgniter\CodeIgniter->handleRequest(null, Object(Config\Cache), false)
13 FCPATH/index.php(55): CodeIgniter\CodeIgniter->run()
CRITICAL - 2022-06-22 08:15:08 --> Too few arguments to function CodeIgniter\HTTP\URI::getSegment(), 0 passed in /Applications/MAMP/htdocs/motorcustombdg.com/app/Views/admin/layouts/aside.php on line 41 and at least 1 expected
in SYSTEMPATH/HTTP/URI.php on line 522.
 1 APPPATH/Views/admin/layouts/aside.php(41): CodeIgniter\HTTP\URI->getSegment()
 2 SYSTEMPATH/View/View.php(213): include('APPPATH/Views/admin/layouts/aside.php')
 3 SYSTEMPATH/View/View.php(216): CodeIgniter\View\View->CodeIgniter\View\{closure}()
 4 SYSTEMPATH/Common.php(1135): CodeIgniter\View\View->render('admin/layouts/aside', [], true)
 5 APPPATH/Views/admin/products.php(35): view('admin/layouts/aside')
 6 SYSTEMPATH/View/View.php(213): include('APPPATH/Views/admin/products.php')
 7 SYSTEMPATH/View/View.php(216): CodeIgniter\View\View->CodeIgniter\View\{closure}()
 8 SYSTEMPATH/Common.php(1135): CodeIgniter\View\View->render('admin/products', [], true)
 9 APPPATH/Controllers/Admin/AdminController.php(20): view('admin/products')
10 SYSTEMPATH/CodeIgniter.php(896): App\Controllers\Admin\AdminController->products()
11 SYSTEMPATH/CodeIgniter.php(466): CodeIgniter\CodeIgniter->runController(Object(App\Controllers\Admin\AdminController))
12 SYSTEMPATH/CodeIgniter.php(349): CodeIgniter\CodeIgniter->handleRequest(null, Object(Config\Cache), false)
13 FCPATH/index.php(55): CodeIgniter\CodeIgniter->run()
CRITICAL - 2022-06-22 08:40:49 --> Too few arguments to function CodeIgniter\HTTP\URI::getSegment(), 0 passed in /Applications/MAMP/htdocs/motorcustombdg.com/app/Controllers/Admin/AdminController.php on line 17 and at least 1 expected
in SYSTEMPATH/HTTP/URI.php on line 522.
 1 APPPATH/Controllers/Admin/AdminController.php(17): CodeIgniter\HTTP\URI->getSegment()
 2 SYSTEMPATH/CodeIgniter.php(896): App\Controllers\Admin\AdminController->index()
 3 SYSTEMPATH/CodeIgniter.php(466): CodeIgniter\CodeIgniter->runController(Object(App\Controllers\Admin\AdminController))
 4 SYSTEMPATH/CodeIgniter.php(349): CodeIgniter\CodeIgniter->handleRequest(null, Object(Config\Cache), false)
 5 FCPATH/index.php(55): CodeIgniter\CodeIgniter->run()
CRITICAL - 2022-06-22 08:42:08 --> syntax error, unexpected 'echo' (T_ECHO)
in APPPATH/Controllers/Admin/AdminController.php on line 17.
 1 SYSTEMPATH/Autoloader/Autoloader.php(261): CodeIgniter\Autoloader\Autoloader->includeFile('APPPATH/Controllers/Admin/AdminController.php')
 2 SYSTEMPATH/Autoloader/Autoloader.php(239): CodeIgniter\Autoloader\Autoloader->loadInNamespace('App\\Controllers\\Admin\\AdminController')
 3 [internal function]: CodeIgniter\Autoloader\Autoloader->loadClass('App\\Controllers\\Admin\\AdminController')
 4 [internal function]: spl_autoload_call('App\\Controllers\\Admin\\AdminController')
 5 SYSTEMPATH/CodeIgniter.php(846): class_exists('\\App\\Controllers\\Admin\\AdminController', true)
 6 SYSTEMPATH/CodeIgniter.php(453): CodeIgniter\CodeIgniter->startController()
 7 SYSTEMPATH/CodeIgniter.php(349): CodeIgniter\CodeIgniter->handleRequest(null, Object(Config\Cache), false)
 8 FCPATH/index.php(55): CodeIgniter\CodeIgniter->run()
CRITICAL - 2022-06-22 08:42:15 --> syntax error, unexpected ';', expecting ')'
in APPPATH/Controllers/Admin/AdminController.php on line 17.
 1 SYSTEMPATH/Autoloader/Autoloader.php(261): CodeIgniter\Autoloader\Autoloader->includeFile('APPPATH/Controllers/Admin/AdminController.php')
 2 SYSTEMPATH/Autoloader/Autoloader.php(239): CodeIgniter\Autoloader\Autoloader->loadInNamespace('App\\Controllers\\Admin\\AdminController')
 3 [internal function]: CodeIgniter\Autoloader\Autoloader->loadClass('App\\Controllers\\Admin\\AdminController')
 4 [internal function]: spl_autoload_call('App\\Controllers\\Admin\\AdminController')
 5 SYSTEMPATH/CodeIgniter.php(846): class_exists('\\App\\Controllers\\Admin\\AdminController', true)
 6 SYSTEMPATH/CodeIgniter.php(453): CodeIgniter\CodeIgniter->startController()
 7 SYSTEMPATH/CodeIgniter.php(349): CodeIgniter\CodeIgniter->handleRequest(null, Object(Config\Cache), false)
 8 FCPATH/index.php(55): CodeIgniter\CodeIgniter->run()
CRITICAL - 2022-06-22 08:42:22 --> syntax error, unexpected ';', expecting ')'
in APPPATH/Controllers/Admin/AdminController.php on line 17.
 1 SYSTEMPATH/Autoloader/Autoloader.php(261): CodeIgniter\Autoloader\Autoloader->includeFile('APPPATH/Controllers/Admin/AdminController.php')
 2 SYSTEMPATH/Autoloader/Autoloader.php(239): CodeIgniter\Autoloader\Autoloader->loadInNamespace('App\\Controllers\\Admin\\AdminController')
 3 [internal function]: CodeIgniter\Autoloader\Autoloader->loadClass('App\\Controllers\\Admin\\AdminController')
 4 [internal function]: spl_autoload_call('App\\Controllers\\Admin\\AdminController')
 5 SYSTEMPATH/CodeIgniter.php(846): class_exists('\\App\\Controllers\\Admin\\AdminController', true)
 6 SYSTEMPATH/CodeIgniter.php(453): CodeIgniter\CodeIgniter->startController()
 7 SYSTEMPATH/CodeIgniter.php(349): CodeIgniter\CodeIgniter->handleRequest(null, Object(Config\Cache), false)
 8 FCPATH/index.php(55): CodeIgniter\CodeIgniter->run()
CRITICAL - 2022-06-22 08:43:15 --> syntax error, unexpected ')'
in APPPATH/Controllers/Admin/AdminController.php on line 17.
 1 SYSTEMPATH/Autoloader/Autoloader.php(261): CodeIgniter\Autoloader\Autoloader->includeFile('APPPATH/Controllers/Admin/AdminController.php')
 2 SYSTEMPATH/Autoloader/Autoloader.php(239): CodeIgniter\Autoloader\Autoloader->loadInNamespace('App\\Controllers\\Admin\\AdminController')
 3 [internal function]: CodeIgniter\Autoloader\Autoloader->loadClass('App\\Controllers\\Admin\\AdminController')
 4 [internal function]: spl_autoload_call('App\\Controllers\\Admin\\AdminController')
 5 SYSTEMPATH/CodeIgniter.php(846): class_exists('\\App\\Controllers\\Admin\\AdminController', true)
 6 SYSTEMPATH/CodeIgniter.php(453): CodeIgniter\CodeIgniter->startController()
 7 SYSTEMPATH/CodeIgniter.php(349): CodeIgniter\CodeIgniter->handleRequest(null, Object(Config\Cache), false)
 8 FCPATH/index.php(55): CodeIgniter\CodeIgniter->run()
CRITICAL - 2022-06-22 11:25:52 --> Undefined index: files
in APPPATH/Controllers/Admin/AdminController.php on line 28.
 1 APPPATH/Controllers/Admin/AdminController.php(28): CodeIgniter\Debug\Exceptions->errorHandler(8, 'Undefined index: files', 'APPPATH/Controllers/Admin/AdminController.php', 28, [])
 2 SYSTEMPATH/CodeIgniter.php(896): App\Controllers\Admin\AdminController->productsUpload()
 3 SYSTEMPATH/CodeIgniter.php(466): CodeIgniter\CodeIgniter->runController(Object(App\Controllers\Admin\AdminController))
 4 SYSTEMPATH/CodeIgniter.php(349): CodeIgniter\CodeIgniter->handleRequest(null, Object(Config\Cache), false)
 5 FCPATH/index.php(55): CodeIgniter\CodeIgniter->run()
CRITICAL - 2022-06-22 11:26:27 --> Undefined index: file
in APPPATH/Controllers/Admin/AdminController.php on line 28.
 1 APPPATH/Controllers/Admin/AdminController.php(28): CodeIgniter\Debug\Exceptions->errorHandler(8, 'Undefined index: file', 'APPPATH/Controllers/Admin/AdminController.php', 28, [])
 2 SYSTEMPATH/CodeIgniter.php(896): App\Controllers\Admin\AdminController->productsUpload()
 3 SYSTEMPATH/CodeIgniter.php(466): CodeIgniter\CodeIgniter->runController(Object(App\Controllers\Admin\AdminController))
 4 SYSTEMPATH/CodeIgniter.php(349): CodeIgniter\CodeIgniter->handleRequest(null, Object(Config\Cache), false)
 5 FCPATH/index.php(55): CodeIgniter\CodeIgniter->run()
CRITICAL - 2022-06-22 11:26:51 --> Undefined index: files
in APPPATH/Controllers/Admin/AdminController.php on line 28.
 1 APPPATH/Controllers/Admin/AdminController.php(28): CodeIgniter\Debug\Exceptions->errorHandler(8, 'Undefined index: files', 'APPPATH/Controllers/Admin/AdminController.php', 28, [])
 2 SYSTEMPATH/CodeIgniter.php(896): App\Controllers\Admin\AdminController->productsUpload()
 3 SYSTEMPATH/CodeIgniter.php(466): CodeIgniter\CodeIgniter->runController(Object(App\Controllers\Admin\AdminController))
 4 SYSTEMPATH/CodeIgniter.php(349): CodeIgniter\CodeIgniter->handleRequest(null, Object(Config\Cache), false)
 5 FCPATH/index.php(55): CodeIgniter\CodeIgniter->run()
CRITICAL - 2022-06-22 11:27:38 --> Undefined index: files
in APPPATH/Controllers/Admin/AdminController.php on line 28.
 1 APPPATH/Controllers/Admin/AdminController.php(28): CodeIgniter\Debug\Exceptions->errorHandler(8, 'Undefined index: files', 'APPPATH/Controllers/Admin/AdminController.php', 28, [])
 2 SYSTEMPATH/CodeIgniter.php(896): App\Controllers\Admin\AdminController->productsUpload()
 3 SYSTEMPATH/CodeIgniter.php(466): CodeIgniter\CodeIgniter->runController(Object(App\Controllers\Admin\AdminController))
 4 SYSTEMPATH/CodeIgniter.php(349): CodeIgniter\CodeIgniter->handleRequest(null, Object(Config\Cache), false)
 5 FCPATH/index.php(55): CodeIgniter\CodeIgniter->run()
CRITICAL - 2022-06-22 11:28:02 --> Undefined index: file
in APPPATH/Controllers/Admin/AdminController.php on line 28.
 1 APPPATH/Controllers/Admin/AdminController.php(28): CodeIgniter\Debug\Exceptions->errorHandler(8, 'Undefined index: file', 'APPPATH/Controllers/Admin/AdminController.php', 28, [])
 2 SYSTEMPATH/CodeIgniter.php(896): App\Controllers\Admin\AdminController->productsUpload()
 3 SYSTEMPATH/CodeIgniter.php(466): CodeIgniter\CodeIgniter->runController(Object(App\Controllers\Admin\AdminController))
 4 SYSTEMPATH/CodeIgniter.php(349): CodeIgniter\CodeIgniter->handleRequest(null, Object(Config\Cache), false)
 5 FCPATH/index.php(55): CodeIgniter\CodeIgniter->run()
CRITICAL - 2022-06-22 11:28:10 --> Undefined index: file
in APPPATH/Controllers/Admin/AdminController.php on line 28.
 1 APPPATH/Controllers/Admin/AdminController.php(28): CodeIgniter\Debug\Exceptions->errorHandler(8, 'Undefined index: file', 'APPPATH/Controllers/Admin/AdminController.php', 28, [])
 2 SYSTEMPATH/CodeIgniter.php(896): App\Controllers\Admin\AdminController->productsUpload()
 3 SYSTEMPATH/CodeIgniter.php(466): CodeIgniter\CodeIgniter->runController(Object(App\Controllers\Admin\AdminController))
 4 SYSTEMPATH/CodeIgniter.php(349): CodeIgniter\CodeIgniter->handleRequest(null, Object(Config\Cache), false)
 5 FCPATH/index.php(55): CodeIgniter\CodeIgniter->run()
CRITICAL - 2022-06-22 11:28:47 --> Undefined index: files
in APPPATH/Controllers/Admin/AdminController.php on line 28.
 1 APPPATH/Controllers/Admin/AdminController.php(28): CodeIgniter\Debug\Exceptions->errorHandler(8, 'Undefined index: files', 'APPPATH/Controllers/Admin/AdminController.php', 28, [])
 2 SYSTEMPATH/CodeIgniter.php(896): App\Controllers\Admin\AdminController->productsUpload()
 3 SYSTEMPATH/CodeIgniter.php(466): CodeIgniter\CodeIgniter->runController(Object(App\Controllers\Admin\AdminController))
 4 SYSTEMPATH/CodeIgniter.php(349): CodeIgniter\CodeIgniter->handleRequest(null, Object(Config\Cache), false)
 5 FCPATH/index.php(55): CodeIgniter\CodeIgniter->run()
CRITICAL - 2022-06-22 11:30:20 --> Undefined index: files
in APPPATH/Controllers/Admin/AdminController.php on line 28.
 1 APPPATH/Controllers/Admin/AdminController.php(28): CodeIgniter\Debug\Exceptions->errorHandler(8, 'Undefined index: files', 'APPPATH/Controllers/Admin/AdminController.php', 28, [])
 2 SYSTEMPATH/CodeIgniter.php(896): App\Controllers\Admin\AdminController->productsUpload()
 3 SYSTEMPATH/CodeIgniter.php(466): CodeIgniter\CodeIgniter->runController(Object(App\Controllers\Admin\AdminController))
 4 SYSTEMPATH/CodeIgniter.php(349): CodeIgniter\CodeIgniter->handleRequest(null, Object(Config\Cache), false)
 5 FCPATH/index.php(55): CodeIgniter\CodeIgniter->run()
CRITICAL - 2022-06-22 11:31:30 --> Undefined index: file
in APPPATH/Controllers/Admin/AdminController.php on line 28.
 1 APPPATH/Controllers/Admin/AdminController.php(28): CodeIgniter\Debug\Exceptions->errorHandler(8, 'Undefined index: file', 'APPPATH/Controllers/Admin/AdminController.php', 28, [])
 2 SYSTEMPATH/CodeIgniter.php(896): App\Controllers\Admin\AdminController->productsUpload()
 3 SYSTEMPATH/CodeIgniter.php(466): CodeIgniter\CodeIgniter->runController(Object(App\Controllers\Admin\AdminController))
 4 SYSTEMPATH/CodeIgniter.php(349): CodeIgniter\CodeIgniter->handleRequest(null, Object(Config\Cache), false)
 5 FCPATH/index.php(55): CodeIgniter\CodeIgniter->run()
CRITICAL - 2022-06-22 11:39:35 --> Undefined index: file
in APPPATH/Controllers/Admin/AdminController.php on line 28.
 1 APPPATH/Controllers/Admin/AdminController.php(28): CodeIgniter\Debug\Exceptions->errorHandler(8, 'Undefined index: file', 'APPPATH/Controllers/Admin/AdminController.php', 28, [])
 2 SYSTEMPATH/CodeIgniter.php(896): App\Controllers\Admin\AdminController->productsUpload()
 3 SYSTEMPATH/CodeIgniter.php(466): CodeIgniter\CodeIgniter->runController(Object(App\Controllers\Admin\AdminController))
 4 SYSTEMPATH/CodeIgniter.php(349): CodeIgniter\CodeIgniter->handleRequest(null, Object(Config\Cache), false)
 5 FCPATH/index.php(55): CodeIgniter\CodeIgniter->run()
CRITICAL - 2022-06-22 11:39:56 --> Undefined index: file-0
in APPPATH/Controllers/Admin/AdminController.php on line 28.
 1 APPPATH/Controllers/Admin/AdminController.php(28): CodeIgniter\Debug\Exceptions->errorHandler(8, 'Undefined index: file-0', 'APPPATH/Controllers/Admin/AdminController.php', 28, [])
 2 SYSTEMPATH/CodeIgniter.php(896): App\Controllers\Admin\AdminController->productsUpload()
 3 SYSTEMPATH/CodeIgniter.php(466): CodeIgniter\CodeIgniter->runController(Object(App\Controllers\Admin\AdminController))
 4 SYSTEMPATH/CodeIgniter.php(349): CodeIgniter\CodeIgniter->handleRequest(null, Object(Config\Cache), false)
 5 FCPATH/index.php(55): CodeIgniter\CodeIgniter->run()
CRITICAL - 2022-06-22 11:40:26 --> Undefined index: file-0
in APPPATH/Controllers/Admin/AdminController.php on line 28.
 1 APPPATH/Controllers/Admin/AdminController.php(28): CodeIgniter\Debug\Exceptions->errorHandler(8, 'Undefined index: file-0', 'APPPATH/Controllers/Admin/AdminController.php', 28, [])
 2 SYSTEMPATH/CodeIgniter.php(896): App\Controllers\Admin\AdminController->productsUpload()
 3 SYSTEMPATH/CodeIgniter.php(466): CodeIgniter\CodeIgniter->runController(Object(App\Controllers\Admin\AdminController))
 4 SYSTEMPATH/CodeIgniter.php(349): CodeIgniter\CodeIgniter->handleRequest(null, Object(Config\Cache), false)
 5 FCPATH/index.php(55): CodeIgniter\CodeIgniter->run()
CRITICAL - 2022-06-22 11:40:57 --> Undefined index: file
in APPPATH/Controllers/Admin/AdminController.php on line 28.
 1 APPPATH/Controllers/Admin/AdminController.php(28): CodeIgniter\Debug\Exceptions->errorHandler(8, 'Undefined index: file', 'APPPATH/Controllers/Admin/AdminController.php', 28, [])
 2 SYSTEMPATH/CodeIgniter.php(896): App\Controllers\Admin\AdminController->productsUpload()
 3 SYSTEMPATH/CodeIgniter.php(466): CodeIgniter\CodeIgniter->runController(Object(App\Controllers\Admin\AdminController))
 4 SYSTEMPATH/CodeIgniter.php(349): CodeIgniter\CodeIgniter->handleRequest(null, Object(Config\Cache), false)
 5 FCPATH/index.php(55): CodeIgniter\CodeIgniter->run()
CRITICAL - 2022-06-22 11:44:47 --> syntax error, unexpected 'for' (T_FOR)
in APPPATH/Controllers/Admin/AdminController.php on line 31.
 1 SYSTEMPATH/Autoloader/Autoloader.php(261): CodeIgniter\Autoloader\Autoloader->includeFile('APPPATH/Controllers/Admin/AdminController.php')
 2 SYSTEMPATH/Autoloader/Autoloader.php(239): CodeIgniter\Autoloader\Autoloader->loadInNamespace('App\\Controllers\\Admin\\AdminController')
 3 [internal function]: CodeIgniter\Autoloader\Autoloader->loadClass('App\\Controllers\\Admin\\AdminController')
 4 [internal function]: spl_autoload_call('App\\Controllers\\Admin\\AdminController')
 5 SYSTEMPATH/CodeIgniter.php(846): class_exists('\\App\\Controllers\\Admin\\AdminController', true)
 6 SYSTEMPATH/CodeIgniter.php(453): CodeIgniter\CodeIgniter->startController()
 7 SYSTEMPATH/CodeIgniter.php(349): CodeIgniter\CodeIgniter->handleRequest(null, Object(Config\Cache), false)
 8 FCPATH/index.php(55): CodeIgniter\CodeIgniter->run()
CRITICAL - 2022-06-22 11:47:47 --> Undefined index: file
in APPPATH/Controllers/Admin/AdminController.php on line 38.
 1 APPPATH/Controllers/Admin/AdminController.php(38): CodeIgniter\Debug\Exceptions->errorHandler(8, 'Undefined index: file', 'APPPATH/Controllers/Admin/AdminController.php', 38, [...])
 2 SYSTEMPATH/CodeIgniter.php(896): App\Controllers\Admin\AdminController->productsUpload()
 3 SYSTEMPATH/CodeIgniter.php(466): CodeIgniter\CodeIgniter->runController(Object(App\Controllers\Admin\AdminController))
 4 SYSTEMPATH/CodeIgniter.php(349): CodeIgniter\CodeIgniter->handleRequest(null, Object(Config\Cache), false)
 5 FCPATH/index.php(55): CodeIgniter\CodeIgniter->run()
CRITICAL - 2022-06-22 11:50:01 --> Array to string conversion
in APPPATH/Controllers/Admin/AdminController.php on line 35.
 1 APPPATH/Controllers/Admin/AdminController.php(35): CodeIgniter\Debug\Exceptions->errorHandler(8, 'Array to string conversion', 'APPPATH/Controllers/Admin/AdminController.php', 35, [...])
 2 SYSTEMPATH/CodeIgniter.php(896): App\Controllers\Admin\AdminController->productsUpload()
 3 SYSTEMPATH/CodeIgniter.php(466): CodeIgniter\CodeIgniter->runController(Object(App\Controllers\Admin\AdminController))
 4 SYSTEMPATH/CodeIgniter.php(349): CodeIgniter\CodeIgniter->handleRequest(null, Object(Config\Cache), false)
 5 FCPATH/index.php(55): CodeIgniter\CodeIgniter->run()
CRITICAL - 2022-06-22 11:57:53 --> syntax error, unexpected ';', expecting ']'
in APPPATH/Controllers/Admin/AdminController.php on line 38.
 1 SYSTEMPATH/Autoloader/Autoloader.php(261): CodeIgniter\Autoloader\Autoloader->includeFile('APPPATH/Controllers/Admin/AdminController.php')
 2 SYSTEMPATH/Autoloader/Autoloader.php(239): CodeIgniter\Autoloader\Autoloader->loadInNamespace('App\\Controllers\\Admin\\AdminController')
 3 [internal function]: CodeIgniter\Autoloader\Autoloader->loadClass('App\\Controllers\\Admin\\AdminController')
 4 [internal function]: spl_autoload_call('App\\Controllers\\Admin\\AdminController')
 5 SYSTEMPATH/CodeIgniter.php(846): class_exists('\\App\\Controllers\\Admin\\AdminController', true)
 6 SYSTEMPATH/CodeIgniter.php(453): CodeIgniter\CodeIgniter->startController()
 7 SYSTEMPATH/CodeIgniter.php(349): CodeIgniter\CodeIgniter->handleRequest(null, Object(Config\Cache), false)
 8 FCPATH/index.php(55): CodeIgniter\CodeIgniter->run()
CRITICAL - 2022-06-22 11:57:59 --> syntax error, unexpected ';', expecting ']'
in APPPATH/Controllers/Admin/AdminController.php on line 38.
 1 SYSTEMPATH/Autoloader/Autoloader.php(261): CodeIgniter\Autoloader\Autoloader->includeFile('APPPATH/Controllers/Admin/AdminController.php')
 2 SYSTEMPATH/Autoloader/Autoloader.php(239): CodeIgniter\Autoloader\Autoloader->loadInNamespace('App\\Controllers\\Admin\\AdminController')
 3 [internal function]: CodeIgniter\Autoloader\Autoloader->loadClass('App\\Controllers\\Admin\\AdminController')
 4 [internal function]: spl_autoload_call('App\\Controllers\\Admin\\AdminController')
 5 SYSTEMPATH/CodeIgniter.php(846): class_exists('\\App\\Controllers\\Admin\\AdminController', true)
 6 SYSTEMPATH/CodeIgniter.php(453): CodeIgniter\CodeIgniter->startController()
 7 SYSTEMPATH/CodeIgniter.php(349): CodeIgniter\CodeIgniter->handleRequest(null, Object(Config\Cache), false)
 8 FCPATH/index.php(55): CodeIgniter\CodeIgniter->run()
ERROR - 2022-06-22 12:33:21 --> You have an error in your SQL syntax; check the manual that corresponds to your MySQL server version for the right syntax to use near 'useruid')')' at line 2
CRITICAL - 2022-06-22 12:33:21 --> You have an error in your SQL syntax; check the manual that corresponds to your MySQL server version for the right syntax to use near 'useruid')')' at line 2
in SYSTEMPATH/Database/MySQLi/Connection.php on line 292.
 1 SYSTEMPATH/Database/MySQLi/Connection.php(292): mysqli->query('INSERT INTO products (title, description, img, user_uid) 
            VALUES(\'[object Object]\', \'[object Object]\', \'public/web/1 (5).png\', \'(\'useruid\')\')', 0)
 2 SYSTEMPATH/Database/BaseConnection.php(695): CodeIgniter\Database\MySQLi\Connection->execute('INSERT INTO products (title, description, img, user_uid) 
            VALUES(\'[object Object]\', \'[object Object]\', \'public/web/1 (5).png\', \'(\'useruid\')\')')
 3 APPPATH/Controllers/Admin/AdminController.php(66): CodeIgniter\Database\BaseConnection->simpleQuery('INSERT INTO products (title, description, img, user_uid) 
            VALUES(\'[object Object]\', \'[object Object]\', \'public/web/1 (5).png\', \'(\'useruid\')\')')
 4 SYSTEMPATH/CodeIgniter.php(896): App\Controllers\Admin\AdminController->store()
 5 SYSTEMPATH/CodeIgniter.php(466): CodeIgniter\CodeIgniter->runController(Object(App\Controllers\Admin\AdminController))
 6 SYSTEMPATH/CodeIgniter.php(349): CodeIgniter\CodeIgniter->handleRequest(null, Object(Config\Cache), false)
 7 FCPATH/index.php(55): CodeIgniter\CodeIgniter->run()
CRITICAL - 2022-06-22 12:34:13 --> syntax error, unexpected 'useruid' (T_STRING)
in APPPATH/Controllers/Admin/AdminController.php on line 63.
 1 SYSTEMPATH/Autoloader/Autoloader.php(261): CodeIgniter\Autoloader\Autoloader->includeFile('APPPATH/Controllers/Admin/AdminController.php')
 2 SYSTEMPATH/Autoloader/Autoloader.php(239): CodeIgniter\Autoloader\Autoloader->loadInNamespace('App\\Controllers\\Admin\\AdminController')
 3 [internal function]: CodeIgniter\Autoloader\Autoloader->loadClass('App\\Controllers\\Admin\\AdminController')
 4 [internal function]: spl_autoload_call('App\\Controllers\\Admin\\AdminController')
 5 SYSTEMPATH/CodeIgniter.php(846): class_exists('\\App\\Controllers\\Admin\\AdminController', true)
 6 SYSTEMPATH/CodeIgniter.php(453): CodeIgniter\CodeIgniter->startController()
 7 SYSTEMPATH/CodeIgniter.php(349): CodeIgniter\CodeIgniter->handleRequest(null, Object(Config\Cache), false)
 8 FCPATH/index.php(55): CodeIgniter\CodeIgniter->run()
CRITICAL - 2022-06-22 12:34:15 --> syntax error, unexpected 'useruid' (T_STRING)
in APPPATH/Controllers/Admin/AdminController.php on line 63.
 1 SYSTEMPATH/Autoloader/Autoloader.php(261): CodeIgniter\Autoloader\Autoloader->includeFile('APPPATH/Controllers/Admin/AdminController.php')
 2 SYSTEMPATH/Autoloader/Autoloader.php(239): CodeIgniter\Autoloader\Autoloader->loadInNamespace('App\\Controllers\\Admin\\AdminController')
 3 [internal function]: CodeIgniter\Autoloader\Autoloader->loadClass('App\\Controllers\\Admin\\AdminController')
 4 [internal function]: spl_autoload_call('App\\Controllers\\Admin\\AdminController')
 5 SYSTEMPATH/CodeIgniter.php(846): class_exists('\\App\\Controllers\\Admin\\AdminController', true)
 6 SYSTEMPATH/CodeIgniter.php(453): CodeIgniter\CodeIgniter->startController()
 7 SYSTEMPATH/CodeIgniter.php(349): CodeIgniter\CodeIgniter->handleRequest(null, Object(Config\Cache), false)
 8 FCPATH/index.php(55): CodeIgniter\CodeIgniter->run()
CRITICAL - 2022-06-22 12:35:03 --> Undefined variable: data
in APPPATH/Controllers/Admin/AdminController.php on line 72.
 1 APPPATH/Controllers/Admin/AdminController.php(72): CodeIgniter\Debug\Exceptions->errorHandler(8, 'Undefined variable: data', 'APPPATH/Controllers/Admin/AdminController.php', 72, [...])
 2 SYSTEMPATH/CodeIgniter.php(896): App\Controllers\Admin\AdminController->store()
 3 SYSTEMPATH/CodeIgniter.php(466): CodeIgniter\CodeIgniter->runController(Object(App\Controllers\Admin\AdminController))
 4 SYSTEMPATH/CodeIgniter.php(349): CodeIgniter\CodeIgniter->handleRequest(null, Object(Config\Cache), false)
 5 FCPATH/index.php(55): CodeIgniter\CodeIgniter->run()
CRITICAL - 2022-06-22 12:41:25 --> move_uploaded_file(http://localhost:8888/motorcustombdg.com/public/web/1.png): failed to open stream: HTTP wrapper does not support writeable connections
in APPPATH/Controllers/Admin/AdminController.php on line 62.
 1 [internal function]: CodeIgniter\Debug\Exceptions->errorHandler(2, 'move_uploaded_file(http://localhost:8888/motorcustombdg.com/public/web/1.png): failed to open stream: HTTP wrapper does not support writeable connections', 'APPPATH/Controllers/Admin/AdminController.php', 62, [...])
 2 APPPATH/Controllers/Admin/AdminController.php(62): move_uploaded_file('/Applications/MAMP/tmp/php/phplNWfZL', 'http://localhost:8888/motorcustombdg.com/public/web/1.png')
 3 SYSTEMPATH/CodeIgniter.php(896): App\Controllers\Admin\AdminController->store()
 4 SYSTEMPATH/CodeIgniter.php(466): CodeIgniter\CodeIgniter->runController(Object(App\Controllers\Admin\AdminController))
 5 SYSTEMPATH/CodeIgniter.php(349): CodeIgniter\CodeIgniter->handleRequest(null, Object(Config\Cache), false)
 6 FCPATH/index.php(55): CodeIgniter\CodeIgniter->run()
