CRITICAL - 2022-06-26 05:45:49 --> syntax error, unexpected 'endforeach' (T_ENDFOREACH), expecting elseif (T_ELSEIF) or else (T_ELSE) or endif (T_ENDIF)
in APPPATH/Views/products/detail.php on line 22.
 1 SYSTEMPATH/View/View.php(216): CodeIgniter\View\View->CodeIgniter\View\{closure}()
 2 SYSTEMPATH/Common.php(1135): CodeIgniter\View\View->render('products/detail', [], true)
 3 APPPATH/Controllers/ProductController.php(120): view('products/detail', [...])
 4 SYSTEMPATH/CodeIgniter.php(896): App\Controllers\ProductController->detail('tsetsetsadaa')
 5 SYSTEMPATH/CodeIgniter.php(466): CodeIgniter\CodeIgniter->runController(Object(App\Controllers\ProductController))
 6 SYSTEMPATH/CodeIgniter.php(349): CodeIgniter\CodeIgniter->handleRequest(null, Object(Config\Cache), false)
 7 FCPATH/index.php(55): CodeIgniter\CodeIgniter->run()
CRITICAL - 2022-06-26 05:46:07 --> syntax error, unexpected 'endforeach' (T_ENDFOREACH)
in APPPATH/Views/products/detail.php on line 22.
 1 SYSTEMPATH/View/View.php(216): CodeIgniter\View\View->CodeIgniter\View\{closure}()
 2 SYSTEMPATH/Common.php(1135): CodeIgniter\View\View->render('products/detail', [], true)
 3 APPPATH/Controllers/ProductController.php(120): view('products/detail', [...])
 4 SYSTEMPATH/CodeIgniter.php(896): App\Controllers\ProductController->detail('tsetsetsadaa')
 5 SYSTEMPATH/CodeIgniter.php(466): CodeIgniter\CodeIgniter->runController(Object(App\Controllers\ProductController))
 6 SYSTEMPATH/CodeIgniter.php(349): CodeIgniter\CodeIgniter->handleRequest(null, Object(Config\Cache), false)
 7 FCPATH/index.php(55): CodeIgniter\CodeIgniter->run()
CRITICAL - 2022-06-26 05:46:09 --> syntax error, unexpected 'endforeach' (T_ENDFOREACH)
in APPPATH/Views/products/detail.php on line 22.
 1 SYSTEMPATH/View/View.php(216): CodeIgniter\View\View->CodeIgniter\View\{closure}()
 2 SYSTEMPATH/Common.php(1135): CodeIgniter\View\View->render('products/detail', [], true)
 3 APPPATH/Controllers/ProductController.php(120): view('products/detail', [...])
 4 SYSTEMPATH/CodeIgniter.php(896): App\Controllers\ProductController->detail('tsetsetsadaa')
 5 SYSTEMPATH/CodeIgniter.php(466): CodeIgniter\CodeIgniter->runController(Object(App\Controllers\ProductController))
 6 SYSTEMPATH/CodeIgniter.php(349): CodeIgniter\CodeIgniter->handleRequest(null, Object(Config\Cache), false)
 7 FCPATH/index.php(55): CodeIgniter\CodeIgniter->run()
CRITICAL - 2022-06-26 05:46:27 --> syntax error, unexpected 'endforeach' (T_ENDFOREACH)
in APPPATH/Views/products/detail.php on line 22.
 1 SYSTEMPATH/View/View.php(216): CodeIgniter\View\View->CodeIgniter\View\{closure}()
 2 SYSTEMPATH/Common.php(1135): CodeIgniter\View\View->render('products/detail', [], true)
 3 APPPATH/Controllers/ProductController.php(120): view('products/detail', [...])
 4 SYSTEMPATH/CodeIgniter.php(896): App\Controllers\ProductController->detail('tsetsetsadaa')
 5 SYSTEMPATH/CodeIgniter.php(466): CodeIgniter\CodeIgniter->runController(Object(App\Controllers\ProductController))
 6 SYSTEMPATH/CodeIgniter.php(349): CodeIgniter\CodeIgniter->handleRequest(null, Object(Config\Cache), false)
 7 FCPATH/index.php(55): CodeIgniter\CodeIgniter->run()
CRITICAL - 2022-06-26 05:46:28 --> syntax error, unexpected 'endforeach' (T_ENDFOREACH)
in APPPATH/Views/products/detail.php on line 22.
 1 SYSTEMPATH/View/View.php(216): CodeIgniter\View\View->CodeIgniter\View\{closure}()
 2 SYSTEMPATH/Common.php(1135): CodeIgniter\View\View->render('products/detail', [], true)
 3 APPPATH/Controllers/ProductController.php(120): view('products/detail', [...])
 4 SYSTEMPATH/CodeIgniter.php(896): App\Controllers\ProductController->detail('tsetsetsadaa')
 5 SYSTEMPATH/CodeIgniter.php(466): CodeIgniter\CodeIgniter->runController(Object(App\Controllers\ProductController))
 6 SYSTEMPATH/CodeIgniter.php(349): CodeIgniter\CodeIgniter->handleRequest(null, Object(Config\Cache), false)
 7 FCPATH/index.php(55): CodeIgniter\CodeIgniter->run()
CRITICAL - 2022-06-26 05:46:39 --> Trying to get property 'type' of non-object
in APPPATH/Views/products/detail.php on line 12.
 1 APPPATH/Views/products/detail.php(12): CodeIgniter\Debug\Exceptions->errorHandler(8, 'Trying to get property \'type\' of non-object', 'APPPATH/Views/products/detail.php', 12, [...])
 2 SYSTEMPATH/View/View.php(213): include('APPPATH/Views/products/detail.php')
 3 SYSTEMPATH/View/View.php(216): CodeIgniter\View\View->CodeIgniter\View\{closure}()
 4 SYSTEMPATH/Common.php(1135): CodeIgniter\View\View->render('products/detail', [], true)
 5 APPPATH/Controllers/ProductController.php(120): view('products/detail', [...])
 6 SYSTEMPATH/CodeIgniter.php(896): App\Controllers\ProductController->detail('tsetsetsadaa')
 7 SYSTEMPATH/CodeIgniter.php(466): CodeIgniter\CodeIgniter->runController(Object(App\Controllers\ProductController))
 8 SYSTEMPATH/CodeIgniter.php(349): CodeIgniter\CodeIgniter->handleRequest(null, Object(Config\Cache), false)
 9 FCPATH/index.php(55): CodeIgniter\CodeIgniter->run()
CRITICAL - 2022-06-26 05:46:41 --> Trying to get property 'type' of non-object
in APPPATH/Views/products/detail.php on line 12.
 1 APPPATH/Views/products/detail.php(12): CodeIgniter\Debug\Exceptions->errorHandler(8, 'Trying to get property \'type\' of non-object', 'APPPATH/Views/products/detail.php', 12, [...])
 2 SYSTEMPATH/View/View.php(213): include('APPPATH/Views/products/detail.php')
 3 SYSTEMPATH/View/View.php(216): CodeIgniter\View\View->CodeIgniter\View\{closure}()
 4 SYSTEMPATH/Common.php(1135): CodeIgniter\View\View->render('products/detail', [], true)
 5 APPPATH/Controllers/ProductController.php(120): view('products/detail', [...])
 6 SYSTEMPATH/CodeIgniter.php(896): App\Controllers\ProductController->detail('tsetsetsadaa')
 7 SYSTEMPATH/CodeIgniter.php(466): CodeIgniter\CodeIgniter->runController(Object(App\Controllers\ProductController))
 8 SYSTEMPATH/CodeIgniter.php(349): CodeIgniter\CodeIgniter->handleRequest(null, Object(Config\Cache), false)
 9 FCPATH/index.php(55): CodeIgniter\CodeIgniter->run()
CRITICAL - 2022-06-26 06:04:18 --> Undefined variable: i
in APPPATH/Views/products/detail.php on line 19.
 1 APPPATH/Views/products/detail.php(19): CodeIgniter\Debug\Exceptions->errorHandler(8, 'Undefined variable: i', 'APPPATH/Views/products/detail.php', 19, [...])
 2 SYSTEMPATH/View/View.php(213): include('APPPATH/Views/products/detail.php')
 3 SYSTEMPATH/View/View.php(216): CodeIgniter\View\View->CodeIgniter\View\{closure}()
 4 SYSTEMPATH/Common.php(1135): CodeIgniter\View\View->render('products/detail', [], true)
 5 APPPATH/Controllers/ProductController.php(120): view('products/detail', [...])
 6 SYSTEMPATH/CodeIgniter.php(896): App\Controllers\ProductController->detail('tsetsetsadaa')
 7 SYSTEMPATH/CodeIgniter.php(466): CodeIgniter\CodeIgniter->runController(Object(App\Controllers\ProductController))
 8 SYSTEMPATH/CodeIgniter.php(349): CodeIgniter\CodeIgniter->handleRequest(null, Object(Config\Cache), false)
 9 FCPATH/index.php(55): CodeIgniter\CodeIgniter->run()
CRITICAL - 2022-06-26 06:04:30 --> Undefined variable: i
in APPPATH/Views/products/detail.php on line 24.
 1 APPPATH/Views/products/detail.php(24): CodeIgniter\Debug\Exceptions->errorHandler(8, 'Undefined variable: i', 'APPPATH/Views/products/detail.php', 24, [...])
 2 SYSTEMPATH/View/View.php(213): include('APPPATH/Views/products/detail.php')
 3 SYSTEMPATH/View/View.php(216): CodeIgniter\View\View->CodeIgniter\View\{closure}()
 4 SYSTEMPATH/Common.php(1135): CodeIgniter\View\View->render('products/detail', [], true)
 5 APPPATH/Controllers/ProductController.php(120): view('products/detail', [...])
 6 SYSTEMPATH/CodeIgniter.php(896): App\Controllers\ProductController->detail('tsetsetsadaa')
 7 SYSTEMPATH/CodeIgniter.php(466): CodeIgniter\CodeIgniter->runController(Object(App\Controllers\ProductController))
 8 SYSTEMPATH/CodeIgniter.php(349): CodeIgniter\CodeIgniter->handleRequest(null, Object(Config\Cache), false)
 9 FCPATH/index.php(55): CodeIgniter\CodeIgniter->run()
CRITICAL - 2022-06-26 06:07:56 --> Trying to get property 'type' of non-object
in APPPATH/Views/products/detail.php on line 24.
 1 APPPATH/Views/products/detail.php(24): CodeIgniter\Debug\Exceptions->errorHandler(8, 'Trying to get property \'type\' of non-object', 'APPPATH/Views/products/detail.php', 24, [...])
 2 SYSTEMPATH/View/View.php(213): include('APPPATH/Views/products/detail.php')
 3 SYSTEMPATH/View/View.php(216): CodeIgniter\View\View->CodeIgniter\View\{closure}()
 4 SYSTEMPATH/Common.php(1135): CodeIgniter\View\View->render('products/detail', [], true)
 5 APPPATH/Controllers/ProductController.php(120): view('products/detail', [...])
 6 SYSTEMPATH/CodeIgniter.php(896): App\Controllers\ProductController->detail('tsetsetsadaa')
 7 SYSTEMPATH/CodeIgniter.php(466): CodeIgniter\CodeIgniter->runController(Object(App\Controllers\ProductController))
 8 SYSTEMPATH/CodeIgniter.php(349): CodeIgniter\CodeIgniter->handleRequest(null, Object(Config\Cache), false)
 9 FCPATH/index.php(55): CodeIgniter\CodeIgniter->run()
