CRITICAL - 2022-06-25 00:09:55 --> syntax error, unexpected 'foreach' (T_FOREACH)
in APPPATH/Controllers/ProductController.php on line 43.
 1 SYSTEMPATH/Autoloader/Autoloader.php(261): CodeIgniter\Autoloader\Autoloader->includeFile('APPPATH/Controllers/ProductController.php')
 2 SYSTEMPATH/Autoloader/Autoloader.php(239): CodeIgniter\Autoloader\Autoloader->loadInNamespace('App\\Controllers\\ProductController')
 3 [internal function]: CodeIgniter\Autoloader\Autoloader->loadClass('App\\Controllers\\ProductController')
 4 [internal function]: spl_autoload_call('App\\Controllers\\ProductController')
 5 SYSTEMPATH/CodeIgniter.php(846): class_exists('\\App\\Controllers\\ProductController', true)
 6 SYSTEMPATH/CodeIgniter.php(453): CodeIgniter\CodeIgniter->startController()
 7 SYSTEMPATH/CodeIgniter.php(349): CodeIgniter\CodeIgniter->handleRequest(null, Object(Config\Cache), false)
 8 FCPATH/index.php(55): CodeIgniter\CodeIgniter->run()
CRITICAL - 2022-06-25 00:14:37 --> syntax error, unexpected 'as' (T_AS)
in APPPATH/Controllers/ProductController.php on line 49.
 1 SYSTEMPATH/Autoloader/Autoloader.php(261): CodeIgniter\Autoloader\Autoloader->includeFile('APPPATH/Controllers/ProductController.php')
 2 SYSTEMPATH/Autoloader/Autoloader.php(239): CodeIgniter\Autoloader\Autoloader->loadInNamespace('App\\Controllers\\ProductController')
 3 [internal function]: CodeIgniter\Autoloader\Autoloader->loadClass('App\\Controllers\\ProductController')
 4 [internal function]: spl_autoload_call('App\\Controllers\\ProductController')
 5 SYSTEMPATH/CodeIgniter.php(846): class_exists('\\App\\Controllers\\ProductController', true)
 6 SYSTEMPATH/CodeIgniter.php(453): CodeIgniter\CodeIgniter->startController()
 7 SYSTEMPATH/CodeIgniter.php(349): CodeIgniter\CodeIgniter->handleRequest(null, Object(Config\Cache), false)
 8 FCPATH/index.php(55): CodeIgniter\CodeIgniter->run()
CRITICAL - 2022-06-25 00:15:04 --> syntax error, unexpected 'as' (T_AS)
in APPPATH/Controllers/ProductController.php on line 49.
 1 SYSTEMPATH/Autoloader/Autoloader.php(261): CodeIgniter\Autoloader\Autoloader->includeFile('APPPATH/Controllers/ProductController.php')
 2 SYSTEMPATH/Autoloader/Autoloader.php(239): CodeIgniter\Autoloader\Autoloader->loadInNamespace('App\\Controllers\\ProductController')
 3 [internal function]: CodeIgniter\Autoloader\Autoloader->loadClass('App\\Controllers\\ProductController')
 4 [internal function]: spl_autoload_call('App\\Controllers\\ProductController')
 5 SYSTEMPATH/CodeIgniter.php(846): class_exists('\\App\\Controllers\\ProductController', true)
 6 SYSTEMPATH/CodeIgniter.php(453): CodeIgniter\CodeIgniter->startController()
 7 SYSTEMPATH/CodeIgniter.php(349): CodeIgniter\CodeIgniter->handleRequest(null, Object(Config\Cache), false)
 8 FCPATH/index.php(55): CodeIgniter\CodeIgniter->run()
CRITICAL - 2022-06-25 00:15:19 --> syntax error, unexpected 'as' (T_AS)
in APPPATH/Controllers/ProductController.php on line 49.
 1 SYSTEMPATH/Autoloader/Autoloader.php(261): CodeIgniter\Autoloader\Autoloader->includeFile('APPPATH/Controllers/ProductController.php')
 2 SYSTEMPATH/Autoloader/Autoloader.php(239): CodeIgniter\Autoloader\Autoloader->loadInNamespace('App\\Controllers\\ProductController')
 3 [internal function]: CodeIgniter\Autoloader\Autoloader->loadClass('App\\Controllers\\ProductController')
 4 [internal function]: spl_autoload_call('App\\Controllers\\ProductController')
 5 SYSTEMPATH/CodeIgniter.php(846): class_exists('\\App\\Controllers\\ProductController', true)
 6 SYSTEMPATH/CodeIgniter.php(453): CodeIgniter\CodeIgniter->startController()
 7 SYSTEMPATH/CodeIgniter.php(349): CodeIgniter\CodeIgniter->handleRequest(null, Object(Config\Cache), false)
 8 FCPATH/index.php(55): CodeIgniter\CodeIgniter->run()
CRITICAL - 2022-06-25 00:17:03 --> Trying to get property 'types' of non-object
in APPPATH/Controllers/ProductController.php on line 52.
 1 APPPATH/Controllers/ProductController.php(52): CodeIgniter\Debug\Exceptions->errorHandler(8, 'Trying to get property \'types\' of non-object', 'APPPATH/Controllers/ProductController.php', 52, [...])
 2 SYSTEMPATH/CodeIgniter.php(896): App\Controllers\ProductController->initProducts()
 3 SYSTEMPATH/CodeIgniter.php(466): CodeIgniter\CodeIgniter->runController(Object(App\Controllers\ProductController))
 4 SYSTEMPATH/CodeIgniter.php(349): CodeIgniter\CodeIgniter->handleRequest(null, Object(Config\Cache), false)
 5 FCPATH/index.php(55): CodeIgniter\CodeIgniter->run()
CRITICAL - 2022-06-25 00:17:29 --> Cannot use [] for reading
in APPPATH/Controllers/ProductController.php on line 51.
 1 [internal function]: CodeIgniter\Debug\Exceptions->shutdownHandler()
CRITICAL - 2022-06-25 00:18:49 --> syntax error, unexpected 'foreach' (T_FOREACH)
in APPPATH/Controllers/ProductController.php on line 51.
 1 SYSTEMPATH/Autoloader/Autoloader.php(261): CodeIgniter\Autoloader\Autoloader->includeFile('APPPATH/Controllers/ProductController.php')
 2 SYSTEMPATH/Autoloader/Autoloader.php(239): CodeIgniter\Autoloader\Autoloader->loadInNamespace('App\\Controllers\\ProductController')
 3 [internal function]: CodeIgniter\Autoloader\Autoloader->loadClass('App\\Controllers\\ProductController')
 4 [internal function]: spl_autoload_call('App\\Controllers\\ProductController')
 5 SYSTEMPATH/CodeIgniter.php(846): class_exists('\\App\\Controllers\\ProductController', true)
 6 SYSTEMPATH/CodeIgniter.php(453): CodeIgniter\CodeIgniter->startController()
 7 SYSTEMPATH/CodeIgniter.php(349): CodeIgniter\CodeIgniter->handleRequest(null, Object(Config\Cache), false)
 8 FCPATH/index.php(55): CodeIgniter\CodeIgniter->run()
CRITICAL - 2022-06-25 00:18:55 --> syntax error, unexpected 'foreach' (T_FOREACH)
in APPPATH/Controllers/ProductController.php on line 51.
 1 SYSTEMPATH/Autoloader/Autoloader.php(261): CodeIgniter\Autoloader\Autoloader->includeFile('APPPATH/Controllers/ProductController.php')
 2 SYSTEMPATH/Autoloader/Autoloader.php(239): CodeIgniter\Autoloader\Autoloader->loadInNamespace('App\\Controllers\\ProductController')
 3 [internal function]: CodeIgniter\Autoloader\Autoloader->loadClass('App\\Controllers\\ProductController')
 4 [internal function]: spl_autoload_call('App\\Controllers\\ProductController')
 5 SYSTEMPATH/CodeIgniter.php(846): class_exists('\\App\\Controllers\\ProductController', true)
 6 SYSTEMPATH/CodeIgniter.php(453): CodeIgniter\CodeIgniter->startController()
 7 SYSTEMPATH/CodeIgniter.php(349): CodeIgniter\CodeIgniter->handleRequest(null, Object(Config\Cache), false)
 8 FCPATH/index.php(55): CodeIgniter\CodeIgniter->run()
CRITICAL - 2022-06-25 00:20:21 --> syntax error, unexpected 'foreach' (T_FOREACH)
in APPPATH/Controllers/ProductController.php on line 52.
 1 SYSTEMPATH/Autoloader/Autoloader.php(261): CodeIgniter\Autoloader\Autoloader->includeFile('APPPATH/Controllers/ProductController.php')
 2 SYSTEMPATH/Autoloader/Autoloader.php(239): CodeIgniter\Autoloader\Autoloader->loadInNamespace('App\\Controllers\\ProductController')
 3 [internal function]: CodeIgniter\Autoloader\Autoloader->loadClass('App\\Controllers\\ProductController')
 4 [internal function]: spl_autoload_call('App\\Controllers\\ProductController')
 5 SYSTEMPATH/CodeIgniter.php(846): class_exists('\\App\\Controllers\\ProductController', true)
 6 SYSTEMPATH/CodeIgniter.php(453): CodeIgniter\CodeIgniter->startController()
 7 SYSTEMPATH/CodeIgniter.php(349): CodeIgniter\CodeIgniter->handleRequest(null, Object(Config\Cache), false)
 8 FCPATH/index.php(55): CodeIgniter\CodeIgniter->run()
CRITICAL - 2022-06-25 00:20:23 --> syntax error, unexpected 'foreach' (T_FOREACH)
in APPPATH/Controllers/ProductController.php on line 52.
 1 SYSTEMPATH/Autoloader/Autoloader.php(261): CodeIgniter\Autoloader\Autoloader->includeFile('APPPATH/Controllers/ProductController.php')
 2 SYSTEMPATH/Autoloader/Autoloader.php(239): CodeIgniter\Autoloader\Autoloader->loadInNamespace('App\\Controllers\\ProductController')
 3 [internal function]: CodeIgniter\Autoloader\Autoloader->loadClass('App\\Controllers\\ProductController')
 4 [internal function]: spl_autoload_call('App\\Controllers\\ProductController')
 5 SYSTEMPATH/CodeIgniter.php(846): class_exists('\\App\\Controllers\\ProductController', true)
 6 SYSTEMPATH/CodeIgniter.php(453): CodeIgniter\CodeIgniter->startController()
 7 SYSTEMPATH/CodeIgniter.php(349): CodeIgniter\CodeIgniter->handleRequest(null, Object(Config\Cache), false)
 8 FCPATH/index.php(55): CodeIgniter\CodeIgniter->run()
CRITICAL - 2022-06-25 00:20:55 --> Array to string conversion
in APPPATH/Controllers/ProductController.php on line 55.
 1 APPPATH/Controllers/ProductController.php(55): CodeIgniter\Debug\Exceptions->errorHandler(8, 'Array to string conversion', 'APPPATH/Controllers/ProductController.php', 55, [...])
 2 SYSTEMPATH/CodeIgniter.php(896): App\Controllers\ProductController->initProducts()
 3 SYSTEMPATH/CodeIgniter.php(466): CodeIgniter\CodeIgniter->runController(Object(App\Controllers\ProductController))
 4 SYSTEMPATH/CodeIgniter.php(349): CodeIgniter\CodeIgniter->handleRequest(null, Object(Config\Cache), false)
 5 FCPATH/index.php(55): CodeIgniter\CodeIgniter->run()
CRITICAL - 2022-06-25 00:27:27 --> Unparenthesized `a ? b : c ? d : e` is deprecated. Use either `(a ? b : c) ? d : e` or `a ? b : (c ? d : e)`
in APPPATH/Controllers/ProductController.php on line 28.
 1 SYSTEMPATH/Autoloader/Autoloader.php(284): CodeIgniter\Debug\Exceptions->errorHandler(8192, 'Unparenthesized `a ? b : c ? d : e` is deprecated. Use either `(a ? b : c) ? d : e` or `a ? b : (c ? d : e)`', 'APPPATH/Controllers/ProductController.php', 28, [...])
 2 SYSTEMPATH/Autoloader/Autoloader.php(284): include_once()
 3 SYSTEMPATH/Autoloader/Autoloader.php(261): CodeIgniter\Autoloader\Autoloader->includeFile('APPPATH/Controllers/ProductController.php')
 4 SYSTEMPATH/Autoloader/Autoloader.php(239): CodeIgniter\Autoloader\Autoloader->loadInNamespace('App\\Controllers\\ProductController')
 5 [internal function]: CodeIgniter\Autoloader\Autoloader->loadClass('App\\Controllers\\ProductController')
 6 [internal function]: spl_autoload_call('App\\Controllers\\ProductController')
 7 SYSTEMPATH/CodeIgniter.php(846): class_exists('\\App\\Controllers\\ProductController', true)
 8 SYSTEMPATH/CodeIgniter.php(453): CodeIgniter\CodeIgniter->startController()
 9 SYSTEMPATH/CodeIgniter.php(349): CodeIgniter\CodeIgniter->handleRequest(null, Object(Config\Cache), false)
10 FCPATH/index.php(55): CodeIgniter\CodeIgniter->run()
CRITICAL - 2022-06-25 00:27:37 --> Unparenthesized `a ? b : c ? d : e` is deprecated. Use either `(a ? b : c) ? d : e` or `a ? b : (c ? d : e)`
in APPPATH/Controllers/ProductController.php on line 28.
 1 SYSTEMPATH/Autoloader/Autoloader.php(284): CodeIgniter\Debug\Exceptions->errorHandler(8192, 'Unparenthesized `a ? b : c ? d : e` is deprecated. Use either `(a ? b : c) ? d : e` or `a ? b : (c ? d : e)`', 'APPPATH/Controllers/ProductController.php', 28, [...])
 2 SYSTEMPATH/Autoloader/Autoloader.php(284): include_once()
 3 SYSTEMPATH/Autoloader/Autoloader.php(261): CodeIgniter\Autoloader\Autoloader->includeFile('APPPATH/Controllers/ProductController.php')
 4 SYSTEMPATH/Autoloader/Autoloader.php(239): CodeIgniter\Autoloader\Autoloader->loadInNamespace('App\\Controllers\\ProductController')
 5 [internal function]: CodeIgniter\Autoloader\Autoloader->loadClass('App\\Controllers\\ProductController')
 6 [internal function]: spl_autoload_call('App\\Controllers\\ProductController')
 7 SYSTEMPATH/CodeIgniter.php(846): class_exists('\\App\\Controllers\\ProductController', true)
 8 SYSTEMPATH/CodeIgniter.php(453): CodeIgniter\CodeIgniter->startController()
 9 SYSTEMPATH/CodeIgniter.php(349): CodeIgniter\CodeIgniter->handleRequest(null, Object(Config\Cache), false)
10 FCPATH/index.php(55): CodeIgniter\CodeIgniter->run()
CRITICAL - 2022-06-25 00:29:47 --> Unparenthesized `a ? b : c ? d : e` is deprecated. Use either `(a ? b : c) ? d : e` or `a ? b : (c ? d : e)`
in APPPATH/Controllers/ProductController.php on line 73.
 1 SYSTEMPATH/Autoloader/Autoloader.php(284): CodeIgniter\Debug\Exceptions->errorHandler(8192, 'Unparenthesized `a ? b : c ? d : e` is deprecated. Use either `(a ? b : c) ? d : e` or `a ? b : (c ? d : e)`', 'APPPATH/Controllers/ProductController.php', 73, [...])
 2 SYSTEMPATH/Autoloader/Autoloader.php(284): include_once()
 3 SYSTEMPATH/Autoloader/Autoloader.php(261): CodeIgniter\Autoloader\Autoloader->includeFile('APPPATH/Controllers/ProductController.php')
 4 SYSTEMPATH/Autoloader/Autoloader.php(239): CodeIgniter\Autoloader\Autoloader->loadInNamespace('App\\Controllers\\ProductController')
 5 [internal function]: CodeIgniter\Autoloader\Autoloader->loadClass('App\\Controllers\\ProductController')
 6 [internal function]: spl_autoload_call('App\\Controllers\\ProductController')
 7 SYSTEMPATH/CodeIgniter.php(846): class_exists('\\App\\Controllers\\ProductController', true)
 8 SYSTEMPATH/CodeIgniter.php(453): CodeIgniter\CodeIgniter->startController()
 9 SYSTEMPATH/CodeIgniter.php(349): CodeIgniter\CodeIgniter->handleRequest(null, Object(Config\Cache), false)
10 FCPATH/index.php(55): CodeIgniter\CodeIgniter->run()
CRITICAL - 2022-06-25 00:30:20 --> Unparenthesized `a ? b : c ? d : e` is deprecated. Use either `(a ? b : c) ? d : e` or `a ? b : (c ? d : e)`
in APPPATH/Controllers/ProductController.php on line 73.
 1 SYSTEMPATH/Autoloader/Autoloader.php(284): CodeIgniter\Debug\Exceptions->errorHandler(8192, 'Unparenthesized `a ? b : c ? d : e` is deprecated. Use either `(a ? b : c) ? d : e` or `a ? b : (c ? d : e)`', 'APPPATH/Controllers/ProductController.php', 73, [...])
 2 SYSTEMPATH/Autoloader/Autoloader.php(284): include_once()
 3 SYSTEMPATH/Autoloader/Autoloader.php(261): CodeIgniter\Autoloader\Autoloader->includeFile('APPPATH/Controllers/ProductController.php')
 4 SYSTEMPATH/Autoloader/Autoloader.php(239): CodeIgniter\Autoloader\Autoloader->loadInNamespace('App\\Controllers\\ProductController')
 5 [internal function]: CodeIgniter\Autoloader\Autoloader->loadClass('App\\Controllers\\ProductController')
 6 [internal function]: spl_autoload_call('App\\Controllers\\ProductController')
 7 SYSTEMPATH/CodeIgniter.php(846): class_exists('\\App\\Controllers\\ProductController', true)
 8 SYSTEMPATH/CodeIgniter.php(453): CodeIgniter\CodeIgniter->startController()
 9 SYSTEMPATH/CodeIgniter.php(349): CodeIgniter\CodeIgniter->handleRequest(null, Object(Config\Cache), false)
10 FCPATH/index.php(55): CodeIgniter\CodeIgniter->run()
CRITICAL - 2022-06-25 00:39:59 --> Undefined variable: hasNext
in APPPATH/Controllers/ProductController.php on line 82.
 1 APPPATH/Controllers/ProductController.php(82): CodeIgniter\Debug\Exceptions->errorHandler(8, 'Undefined variable: hasNext', 'APPPATH/Controllers/ProductController.php', 82, [...])
 2 SYSTEMPATH/CodeIgniter.php(896): App\Controllers\ProductController->initProducts()
 3 SYSTEMPATH/CodeIgniter.php(466): CodeIgniter\CodeIgniter->runController(Object(App\Controllers\ProductController))
 4 SYSTEMPATH/CodeIgniter.php(349): CodeIgniter\CodeIgniter->handleRequest(null, Object(Config\Cache), false)
 5 FCPATH/index.php(55): CodeIgniter\CodeIgniter->run()
CRITICAL - 2022-06-25 00:45:24 --> Undefined variable: images
in APPPATH/Views/products/detail.php on line 8.
 1 APPPATH/Views/products/detail.php(8): CodeIgniter\Debug\Exceptions->errorHandler(8, 'Undefined variable: images', 'APPPATH/Views/products/detail.php', 8, [...])
 2 SYSTEMPATH/View/View.php(213): include('APPPATH/Views/products/detail.php')
 3 SYSTEMPATH/View/View.php(216): CodeIgniter\View\View->CodeIgniter\View\{closure}()
 4 SYSTEMPATH/Common.php(1135): CodeIgniter\View\View->render('products/detail', [], true)
 5 APPPATH/Controllers/ProductController.php(110): view('products/detail', [...])
 6 SYSTEMPATH/CodeIgniter.php(896): App\Controllers\ProductController->detail('judul-pertama-1')
 7 SYSTEMPATH/CodeIgniter.php(466): CodeIgniter\CodeIgniter->runController(Object(App\Controllers\ProductController))
 8 SYSTEMPATH/CodeIgniter.php(349): CodeIgniter\CodeIgniter->handleRequest(null, Object(Config\Cache), false)
 9 FCPATH/index.php(55): CodeIgniter\CodeIgniter->run()
