CRITICAL - 2022-06-23 02:14:29 --> syntax error, unexpected '$val' (T_VARIABLE)
in APPPATH/Controllers/Admin/AdminController.php on line 145.
 1 SYSTEMPATH/Autoloader/Autoloader.php(261): CodeIgniter\Autoloader\Autoloader->includeFile('APPPATH/Controllers/Admin/AdminController.php')
 2 SYSTEMPATH/Autoloader/Autoloader.php(239): CodeIgniter\Autoloader\Autoloader->loadInNamespace('App\\Controllers\\Admin\\AdminController')
 3 [internal function]: CodeIgniter\Autoloader\Autoloader->loadClass('App\\Controllers\\Admin\\AdminController')
 4 [internal function]: spl_autoload_call('App\\Controllers\\Admin\\AdminController')
 5 SYSTEMPATH/CodeIgniter.php(846): class_exists('\\App\\Controllers\\Admin\\AdminController', true)
 6 SYSTEMPATH/CodeIgniter.php(453): CodeIgniter\CodeIgniter->startController()
 7 SYSTEMPATH/CodeIgniter.php(349): CodeIgniter\CodeIgniter->handleRequest(null, Object(Config\Cache), false)
 8 FCPATH/index.php(55): CodeIgniter\CodeIgniter->run()
CRITICAL - 2022-06-23 02:14:33 --> syntax error, unexpected '$val' (T_VARIABLE)
in APPPATH/Controllers/Admin/AdminController.php on line 145.
 1 SYSTEMPATH/Autoloader/Autoloader.php(261): CodeIgniter\Autoloader\Autoloader->includeFile('APPPATH/Controllers/Admin/AdminController.php')
 2 SYSTEMPATH/Autoloader/Autoloader.php(239): CodeIgniter\Autoloader\Autoloader->loadInNamespace('App\\Controllers\\Admin\\AdminController')
 3 [internal function]: CodeIgniter\Autoloader\Autoloader->loadClass('App\\Controllers\\Admin\\AdminController')
 4 [internal function]: spl_autoload_call('App\\Controllers\\Admin\\AdminController')
 5 SYSTEMPATH/CodeIgniter.php(846): class_exists('\\App\\Controllers\\Admin\\AdminController', true)
 6 SYSTEMPATH/CodeIgniter.php(453): CodeIgniter\CodeIgniter->startController()
 7 SYSTEMPATH/CodeIgniter.php(349): CodeIgniter\CodeIgniter->handleRequest(null, Object(Config\Cache), false)
 8 FCPATH/index.php(55): CodeIgniter\CodeIgniter->run()
ERROR - 2022-06-23 02:30:03 --> Table 'motorcustombdg.producs' doesn't exist
CRITICAL - 2022-06-23 02:30:03 --> Table 'motorcustombdg.producs' doesn't exist
in SYSTEMPATH/Database/MySQLi/Connection.php on line 292.
 1 SYSTEMPATH/Database/MySQLi/Connection.php(292): mysqli->query('SELECT * FROM producs WHERE uid = \'24c8b66a-9579-4f34-be93-092425e48637\'', 0)
 2 SYSTEMPATH/Database/BaseConnection.php(695): CodeIgniter\Database\MySQLi\Connection->execute('SELECT * FROM producs WHERE uid = \'24c8b66a-9579-4f34-be93-092425e48637\'')
 3 SYSTEMPATH/Database/BaseConnection.php(609): CodeIgniter\Database\BaseConnection->simpleQuery('SELECT * FROM producs WHERE uid = \'24c8b66a-9579-4f34-be93-092425e48637\'')
 4 APPPATH/Controllers/Admin/AdminController.php(52): CodeIgniter\Database\BaseConnection->query('SELECT * FROM producs WHERE uid = \'24c8b66a-9579-4f34-be93-092425e48637\'')
 5 SYSTEMPATH/CodeIgniter.php(896): App\Controllers\Admin\AdminController->productsDelete('24c8b66a-9579-4f34-be93-092425e48637')
 6 SYSTEMPATH/CodeIgniter.php(466): CodeIgniter\CodeIgniter->runController(Object(App\Controllers\Admin\AdminController))
 7 SYSTEMPATH/CodeIgniter.php(349): CodeIgniter\CodeIgniter->handleRequest(null, Object(Config\Cache), false)
 8 FCPATH/index.php(55): CodeIgniter\CodeIgniter->run()
CRITICAL - 2022-06-23 02:30:19 --> unlink(): http does not allow unlinking
in APPPATH/Controllers/Admin/AdminController.php on line 54.
 1 [internal function]: CodeIgniter\Debug\Exceptions->errorHandler(2, 'unlink(): http does not allow unlinking', 'APPPATH/Controllers/Admin/AdminController.php', 54, [...])
 2 APPPATH/Controllers/Admin/AdminController.php(54): unlink('http://localhost:8888/motorcustombdg.com/public/web/2 (1).png')
 3 SYSTEMPATH/CodeIgniter.php(896): App\Controllers\Admin\AdminController->productsDelete('24c8b66a-9579-4f34-be93-092425e48637')
 4 SYSTEMPATH/CodeIgniter.php(466): CodeIgniter\CodeIgniter->runController(Object(App\Controllers\Admin\AdminController))
 5 SYSTEMPATH/CodeIgniter.php(349): CodeIgniter\CodeIgniter->handleRequest(null, Object(Config\Cache), false)
 6 FCPATH/index.php(55): CodeIgniter\CodeIgniter->run()
CRITICAL - 2022-06-23 02:30:39 --> unlink(): http does not allow unlinking
in APPPATH/Controllers/Admin/AdminController.php on line 54.
 1 [internal function]: CodeIgniter\Debug\Exceptions->errorHandler(2, 'unlink(): http does not allow unlinking', 'APPPATH/Controllers/Admin/AdminController.php', 54, [...])
 2 APPPATH/Controllers/Admin/AdminController.php(54): unlink('http://localhost:8888/motorcustombdg.com/public/web/2 (1).png')
 3 SYSTEMPATH/CodeIgniter.php(896): App\Controllers\Admin\AdminController->productsDelete('24c8b66a-9579-4f34-be93-092425e48637')
 4 SYSTEMPATH/CodeIgniter.php(466): CodeIgniter\CodeIgniter->runController(Object(App\Controllers\Admin\AdminController))
 5 SYSTEMPATH/CodeIgniter.php(349): CodeIgniter\CodeIgniter->handleRequest(null, Object(Config\Cache), false)
 6 FCPATH/index.php(55): CodeIgniter\CodeIgniter->run()
CRITICAL - 2022-06-23 02:35:24 --> syntax error, unexpected 'base_url' (T_STRING)
in APPPATH/Controllers/Admin/AdminController.php on line 162.
 1 SYSTEMPATH/Autoloader/Autoloader.php(261): CodeIgniter\Autoloader\Autoloader->includeFile('APPPATH/Controllers/Admin/AdminController.php')
 2 SYSTEMPATH/Autoloader/Autoloader.php(239): CodeIgniter\Autoloader\Autoloader->loadInNamespace('App\\Controllers\\Admin\\AdminController')
 3 [internal function]: CodeIgniter\Autoloader\Autoloader->loadClass('App\\Controllers\\Admin\\AdminController')
 4 [internal function]: spl_autoload_call('App\\Controllers\\Admin\\AdminController')
 5 SYSTEMPATH/CodeIgniter.php(846): class_exists('\\App\\Controllers\\Admin\\AdminController', true)
 6 SYSTEMPATH/CodeIgniter.php(453): CodeIgniter\CodeIgniter->startController()
 7 SYSTEMPATH/CodeIgniter.php(349): CodeIgniter\CodeIgniter->handleRequest(null, Object(Config\Cache), false)
 8 FCPATH/index.php(55): CodeIgniter\CodeIgniter->run()
CRITICAL - 2022-06-23 02:35:26 --> syntax error, unexpected 'base_url' (T_STRING)
in APPPATH/Controllers/Admin/AdminController.php on line 162.
 1 SYSTEMPATH/Autoloader/Autoloader.php(261): CodeIgniter\Autoloader\Autoloader->includeFile('APPPATH/Controllers/Admin/AdminController.php')
 2 SYSTEMPATH/Autoloader/Autoloader.php(239): CodeIgniter\Autoloader\Autoloader->loadInNamespace('App\\Controllers\\Admin\\AdminController')
 3 [internal function]: CodeIgniter\Autoloader\Autoloader->loadClass('App\\Controllers\\Admin\\AdminController')
 4 [internal function]: spl_autoload_call('App\\Controllers\\Admin\\AdminController')
 5 SYSTEMPATH/CodeIgniter.php(846): class_exists('\\App\\Controllers\\Admin\\AdminController', true)
 6 SYSTEMPATH/CodeIgniter.php(453): CodeIgniter\CodeIgniter->startController()
 7 SYSTEMPATH/CodeIgniter.php(349): CodeIgniter\CodeIgniter->handleRequest(null, Object(Config\Cache), false)
 8 FCPATH/index.php(55): CodeIgniter\CodeIgniter->run()
CRITICAL - 2022-06-23 02:35:41 --> syntax error, unexpected '$val' (T_VARIABLE)
in APPPATH/Controllers/Admin/AdminController.php on line 162.
 1 SYSTEMPATH/Autoloader/Autoloader.php(261): CodeIgniter\Autoloader\Autoloader->includeFile('APPPATH/Controllers/Admin/AdminController.php')
 2 SYSTEMPATH/Autoloader/Autoloader.php(239): CodeIgniter\Autoloader\Autoloader->loadInNamespace('App\\Controllers\\Admin\\AdminController')
 3 [internal function]: CodeIgniter\Autoloader\Autoloader->loadClass('App\\Controllers\\Admin\\AdminController')
 4 [internal function]: spl_autoload_call('App\\Controllers\\Admin\\AdminController')
 5 SYSTEMPATH/CodeIgniter.php(846): class_exists('\\App\\Controllers\\Admin\\AdminController', true)
 6 SYSTEMPATH/CodeIgniter.php(453): CodeIgniter\CodeIgniter->startController()
 7 SYSTEMPATH/CodeIgniter.php(349): CodeIgniter\CodeIgniter->handleRequest(null, Object(Config\Cache), false)
 8 FCPATH/index.php(55): CodeIgniter\CodeIgniter->run()
CRITICAL - 2022-06-23 02:35:42 --> syntax error, unexpected '$val' (T_VARIABLE)
in APPPATH/Controllers/Admin/AdminController.php on line 162.
 1 SYSTEMPATH/Autoloader/Autoloader.php(261): CodeIgniter\Autoloader\Autoloader->includeFile('APPPATH/Controllers/Admin/AdminController.php')
 2 SYSTEMPATH/Autoloader/Autoloader.php(239): CodeIgniter\Autoloader\Autoloader->loadInNamespace('App\\Controllers\\Admin\\AdminController')
 3 [internal function]: CodeIgniter\Autoloader\Autoloader->loadClass('App\\Controllers\\Admin\\AdminController')
 4 [internal function]: spl_autoload_call('App\\Controllers\\Admin\\AdminController')
 5 SYSTEMPATH/CodeIgniter.php(846): class_exists('\\App\\Controllers\\Admin\\AdminController', true)
 6 SYSTEMPATH/CodeIgniter.php(453): CodeIgniter\CodeIgniter->startController()
 7 SYSTEMPATH/CodeIgniter.php(349): CodeIgniter\CodeIgniter->handleRequest(null, Object(Config\Cache), false)
 8 FCPATH/index.php(55): CodeIgniter\CodeIgniter->run()
CRITICAL - 2022-06-23 02:36:06 --> syntax error, unexpected '' class="img-fluid"/>'' (T_CONSTANT_ENCAPSED_STRING)
in APPPATH/Controllers/Admin/AdminController.php on line 162.
 1 SYSTEMPATH/Autoloader/Autoloader.php(261): CodeIgniter\Autoloader\Autoloader->includeFile('APPPATH/Controllers/Admin/AdminController.php')
 2 SYSTEMPATH/Autoloader/Autoloader.php(239): CodeIgniter\Autoloader\Autoloader->loadInNamespace('App\\Controllers\\Admin\\AdminController')
 3 [internal function]: CodeIgniter\Autoloader\Autoloader->loadClass('App\\Controllers\\Admin\\AdminController')
 4 [internal function]: spl_autoload_call('App\\Controllers\\Admin\\AdminController')
 5 SYSTEMPATH/CodeIgniter.php(846): class_exists('\\App\\Controllers\\Admin\\AdminController', true)
 6 SYSTEMPATH/CodeIgniter.php(453): CodeIgniter\CodeIgniter->startController()
 7 SYSTEMPATH/CodeIgniter.php(349): CodeIgniter\CodeIgniter->handleRequest(null, Object(Config\Cache), false)
 8 FCPATH/index.php(55): CodeIgniter\CodeIgniter->run()
CRITICAL - 2022-06-23 02:36:08 --> syntax error, unexpected '' class="img-fluid"/>'' (T_CONSTANT_ENCAPSED_STRING)
in APPPATH/Controllers/Admin/AdminController.php on line 162.
 1 SYSTEMPATH/Autoloader/Autoloader.php(261): CodeIgniter\Autoloader\Autoloader->includeFile('APPPATH/Controllers/Admin/AdminController.php')
 2 SYSTEMPATH/Autoloader/Autoloader.php(239): CodeIgniter\Autoloader\Autoloader->loadInNamespace('App\\Controllers\\Admin\\AdminController')
 3 [internal function]: CodeIgniter\Autoloader\Autoloader->loadClass('App\\Controllers\\Admin\\AdminController')
 4 [internal function]: spl_autoload_call('App\\Controllers\\Admin\\AdminController')
 5 SYSTEMPATH/CodeIgniter.php(846): class_exists('\\App\\Controllers\\Admin\\AdminController', true)
 6 SYSTEMPATH/CodeIgniter.php(453): CodeIgniter\CodeIgniter->startController()
 7 SYSTEMPATH/CodeIgniter.php(349): CodeIgniter\CodeIgniter->handleRequest(null, Object(Config\Cache), false)
 8 FCPATH/index.php(55): CodeIgniter\CodeIgniter->run()
CRITICAL - 2022-06-23 02:36:27 --> syntax error, unexpected 'base_url' (T_STRING)
in APPPATH/Controllers/Admin/AdminController.php on line 162.
 1 SYSTEMPATH/Autoloader/Autoloader.php(261): CodeIgniter\Autoloader\Autoloader->includeFile('APPPATH/Controllers/Admin/AdminController.php')
 2 SYSTEMPATH/Autoloader/Autoloader.php(239): CodeIgniter\Autoloader\Autoloader->loadInNamespace('App\\Controllers\\Admin\\AdminController')
 3 [internal function]: CodeIgniter\Autoloader\Autoloader->loadClass('App\\Controllers\\Admin\\AdminController')
 4 [internal function]: spl_autoload_call('App\\Controllers\\Admin\\AdminController')
 5 SYSTEMPATH/CodeIgniter.php(846): class_exists('\\App\\Controllers\\Admin\\AdminController', true)
 6 SYSTEMPATH/CodeIgniter.php(453): CodeIgniter\CodeIgniter->startController()
 7 SYSTEMPATH/CodeIgniter.php(349): CodeIgniter\CodeIgniter->handleRequest(null, Object(Config\Cache), false)
 8 FCPATH/index.php(55): CodeIgniter\CodeIgniter->run()
CRITICAL - 2022-06-23 02:36:37 --> syntax error, unexpected '$val' (T_VARIABLE)
in APPPATH/Controllers/Admin/AdminController.php on line 162.
 1 SYSTEMPATH/Autoloader/Autoloader.php(261): CodeIgniter\Autoloader\Autoloader->includeFile('APPPATH/Controllers/Admin/AdminController.php')
 2 SYSTEMPATH/Autoloader/Autoloader.php(239): CodeIgniter\Autoloader\Autoloader->loadInNamespace('App\\Controllers\\Admin\\AdminController')
 3 [internal function]: CodeIgniter\Autoloader\Autoloader->loadClass('App\\Controllers\\Admin\\AdminController')
 4 [internal function]: spl_autoload_call('App\\Controllers\\Admin\\AdminController')
 5 SYSTEMPATH/CodeIgniter.php(846): class_exists('\\App\\Controllers\\Admin\\AdminController', true)
 6 SYSTEMPATH/CodeIgniter.php(453): CodeIgniter\CodeIgniter->startController()
 7 SYSTEMPATH/CodeIgniter.php(349): CodeIgniter\CodeIgniter->handleRequest(null, Object(Config\Cache), false)
 8 FCPATH/index.php(55): CodeIgniter\CodeIgniter->run()
CRITICAL - 2022-06-23 02:38:27 --> unlink(/public/web/264354121.jpeg): No such file or directory
in APPPATH/Controllers/Admin/AdminController.php on line 54.
 1 [internal function]: CodeIgniter\Debug\Exceptions->errorHandler(2, 'unlink(/public/web/264354121.jpeg): No such file or directory', 'APPPATH/Controllers/Admin/AdminController.php', 54, [...])
 2 APPPATH/Controllers/Admin/AdminController.php(54): unlink('/public/web/264354121.jpeg')
 3 SYSTEMPATH/CodeIgniter.php(896): App\Controllers\Admin\AdminController->productsDelete('73d2945d-6e73-417c-88fd-741da3a6442a')
 4 SYSTEMPATH/CodeIgniter.php(466): CodeIgniter\CodeIgniter->runController(Object(App\Controllers\Admin\AdminController))
 5 SYSTEMPATH/CodeIgniter.php(349): CodeIgniter\CodeIgniter->handleRequest(null, Object(Config\Cache), false)
 6 FCPATH/index.php(55): CodeIgniter\CodeIgniter->run()
CRITICAL - 2022-06-23 02:38:41 --> unlink(/public/web/264354121.jpeg): No such file or directory
in APPPATH/Controllers/Admin/AdminController.php on line 54.
 1 [internal function]: CodeIgniter\Debug\Exceptions->errorHandler(2, 'unlink(/public/web/264354121.jpeg): No such file or directory', 'APPPATH/Controllers/Admin/AdminController.php', 54, [...])
 2 APPPATH/Controllers/Admin/AdminController.php(54): unlink('/public/web/264354121.jpeg')
 3 SYSTEMPATH/CodeIgniter.php(896): App\Controllers\Admin\AdminController->productsDelete('73d2945d-6e73-417c-88fd-741da3a6442a')
 4 SYSTEMPATH/CodeIgniter.php(466): CodeIgniter\CodeIgniter->runController(Object(App\Controllers\Admin\AdminController))
 5 SYSTEMPATH/CodeIgniter.php(349): CodeIgniter\CodeIgniter->handleRequest(null, Object(Config\Cache), false)
 6 FCPATH/index.php(55): CodeIgniter\CodeIgniter->run()
CRITICAL - 2022-06-23 02:40:12 --> Call to undefined function App\Controllers\Admin\public_path()
in APPPATH/Controllers/Admin/AdminController.php on line 54.
 1 SYSTEMPATH/CodeIgniter.php(896): App\Controllers\Admin\AdminController->productsDelete('73d2945d-6e73-417c-88fd-741da3a6442a')
 2 SYSTEMPATH/CodeIgniter.php(466): CodeIgniter\CodeIgniter->runController(Object(App\Controllers\Admin\AdminController))
 3 SYSTEMPATH/CodeIgniter.php(349): CodeIgniter\CodeIgniter->handleRequest(null, Object(Config\Cache), false)
 4 FCPATH/index.php(55): CodeIgniter\CodeIgniter->run()
CRITICAL - 2022-06-23 02:41:57 --> unlink(): http does not allow unlinking
in APPPATH/Controllers/Admin/AdminController.php on line 55.
 1 [internal function]: CodeIgniter\Debug\Exceptions->errorHandler(2, 'unlink(): http does not allow unlinking', 'APPPATH/Controllers/Admin/AdminController.php', 55, [...])
 2 APPPATH/Controllers/Admin/AdminController.php(55): unlink('http://localhost:8888/motorcustombdg.com/public/web/264354121.jpeg')
 3 SYSTEMPATH/CodeIgniter.php(896): App\Controllers\Admin\AdminController->productsDelete('73d2945d-6e73-417c-88fd-741da3a6442a')
 4 SYSTEMPATH/CodeIgniter.php(466): CodeIgniter\CodeIgniter->runController(Object(App\Controllers\Admin\AdminController))
 5 SYSTEMPATH/CodeIgniter.php(349): CodeIgniter\CodeIgniter->handleRequest(null, Object(Config\Cache), false)
 6 FCPATH/index.php(55): CodeIgniter\CodeIgniter->run()
CRITICAL - 2022-06-23 02:42:59 --> Call to undefined function App\Controllers\Admin\base_path()
in APPPATH/Controllers/Admin/AdminController.php on line 54.
 1 SYSTEMPATH/CodeIgniter.php(896): App\Controllers\Admin\AdminController->productsDelete('73d2945d-6e73-417c-88fd-741da3a6442a')
 2 SYSTEMPATH/CodeIgniter.php(466): CodeIgniter\CodeIgniter->runController(Object(App\Controllers\Admin\AdminController))
 3 SYSTEMPATH/CodeIgniter.php(349): CodeIgniter\CodeIgniter->handleRequest(null, Object(Config\Cache), false)
 4 FCPATH/index.php(55): CodeIgniter\CodeIgniter->run()
CRITICAL - 2022-06-23 02:43:56 --> Use of undefined constant BASEPATH - assumed 'BASEPATH' (this will throw an Error in a future version of PHP)
in APPPATH/Controllers/Admin/AdminController.php on line 54.
 1 APPPATH/Controllers/Admin/AdminController.php(54): CodeIgniter\Debug\Exceptions->errorHandler(2, 'Use of undefined constant BASEPATH - assumed \'BASEPATH\' (this will throw an Error in a future version of PHP)', 'APPPATH/Controllers/Admin/AdminController.php', 54, [...])
 2 SYSTEMPATH/CodeIgniter.php(896): App\Controllers\Admin\AdminController->productsDelete('73d2945d-6e73-417c-88fd-741da3a6442a')
 3 SYSTEMPATH/CodeIgniter.php(466): CodeIgniter\CodeIgniter->runController(Object(App\Controllers\Admin\AdminController))
 4 SYSTEMPATH/CodeIgniter.php(349): CodeIgniter\CodeIgniter->handleRequest(null, Object(Config\Cache), false)
 5 FCPATH/index.php(55): CodeIgniter\CodeIgniter->run()
CRITICAL - 2022-06-23 02:45:02 --> unlink(/Applications/MAMP/htdocs/motorcustombdg.com/writable//public/web/264354121.jpeg): No such file or directory
in APPPATH/Controllers/Admin/AdminController.php on line 55.
 1 [internal function]: CodeIgniter\Debug\Exceptions->errorHandler(2, 'unlink(/Applications/MAMP/htdocs/motorcustombdg.com/writable//public/web/264354121.jpeg): No such file or directory', 'APPPATH/Controllers/Admin/AdminController.php', 55, [...])
 2 APPPATH/Controllers/Admin/AdminController.php(55): unlink('FCPATH/writable//public/web/264354121.jpeg')
 3 SYSTEMPATH/CodeIgniter.php(896): App\Controllers\Admin\AdminController->productsDelete('73d2945d-6e73-417c-88fd-741da3a6442a')
 4 SYSTEMPATH/CodeIgniter.php(466): CodeIgniter\CodeIgniter->runController(Object(App\Controllers\Admin\AdminController))
 5 SYSTEMPATH/CodeIgniter.php(349): CodeIgniter\CodeIgniter->handleRequest(null, Object(Config\Cache), false)
 6 FCPATH/index.php(55): CodeIgniter\CodeIgniter->run()
CRITICAL - 2022-06-23 02:46:32 --> unlink(/Applications/MAMP/htdocs/motorcustombdg.com//public/web/264354121.jpeg): No such file or directory
in APPPATH/Controllers/Admin/AdminController.php on line 54.
 1 [internal function]: CodeIgniter\Debug\Exceptions->errorHandler(2, 'unlink(/Applications/MAMP/htdocs/motorcustombdg.com//public/web/264354121.jpeg): No such file or directory', 'APPPATH/Controllers/Admin/AdminController.php', 54, [...])
 2 APPPATH/Controllers/Admin/AdminController.php(54): unlink('FCPATH//public/web/264354121.jpeg')
 3 SYSTEMPATH/CodeIgniter.php(896): App\Controllers\Admin\AdminController->productsDelete('73d2945d-6e73-417c-88fd-741da3a6442a')
 4 SYSTEMPATH/CodeIgniter.php(466): CodeIgniter\CodeIgniter->runController(Object(App\Controllers\Admin\AdminController))
 5 SYSTEMPATH/CodeIgniter.php(349): CodeIgniter\CodeIgniter->handleRequest(null, Object(Config\Cache), false)
 6 FCPATH/index.php(55): CodeIgniter\CodeIgniter->run()
CRITICAL - 2022-06-23 02:47:05 --> unlink(/Applications/MAMP/htdocs/motorcustombdg.com//public/web/264354121.jpeg): No such file or directory
in APPPATH/Controllers/Admin/AdminController.php on line 54.
 1 [internal function]: CodeIgniter\Debug\Exceptions->errorHandler(2, 'unlink(/Applications/MAMP/htdocs/motorcustombdg.com//public/web/264354121.jpeg): No such file or directory', 'APPPATH/Controllers/Admin/AdminController.php', 54, [...])
 2 APPPATH/Controllers/Admin/AdminController.php(54): unlink('FCPATH//public/web/264354121.jpeg')
 3 SYSTEMPATH/CodeIgniter.php(896): App\Controllers\Admin\AdminController->productsDelete('73d2945d-6e73-417c-88fd-741da3a6442a')
 4 SYSTEMPATH/CodeIgniter.php(466): CodeIgniter\CodeIgniter->runController(Object(App\Controllers\Admin\AdminController))
 5 SYSTEMPATH/CodeIgniter.php(349): CodeIgniter\CodeIgniter->handleRequest(null, Object(Config\Cache), false)
 6 FCPATH/index.php(55): CodeIgniter\CodeIgniter->run()
CRITICAL - 2022-06-23 09:12:04 --> Undefined offset: 0
in APPPATH/Controllers/Admin/AdminController.php on line 54.
 1 APPPATH/Controllers/Admin/AdminController.php(54): CodeIgniter\Debug\Exceptions->errorHandler(8, 'Undefined offset: 0', 'APPPATH/Controllers/Admin/AdminController.php', 54, [...])
 2 SYSTEMPATH/CodeIgniter.php(896): App\Controllers\Admin\AdminController->productsDelete('ef8b9a7b-7053-4ff1-a5c9-8818b5bd477d')
 3 SYSTEMPATH/CodeIgniter.php(466): CodeIgniter\CodeIgniter->runController(Object(App\Controllers\Admin\AdminController))
 4 SYSTEMPATH/CodeIgniter.php(349): CodeIgniter\CodeIgniter->handleRequest(null, Object(Config\Cache), false)
 5 FCPATH/index.php(55): CodeIgniter\CodeIgniter->run()
CRITICAL - 2022-06-23 09:15:27 --> move_uploaded_file(public/web/1.pngpublic/web/2 (1).png): failed to open stream: No such file or directory
in APPPATH/Controllers/Admin/AdminController.php on line 89.
 1 [internal function]: CodeIgniter\Debug\Exceptions->errorHandler(2, 'move_uploaded_file(public/web/1.pngpublic/web/2 (1).png): failed to open stream: No such file or directory', 'APPPATH/Controllers/Admin/AdminController.php', 89, [...])
 2 APPPATH/Controllers/Admin/AdminController.php(89): move_uploaded_file('/Applications/MAMP/tmp/php/phplgjXGQ', 'public/web/1.pngpublic/web/2 (1).png')
 3 SYSTEMPATH/CodeIgniter.php(896): App\Controllers\Admin\AdminController->store()
 4 SYSTEMPATH/CodeIgniter.php(466): CodeIgniter\CodeIgniter->runController(Object(App\Controllers\Admin\AdminController))
 5 SYSTEMPATH/CodeIgniter.php(349): CodeIgniter\CodeIgniter->handleRequest(null, Object(Config\Cache), false)
 6 FCPATH/index.php(55): CodeIgniter\CodeIgniter->run()
CRITICAL - 2022-06-23 09:22:35 --> syntax error, unexpected ';', expecting ')'
in APPPATH/Controllers/Admin/AdminController.php on line 99.
 1 SYSTEMPATH/Autoloader/Autoloader.php(261): CodeIgniter\Autoloader\Autoloader->includeFile('APPPATH/Controllers/Admin/AdminController.php')
 2 SYSTEMPATH/Autoloader/Autoloader.php(239): CodeIgniter\Autoloader\Autoloader->loadInNamespace('App\\Controllers\\Admin\\AdminController')
 3 [internal function]: CodeIgniter\Autoloader\Autoloader->loadClass('App\\Controllers\\Admin\\AdminController')
 4 [internal function]: spl_autoload_call('App\\Controllers\\Admin\\AdminController')
 5 SYSTEMPATH/CodeIgniter.php(846): class_exists('\\App\\Controllers\\Admin\\AdminController', true)
 6 SYSTEMPATH/CodeIgniter.php(453): CodeIgniter\CodeIgniter->startController()
 7 SYSTEMPATH/CodeIgniter.php(349): CodeIgniter\CodeIgniter->handleRequest(null, Object(Config\Cache), false)
 8 FCPATH/index.php(55): CodeIgniter\CodeIgniter->run()
CRITICAL - 2022-06-23 09:22:51 --> Undefined variable: z
in APPPATH/Controllers/Admin/AdminController.php on line 87.
 1 APPPATH/Controllers/Admin/AdminController.php(87): CodeIgniter\Debug\Exceptions->errorHandler(8, 'Undefined variable: z', 'APPPATH/Controllers/Admin/AdminController.php', 87, [...])
 2 SYSTEMPATH/CodeIgniter.php(896): App\Controllers\Admin\AdminController->store()
 3 SYSTEMPATH/CodeIgniter.php(466): CodeIgniter\CodeIgniter->runController(Object(App\Controllers\Admin\AdminController))
 4 SYSTEMPATH/CodeIgniter.php(349): CodeIgniter\CodeIgniter->handleRequest(null, Object(Config\Cache), false)
 5 FCPATH/index.php(55): CodeIgniter\CodeIgniter->run()
CRITICAL - 2022-06-23 09:23:13 --> Undefined variable: z
in APPPATH/Controllers/Admin/AdminController.php on line 87.
 1 APPPATH/Controllers/Admin/AdminController.php(87): CodeIgniter\Debug\Exceptions->errorHandler(8, 'Undefined variable: z', 'APPPATH/Controllers/Admin/AdminController.php', 87, [...])
 2 SYSTEMPATH/CodeIgniter.php(896): App\Controllers\Admin\AdminController->store()
 3 SYSTEMPATH/CodeIgniter.php(466): CodeIgniter\CodeIgniter->runController(Object(App\Controllers\Admin\AdminController))
 4 SYSTEMPATH/CodeIgniter.php(349): CodeIgniter\CodeIgniter->handleRequest(null, Object(Config\Cache), false)
 5 FCPATH/index.php(55): CodeIgniter\CodeIgniter->run()
CRITICAL - 2022-06-23 09:23:37 --> Undefined index: file-0012
in APPPATH/Controllers/Admin/AdminController.php on line 99.
 1 APPPATH/Controllers/Admin/AdminController.php(99): CodeIgniter\Debug\Exceptions->errorHandler(8, 'Undefined index: file-0012', 'APPPATH/Controllers/Admin/AdminController.php', 99, [...])
 2 SYSTEMPATH/CodeIgniter.php(896): App\Controllers\Admin\AdminController->store()
 3 SYSTEMPATH/CodeIgniter.php(466): CodeIgniter\CodeIgniter->runController(Object(App\Controllers\Admin\AdminController))
 4 SYSTEMPATH/CodeIgniter.php(349): CodeIgniter\CodeIgniter->handleRequest(null, Object(Config\Cache), false)
 5 FCPATH/index.php(55): CodeIgniter\CodeIgniter->run()
CRITICAL - 2022-06-23 09:29:53 --> Undefined variable: img
in APPPATH/Controllers/Admin/AdminController.php on line 92.
 1 APPPATH/Controllers/Admin/AdminController.php(92): CodeIgniter\Debug\Exceptions->errorHandler(8, 'Undefined variable: img', 'APPPATH/Controllers/Admin/AdminController.php', 92, [...])
 2 SYSTEMPATH/CodeIgniter.php(896): App\Controllers\Admin\AdminController->store()
 3 SYSTEMPATH/CodeIgniter.php(466): CodeIgniter\CodeIgniter->runController(Object(App\Controllers\Admin\AdminController))
 4 SYSTEMPATH/CodeIgniter.php(349): CodeIgniter\CodeIgniter->handleRequest(null, Object(Config\Cache), false)
 5 FCPATH/index.php(55): CodeIgniter\CodeIgniter->run()
CRITICAL - 2022-06-23 09:33:04 --> unlink(/Applications/MAMP/htdocs/motorcustombdg.com/): Operation not permitted
in APPPATH/Controllers/Admin/AdminController.php on line 55.
 1 [internal function]: CodeIgniter\Debug\Exceptions->errorHandler(2, 'unlink(/Applications/MAMP/htdocs/motorcustombdg.com/): Operation not permitted', 'APPPATH/Controllers/Admin/AdminController.php', 55, [...])
 2 APPPATH/Controllers/Admin/AdminController.php(55): unlink('/Applications/MAMP/htdocs/motorcustombdg.com')
 3 SYSTEMPATH/CodeIgniter.php(896): App\Controllers\Admin\AdminController->productsDelete('10c8efce-1ff9-40ae-abf5-d03a3aeda906')
 4 SYSTEMPATH/CodeIgniter.php(466): CodeIgniter\CodeIgniter->runController(Object(App\Controllers\Admin\AdminController))
 5 SYSTEMPATH/CodeIgniter.php(349): CodeIgniter\CodeIgniter->handleRequest(null, Object(Config\Cache), false)
 6 FCPATH/index.php(55): CodeIgniter\CodeIgniter->run()
ERROR - 2022-06-23 09:33:36 --> You have an error in your SQL syntax; check the manual that corresponds to your MySQL server version for the right syntax to use near 'INSERT INTO product_imgs (uid, img, product_uid) 
            VALUES('0a33cf8f-1' at line 2
CRITICAL - 2022-06-23 09:33:36 --> You have an error in your SQL syntax; check the manual that corresponds to your MySQL server version for the right syntax to use near 'INSERT INTO product_imgs (uid, img, product_uid) 
            VALUES('0a33cf8f-1' at line 2
in SYSTEMPATH/Database/MySQLi/Connection.php on line 292.
 1 SYSTEMPATH/Database/MySQLi/Connection.php(292): mysqli->query('INSERT INTO product_imgs (uid, img, product_uid) 
            VALUES(\'0a33cf8f-11c4-4e9a-8c9c-89dd64f9a1b2\', \'public/web/1.png\', \'443227a3-2c2c-466d-9ff0-883b3d2a61f1\')INSERT INTO product_imgs (uid, img, product_uid) 
            VALUES(\'0a33cf8f-11c4-4e9a-8c9c-89dd64f9a1b2\', \'public/web/2 (1).png\', \'443227a3-2c2c-466d-9ff0-883b3d2a61f1\')INSERT INTO product_imgs (uid, img, product_uid) 
            VALUES(\'0a33cf8f-11c4-4e9a-8c9c-89dd64f9a1b2\', \'public/web/2 (1).jpg\', \'443227a3-2c2c-466d-9ff0-883b3d2a61f1\')INSERT INTO product_imgs (uid, img, product_uid) 
            VALUES(\'0a33cf8f-11c4-4e9a-8c9c-89dd64f9a1b2\', \'public/web/2 (2).jpg\', \'443227a3-2c2c-466d-9ff0-883b3d2a61f1\')INSERT INTO product_imgs (uid, img, product_uid) 
            VALUES(\'0a33cf8f-11c4-4e9a-8c9c-89dd64f9a1b2\', \'public/web/2 (3).jpg\', \'443227a3-2c2c-466d-9ff0-883b3d2a61f1\')', 0)
 2 SYSTEMPATH/Database/BaseConnection.php(695): CodeIgniter\Database\MySQLi\Connection->execute('INSERT INTO product_imgs (uid, img, product_uid) 
            VALUES(\'0a33cf8f-11c4-4e9a-8c9c-89dd64f9a1b2\', \'public/web/1.png\', \'443227a3-2c2c-466d-9ff0-883b3d2a61f1\')INSERT INTO product_imgs (uid, img, product_uid) 
            VALUES(\'0a33cf8f-11c4-4e9a-8c9c-89dd64f9a1b2\', \'public/web/2 (1).png\', \'443227a3-2c2c-466d-9ff0-883b3d2a61f1\')INSERT INTO product_imgs (uid, img, product_uid) 
            VALUES(\'0a33cf8f-11c4-4e9a-8c9c-89dd64f9a1b2\', \'public/web/2 (1).jpg\', \'443227a3-2c2c-466d-9ff0-883b3d2a61f1\')INSERT INTO product_imgs (uid, img, product_uid) 
            VALUES(\'0a33cf8f-11c4-4e9a-8c9c-89dd64f9a1b2\', \'public/web/2 (2).jpg\', \'443227a3-2c2c-466d-9ff0-883b3d2a61f1\')INSERT INTO product_imgs (uid, img, product_uid) 
            VALUES(\'0a33cf8f-11c4-4e9a-8c9c-89dd64f9a1b2\', \'public/web/2 (3).jpg\', \'443227a3-2c2c-466d-9ff0-883b3d2a61f1\')')
 3 SYSTEMPATH/Database/BaseConnection.php(609): CodeIgniter\Database\BaseConnection->simpleQuery('INSERT INTO product_imgs (uid, img, product_uid) 
            VALUES(\'0a33cf8f-11c4-4e9a-8c9c-89dd64f9a1b2\', \'public/web/1.png\', \'443227a3-2c2c-466d-9ff0-883b3d2a61f1\')INSERT INTO product_imgs (uid, img, product_uid) 
            VALUES(\'0a33cf8f-11c4-4e9a-8c9c-89dd64f9a1b2\', \'public/web/2 (1).png\', \'443227a3-2c2c-466d-9ff0-883b3d2a61f1\')INSERT INTO product_imgs (uid, img, product_uid) 
            VALUES(\'0a33cf8f-11c4-4e9a-8c9c-89dd64f9a1b2\', \'public/web/2 (1).jpg\', \'443227a3-2c2c-466d-9ff0-883b3d2a61f1\')INSERT INTO product_imgs (uid, img, product_uid) 
            VALUES(\'0a33cf8f-11c4-4e9a-8c9c-89dd64f9a1b2\', \'public/web/2 (2).jpg\', \'443227a3-2c2c-466d-9ff0-883b3d2a61f1\')INSERT INTO product_imgs (uid, img, product_uid) 
            VALUES(\'0a33cf8f-11c4-4e9a-8c9c-89dd64f9a1b2\', \'public/web/2 (3).jpg\', \'443227a3-2c2c-466d-9ff0-883b3d2a61f1\')')
 4 APPPATH/Controllers/Admin/AdminController.php(100): CodeIgniter\Database\BaseConnection->query('INSERT INTO product_imgs (uid, img, product_uid) 
            VALUES(\'0a33cf8f-11c4-4e9a-8c9c-89dd64f9a1b2\', \'public/web/1.png\', \'443227a3-2c2c-466d-9ff0-883b3d2a61f1\')INSERT INTO product_imgs (uid, img, product_uid) 
            VALUES(\'0a33cf8f-11c4-4e9a-8c9c-89dd64f9a1b2\', \'public/web/2 (1).png\', \'443227a3-2c2c-466d-9ff0-883b3d2a61f1\')INSERT INTO product_imgs (uid, img, product_uid) 
            VALUES(\'0a33cf8f-11c4-4e9a-8c9c-89dd64f9a1b2\', \'public/web/2 (1).jpg\', \'443227a3-2c2c-466d-9ff0-883b3d2a61f1\')INSERT INTO product_imgs (uid, img, product_uid) 
            VALUES(\'0a33cf8f-11c4-4e9a-8c9c-89dd64f9a1b2\', \'public/web/2 (2).jpg\', \'443227a3-2c2c-466d-9ff0-883b3d2a61f1\')INSERT INTO product_imgs (uid, img, product_uid) 
            VALUES(\'0a33cf8f-11c4-4e9a-8c9c-89dd64f9a1b2\', \'public/web/2 (3).jpg\', \'443227a3-2c2c-466d-9ff0-883b3d2a61f1\')')
 5 SYSTEMPATH/CodeIgniter.php(896): App\Controllers\Admin\AdminController->store()
 6 SYSTEMPATH/CodeIgniter.php(466): CodeIgniter\CodeIgniter->runController(Object(App\Controllers\Admin\AdminController))
 7 SYSTEMPATH/CodeIgniter.php(349): CodeIgniter\CodeIgniter->handleRequest(null, Object(Config\Cache), false)
 8 FCPATH/index.php(55): CodeIgniter\CodeIgniter->run()
ERROR - 2022-06-23 09:35:31 --> Duplicate entry 'f5816410-afcf-42f2-a088-ed00711c0388' for key 'product_imgs.product_imgs_UN'
CRITICAL - 2022-06-23 09:35:31 --> Duplicate entry 'f5816410-afcf-42f2-a088-ed00711c0388' for key 'product_imgs.product_imgs_UN'
in SYSTEMPATH/Database/MySQLi/Connection.php on line 292.
 1 SYSTEMPATH/Database/MySQLi/Connection.php(292): mysqli->query('INSERT INTO product_imgs (uid, img, product_uid) 
            VALUES(\'f5816410-afcf-42f2-a088-ed00711c0388\', \'public/web/1.png\', \'1e5b84cc-d2d8-4fa5-806b-6c8174ab628c\')', 0)
 2 SYSTEMPATH/Database/BaseConnection.php(695): CodeIgniter\Database\MySQLi\Connection->execute('INSERT INTO product_imgs (uid, img, product_uid) 
            VALUES(\'f5816410-afcf-42f2-a088-ed00711c0388\', \'public/web/1.png\', \'1e5b84cc-d2d8-4fa5-806b-6c8174ab628c\')')
 3 SYSTEMPATH/Database/BaseConnection.php(609): CodeIgniter\Database\BaseConnection->simpleQuery('INSERT INTO product_imgs (uid, img, product_uid) 
            VALUES(\'f5816410-afcf-42f2-a088-ed00711c0388\', \'public/web/1.png\', \'1e5b84cc-d2d8-4fa5-806b-6c8174ab628c\')')
 4 APPPATH/Controllers/Admin/AdminController.php(97): CodeIgniter\Database\BaseConnection->query('INSERT INTO product_imgs (uid, img, product_uid) 
            VALUES(\'f5816410-afcf-42f2-a088-ed00711c0388\', \'public/web/1.png\', \'1e5b84cc-d2d8-4fa5-806b-6c8174ab628c\')')
 5 SYSTEMPATH/CodeIgniter.php(896): App\Controllers\Admin\AdminController->store()
 6 SYSTEMPATH/CodeIgniter.php(466): CodeIgniter\CodeIgniter->runController(Object(App\Controllers\Admin\AdminController))
 7 SYSTEMPATH/CodeIgniter.php(349): CodeIgniter\CodeIgniter->handleRequest(null, Object(Config\Cache), false)
 8 FCPATH/index.php(55): CodeIgniter\CodeIgniter->run()
ERROR - 2022-06-23 09:36:51 --> FUNCTION motorcustombdg.uuidv4 does not exist
CRITICAL - 2022-06-23 09:36:51 --> FUNCTION motorcustombdg.uuidv4 does not exist
in SYSTEMPATH/Database/MySQLi/Connection.php on line 292.
 1 SYSTEMPATH/Database/MySQLi/Connection.php(292): mysqli->query('INSERT INTO product_imgs (uid, img, product_uid) 
            VALUES(uuidv4(), \'public/web/1 (5).png\', \'1decfcaa-b33e-4abc-91a5-190fba77422b\')', 0)
 2 SYSTEMPATH/Database/BaseConnection.php(695): CodeIgniter\Database\MySQLi\Connection->execute('INSERT INTO product_imgs (uid, img, product_uid) 
            VALUES(uuidv4(), \'public/web/1 (5).png\', \'1decfcaa-b33e-4abc-91a5-190fba77422b\')')
 3 SYSTEMPATH/Database/BaseConnection.php(609): CodeIgniter\Database\BaseConnection->simpleQuery('INSERT INTO product_imgs (uid, img, product_uid) 
            VALUES(uuidv4(), \'public/web/1 (5).png\', \'1decfcaa-b33e-4abc-91a5-190fba77422b\')')
 4 APPPATH/Controllers/Admin/AdminController.php(96): CodeIgniter\Database\BaseConnection->query('INSERT INTO product_imgs (uid, img, product_uid) 
            VALUES(uuidv4(), \'public/web/1 (5).png\', \'1decfcaa-b33e-4abc-91a5-190fba77422b\')')
 5 SYSTEMPATH/CodeIgniter.php(896): App\Controllers\Admin\AdminController->store()
 6 SYSTEMPATH/CodeIgniter.php(466): CodeIgniter\CodeIgniter->runController(Object(App\Controllers\Admin\AdminController))
 7 SYSTEMPATH/CodeIgniter.php(349): CodeIgniter\CodeIgniter->handleRequest(null, Object(Config\Cache), false)
 8 FCPATH/index.php(55): CodeIgniter\CodeIgniter->run()
ERROR - 2022-06-23 09:37:29 --> Unknown column 'uuidv4()' in 'field list'
CRITICAL - 2022-06-23 09:37:29 --> Unknown column 'uuidv4()' in 'field list'
in SYSTEMPATH/Database/MySQLi/Connection.php on line 292.
 1 SYSTEMPATH/Database/MySQLi/Connection.php(292): mysqli->query('INSERT INTO product_imgs (uid, img, product_uid) 
            VALUES(`uuidv4()`, \'public/web/2 (1).jpg\', \'2ce45e83-7f79-4e62-bb96-4bdb4c9a8688\')', 0)
 2 SYSTEMPATH/Database/BaseConnection.php(695): CodeIgniter\Database\MySQLi\Connection->execute('INSERT INTO product_imgs (uid, img, product_uid) 
            VALUES(`uuidv4()`, \'public/web/2 (1).jpg\', \'2ce45e83-7f79-4e62-bb96-4bdb4c9a8688\')')
 3 SYSTEMPATH/Database/BaseConnection.php(609): CodeIgniter\Database\BaseConnection->simpleQuery('INSERT INTO product_imgs (uid, img, product_uid) 
            VALUES(`uuidv4()`, \'public/web/2 (1).jpg\', \'2ce45e83-7f79-4e62-bb96-4bdb4c9a8688\')')
 4 APPPATH/Controllers/Admin/AdminController.php(96): CodeIgniter\Database\BaseConnection->query('INSERT INTO product_imgs (uid, img, product_uid) 
            VALUES(`uuidv4()`, \'public/web/2 (1).jpg\', \'2ce45e83-7f79-4e62-bb96-4bdb4c9a8688\')')
 5 SYSTEMPATH/CodeIgniter.php(896): App\Controllers\Admin\AdminController->store()
 6 SYSTEMPATH/CodeIgniter.php(466): CodeIgniter\CodeIgniter->runController(Object(App\Controllers\Admin\AdminController))
 7 SYSTEMPATH/CodeIgniter.php(349): CodeIgniter\CodeIgniter->handleRequest(null, Object(Config\Cache), false)
 8 FCPATH/index.php(55): CodeIgniter\CodeIgniter->run()
CRITICAL - 2022-06-23 09:37:35 --> syntax error, unexpected 'uuidv4' (T_STRING)
in APPPATH/Controllers/Admin/AdminController.php on line 94.
 1 SYSTEMPATH/Autoloader/Autoloader.php(261): CodeIgniter\Autoloader\Autoloader->includeFile('APPPATH/Controllers/Admin/AdminController.php')
 2 SYSTEMPATH/Autoloader/Autoloader.php(239): CodeIgniter\Autoloader\Autoloader->loadInNamespace('App\\Controllers\\Admin\\AdminController')
 3 [internal function]: CodeIgniter\Autoloader\Autoloader->loadClass('App\\Controllers\\Admin\\AdminController')
 4 [internal function]: spl_autoload_call('App\\Controllers\\Admin\\AdminController')
 5 SYSTEMPATH/CodeIgniter.php(846): class_exists('\\App\\Controllers\\Admin\\AdminController', true)
 6 SYSTEMPATH/CodeIgniter.php(453): CodeIgniter\CodeIgniter->startController()
 7 SYSTEMPATH/CodeIgniter.php(349): CodeIgniter\CodeIgniter->handleRequest(null, Object(Config\Cache), false)
 8 FCPATH/index.php(55): CodeIgniter\CodeIgniter->run()
CRITICAL - 2022-06-23 09:37:36 --> syntax error, unexpected 'uuidv4' (T_STRING)
in APPPATH/Controllers/Admin/AdminController.php on line 94.
 1 SYSTEMPATH/Autoloader/Autoloader.php(261): CodeIgniter\Autoloader\Autoloader->includeFile('APPPATH/Controllers/Admin/AdminController.php')
 2 SYSTEMPATH/Autoloader/Autoloader.php(239): CodeIgniter\Autoloader\Autoloader->loadInNamespace('App\\Controllers\\Admin\\AdminController')
 3 [internal function]: CodeIgniter\Autoloader\Autoloader->loadClass('App\\Controllers\\Admin\\AdminController')
 4 [internal function]: spl_autoload_call('App\\Controllers\\Admin\\AdminController')
 5 SYSTEMPATH/CodeIgniter.php(846): class_exists('\\App\\Controllers\\Admin\\AdminController', true)
 6 SYSTEMPATH/CodeIgniter.php(453): CodeIgniter\CodeIgniter->startController()
 7 SYSTEMPATH/CodeIgniter.php(349): CodeIgniter\CodeIgniter->handleRequest(null, Object(Config\Cache), false)
 8 FCPATH/index.php(55): CodeIgniter\CodeIgniter->run()
CRITICAL - 2022-06-23 09:37:37 --> syntax error, unexpected 'uuidv4' (T_STRING)
in APPPATH/Controllers/Admin/AdminController.php on line 94.
 1 SYSTEMPATH/Autoloader/Autoloader.php(261): CodeIgniter\Autoloader\Autoloader->includeFile('APPPATH/Controllers/Admin/AdminController.php')
 2 SYSTEMPATH/Autoloader/Autoloader.php(239): CodeIgniter\Autoloader\Autoloader->loadInNamespace('App\\Controllers\\Admin\\AdminController')
 3 [internal function]: CodeIgniter\Autoloader\Autoloader->loadClass('App\\Controllers\\Admin\\AdminController')
 4 [internal function]: spl_autoload_call('App\\Controllers\\Admin\\AdminController')
 5 SYSTEMPATH/CodeIgniter.php(846): class_exists('\\App\\Controllers\\Admin\\AdminController', true)
 6 SYSTEMPATH/CodeIgniter.php(453): CodeIgniter\CodeIgniter->startController()
 7 SYSTEMPATH/CodeIgniter.php(349): CodeIgniter\CodeIgniter->handleRequest(null, Object(Config\Cache), false)
 8 FCPATH/index.php(55): CodeIgniter\CodeIgniter->run()
CRITICAL - 2022-06-23 09:37:37 --> syntax error, unexpected 'uuidv4' (T_STRING)
in APPPATH/Controllers/Admin/AdminController.php on line 94.
 1 SYSTEMPATH/Autoloader/Autoloader.php(261): CodeIgniter\Autoloader\Autoloader->includeFile('APPPATH/Controllers/Admin/AdminController.php')
 2 SYSTEMPATH/Autoloader/Autoloader.php(239): CodeIgniter\Autoloader\Autoloader->loadInNamespace('App\\Controllers\\Admin\\AdminController')
 3 [internal function]: CodeIgniter\Autoloader\Autoloader->loadClass('App\\Controllers\\Admin\\AdminController')
 4 [internal function]: spl_autoload_call('App\\Controllers\\Admin\\AdminController')
 5 SYSTEMPATH/CodeIgniter.php(846): class_exists('\\App\\Controllers\\Admin\\AdminController', true)
 6 SYSTEMPATH/CodeIgniter.php(453): CodeIgniter\CodeIgniter->startController()
 7 SYSTEMPATH/CodeIgniter.php(349): CodeIgniter\CodeIgniter->handleRequest(null, Object(Config\Cache), false)
 8 FCPATH/index.php(55): CodeIgniter\CodeIgniter->run()
CRITICAL - 2022-06-23 09:37:37 --> syntax error, unexpected 'uuidv4' (T_STRING)
in APPPATH/Controllers/Admin/AdminController.php on line 94.
 1 SYSTEMPATH/Autoloader/Autoloader.php(261): CodeIgniter\Autoloader\Autoloader->includeFile('APPPATH/Controllers/Admin/AdminController.php')
 2 SYSTEMPATH/Autoloader/Autoloader.php(239): CodeIgniter\Autoloader\Autoloader->loadInNamespace('App\\Controllers\\Admin\\AdminController')
 3 [internal function]: CodeIgniter\Autoloader\Autoloader->loadClass('App\\Controllers\\Admin\\AdminController')
 4 [internal function]: spl_autoload_call('App\\Controllers\\Admin\\AdminController')
 5 SYSTEMPATH/CodeIgniter.php(846): class_exists('\\App\\Controllers\\Admin\\AdminController', true)
 6 SYSTEMPATH/CodeIgniter.php(453): CodeIgniter\CodeIgniter->startController()
 7 SYSTEMPATH/CodeIgniter.php(349): CodeIgniter\CodeIgniter->handleRequest(null, Object(Config\Cache), false)
 8 FCPATH/index.php(55): CodeIgniter\CodeIgniter->run()
CRITICAL - 2022-06-23 09:37:37 --> syntax error, unexpected 'uuidv4' (T_STRING)
in APPPATH/Controllers/Admin/AdminController.php on line 94.
 1 SYSTEMPATH/Autoloader/Autoloader.php(261): CodeIgniter\Autoloader\Autoloader->includeFile('APPPATH/Controllers/Admin/AdminController.php')
 2 SYSTEMPATH/Autoloader/Autoloader.php(239): CodeIgniter\Autoloader\Autoloader->loadInNamespace('App\\Controllers\\Admin\\AdminController')
 3 [internal function]: CodeIgniter\Autoloader\Autoloader->loadClass('App\\Controllers\\Admin\\AdminController')
 4 [internal function]: spl_autoload_call('App\\Controllers\\Admin\\AdminController')
 5 SYSTEMPATH/CodeIgniter.php(846): class_exists('\\App\\Controllers\\Admin\\AdminController', true)
 6 SYSTEMPATH/CodeIgniter.php(453): CodeIgniter\CodeIgniter->startController()
 7 SYSTEMPATH/CodeIgniter.php(349): CodeIgniter\CodeIgniter->handleRequest(null, Object(Config\Cache), false)
 8 FCPATH/index.php(55): CodeIgniter\CodeIgniter->run()
CRITICAL - 2022-06-23 09:37:37 --> syntax error, unexpected 'uuidv4' (T_STRING)
in APPPATH/Controllers/Admin/AdminController.php on line 94.
 1 SYSTEMPATH/Autoloader/Autoloader.php(261): CodeIgniter\Autoloader\Autoloader->includeFile('APPPATH/Controllers/Admin/AdminController.php')
 2 SYSTEMPATH/Autoloader/Autoloader.php(239): CodeIgniter\Autoloader\Autoloader->loadInNamespace('App\\Controllers\\Admin\\AdminController')
 3 [internal function]: CodeIgniter\Autoloader\Autoloader->loadClass('App\\Controllers\\Admin\\AdminController')
 4 [internal function]: spl_autoload_call('App\\Controllers\\Admin\\AdminController')
 5 SYSTEMPATH/CodeIgniter.php(846): class_exists('\\App\\Controllers\\Admin\\AdminController', true)
 6 SYSTEMPATH/CodeIgniter.php(453): CodeIgniter\CodeIgniter->startController()
 7 SYSTEMPATH/CodeIgniter.php(349): CodeIgniter\CodeIgniter->handleRequest(null, Object(Config\Cache), false)
 8 FCPATH/index.php(55): CodeIgniter\CodeIgniter->run()
CRITICAL - 2022-06-23 09:37:38 --> syntax error, unexpected 'uuidv4' (T_STRING)
in APPPATH/Controllers/Admin/AdminController.php on line 94.
 1 SYSTEMPATH/Autoloader/Autoloader.php(261): CodeIgniter\Autoloader\Autoloader->includeFile('APPPATH/Controllers/Admin/AdminController.php')
 2 SYSTEMPATH/Autoloader/Autoloader.php(239): CodeIgniter\Autoloader\Autoloader->loadInNamespace('App\\Controllers\\Admin\\AdminController')
 3 [internal function]: CodeIgniter\Autoloader\Autoloader->loadClass('App\\Controllers\\Admin\\AdminController')
 4 [internal function]: spl_autoload_call('App\\Controllers\\Admin\\AdminController')
 5 SYSTEMPATH/CodeIgniter.php(846): class_exists('\\App\\Controllers\\Admin\\AdminController', true)
 6 SYSTEMPATH/CodeIgniter.php(453): CodeIgniter\CodeIgniter->startController()
 7 SYSTEMPATH/CodeIgniter.php(349): CodeIgniter\CodeIgniter->handleRequest(null, Object(Config\Cache), false)
 8 FCPATH/index.php(55): CodeIgniter\CodeIgniter->run()
ERROR - 2022-06-23 09:37:59 --> Unknown column '80dec770' in 'field list'
CRITICAL - 2022-06-23 09:37:59 --> Unknown column '80dec770' in 'field list'
in SYSTEMPATH/Database/MySQLi/Connection.php on line 292.
 1 SYSTEMPATH/Database/MySQLi/Connection.php(292): mysqli->query('INSERT INTO product_imgs (uid, img, product_uid) 
            VALUES(80dec770-6bcd-41be-b9e2-21392ca9d2d5, \'public/web/1.gif\', \'5c345585-6994-467d-9308-35aa3060d283\')', 0)
 2 SYSTEMPATH/Database/BaseConnection.php(695): CodeIgniter\Database\MySQLi\Connection->execute('INSERT INTO product_imgs (uid, img, product_uid) 
            VALUES(80dec770-6bcd-41be-b9e2-21392ca9d2d5, \'public/web/1.gif\', \'5c345585-6994-467d-9308-35aa3060d283\')')
 3 SYSTEMPATH/Database/BaseConnection.php(609): CodeIgniter\Database\BaseConnection->simpleQuery('INSERT INTO product_imgs (uid, img, product_uid) 
            VALUES(80dec770-6bcd-41be-b9e2-21392ca9d2d5, \'public/web/1.gif\', \'5c345585-6994-467d-9308-35aa3060d283\')')
 4 APPPATH/Controllers/Admin/AdminController.php(96): CodeIgniter\Database\BaseConnection->query('INSERT INTO product_imgs (uid, img, product_uid) 
            VALUES(80dec770-6bcd-41be-b9e2-21392ca9d2d5, \'public/web/1.gif\', \'5c345585-6994-467d-9308-35aa3060d283\')')
 5 SYSTEMPATH/CodeIgniter.php(896): App\Controllers\Admin\AdminController->store()
 6 SYSTEMPATH/CodeIgniter.php(466): CodeIgniter\CodeIgniter->runController(Object(App\Controllers\Admin\AdminController))
 7 SYSTEMPATH/CodeIgniter.php(349): CodeIgniter\CodeIgniter->handleRequest(null, Object(Config\Cache), false)
 8 FCPATH/index.php(55): CodeIgniter\CodeIgniter->run()
CRITICAL - 2022-06-23 22:07:25 --> unlink(/Applications/MAMP/htdocs/motorcustombdg.com/): Operation not permitted
in APPPATH/Controllers/Admin/AdminController.php on line 55.
 1 [internal function]: CodeIgniter\Debug\Exceptions->errorHandler(2, 'unlink(/Applications/MAMP/htdocs/motorcustombdg.com/): Operation not permitted', 'APPPATH/Controllers/Admin/AdminController.php', 55, [...])
 2 APPPATH/Controllers/Admin/AdminController.php(55): unlink('/Applications/MAMP/htdocs/motorcustombdg.com')
 3 SYSTEMPATH/CodeIgniter.php(896): App\Controllers\Admin\AdminController->productsDelete('f12a5512-69f5-423b-84f7-e7a63ea76e1f')
 4 SYSTEMPATH/CodeIgniter.php(466): CodeIgniter\CodeIgniter->runController(Object(App\Controllers\Admin\AdminController))
 5 SYSTEMPATH/CodeIgniter.php(349): CodeIgniter\CodeIgniter->handleRequest(null, Object(Config\Cache), false)
 6 FCPATH/index.php(55): CodeIgniter\CodeIgniter->run()
CRITICAL - 2022-06-23 23:01:13 --> date() expects at least 1 parameter, 0 given
in APPPATH/Views/layouts/footer.php on line 17.
 1 [internal function]: CodeIgniter\Debug\Exceptions->errorHandler(2, 'date() expects at least 1 parameter, 0 given', 'APPPATH/Views/layouts/footer.php', 17, [])
 2 APPPATH/Views/layouts/footer.php(17): date()
 3 SYSTEMPATH/View/View.php(213): include('APPPATH/Views/layouts/footer.php')
 4 SYSTEMPATH/View/View.php(216): CodeIgniter\View\View->CodeIgniter\View\{closure}()
 5 SYSTEMPATH/Common.php(1135): CodeIgniter\View\View->render('layouts/footer', [], true)
 6 APPPATH/Views/home/index.php(7): view('layouts/footer')
 7 SYSTEMPATH/View/View.php(213): include('APPPATH/Views/home/index.php')
 8 SYSTEMPATH/View/View.php(216): CodeIgniter\View\View->CodeIgniter\View\{closure}()
 9 SYSTEMPATH/Common.php(1135): CodeIgniter\View\View->render('home/index', [], true)
10 APPPATH/Controllers/Home.php(11): view('home/index')
11 SYSTEMPATH/CodeIgniter.php(896): App\Controllers\Home->index()
12 SYSTEMPATH/CodeIgniter.php(466): CodeIgniter\CodeIgniter->runController(Object(App\Controllers\Home))
13 SYSTEMPATH/CodeIgniter.php(349): CodeIgniter\CodeIgniter->handleRequest(null, Object(Config\Cache), false)
14 FCPATH/index.php(55): CodeIgniter\CodeIgniter->run()
