CRITICAL - 2022-06-20 07:54:16 --> The framework needs the following extension(s) installed and loaded: intl.
in SYSTEMPATH/CodeIgniter.php on line 231.
 1 SYSTEMPATH/CodeIgniter.php(231): CodeIgniter\Exceptions\FrameworkException::forMissingExtension()
 2 SYSTEMPATH/CodeIgniter.php(189): CodeIgniter\CodeIgniter->resolvePlatformExtensions()
 3 FCPATH/index.php(43): CodeIgniter\CodeIgniter->initialize()
CRITICAL - 2022-06-20 07:54:25 --> The framework needs the following extension(s) installed and loaded: intl.
in SYSTEMPATH/CodeIgniter.php on line 231.
 1 SYSTEMPATH/CodeIgniter.php(231): CodeIgniter\Exceptions\FrameworkException::forMissingExtension()
 2 SYSTEMPATH/CodeIgniter.php(189): CodeIgniter\CodeIgniter->resolvePlatformExtensions()
 3 FCPATH/index.php(43): CodeIgniter\CodeIgniter->initialize()
CRITICAL - 2022-06-20 07:54:28 --> The framework needs the following extension(s) installed and loaded: intl.
in SYSTEMPATH/CodeIgniter.php on line 231.
 1 SYSTEMPATH/CodeIgniter.php(231): CodeIgniter\Exceptions\FrameworkException::forMissingExtension()
 2 SYSTEMPATH/CodeIgniter.php(189): CodeIgniter\CodeIgniter->resolvePlatformExtensions()
 3 FCPATH/index.php(43): CodeIgniter\CodeIgniter->initialize()
CRITICAL - 2022-06-20 07:57:26 --> The framework needs the following extension(s) installed and loaded: intl.
in SYSTEMPATH/CodeIgniter.php on line 231.
 1 SYSTEMPATH/CodeIgniter.php(231): CodeIgniter\Exceptions\FrameworkException::forMissingExtension()
 2 SYSTEMPATH/CodeIgniter.php(189): CodeIgniter\CodeIgniter->resolvePlatformExtensions()
 3 FCPATH/index.php(43): CodeIgniter\CodeIgniter->initialize()
CRITICAL - 2022-06-20 07:57:28 --> The framework needs the following extension(s) installed and loaded: intl.
in SYSTEMPATH/CodeIgniter.php on line 231.
 1 SYSTEMPATH/CodeIgniter.php(231): CodeIgniter\Exceptions\FrameworkException::forMissingExtension()
 2 SYSTEMPATH/CodeIgniter.php(189): CodeIgniter\CodeIgniter->resolvePlatformExtensions()
 3 FCPATH/index.php(43): CodeIgniter\CodeIgniter->initialize()
CRITICAL - 2022-06-20 08:00:57 --> The framework needs the following extension(s) installed and loaded: intl.
in SYSTEMPATH/CodeIgniter.php on line 231.
 1 SYSTEMPATH/CodeIgniter.php(231): CodeIgniter\Exceptions\FrameworkException::forMissingExtension()
 2 SYSTEMPATH/CodeIgniter.php(189): CodeIgniter\CodeIgniter->resolvePlatformExtensions()
 3 FCPATH/index.php(43): CodeIgniter\CodeIgniter->initialize()
CRITICAL - 2022-06-20 08:00:58 --> The framework needs the following extension(s) installed and loaded: intl.
in SYSTEMPATH/CodeIgniter.php on line 231.
 1 SYSTEMPATH/CodeIgniter.php(231): CodeIgniter\Exceptions\FrameworkException::forMissingExtension()
 2 SYSTEMPATH/CodeIgniter.php(189): CodeIgniter\CodeIgniter->resolvePlatformExtensions()
 3 FCPATH/index.php(43): CodeIgniter\CodeIgniter->initialize()
CRITICAL - 2022-06-20 08:00:59 --> The framework needs the following extension(s) installed and loaded: intl.
in SYSTEMPATH/CodeIgniter.php on line 231.
 1 SYSTEMPATH/CodeIgniter.php(231): CodeIgniter\Exceptions\FrameworkException::forMissingExtension()
 2 SYSTEMPATH/CodeIgniter.php(189): CodeIgniter\CodeIgniter->resolvePlatformExtensions()
 3 FCPATH/index.php(43): CodeIgniter\CodeIgniter->initialize()
CRITICAL - 2022-06-20 08:01:00 --> The framework needs the following extension(s) installed and loaded: intl.
in SYSTEMPATH/CodeIgniter.php on line 231.
 1 SYSTEMPATH/CodeIgniter.php(231): CodeIgniter\Exceptions\FrameworkException::forMissingExtension()
 2 SYSTEMPATH/CodeIgniter.php(189): CodeIgniter\CodeIgniter->resolvePlatformExtensions()
 3 FCPATH/index.php(43): CodeIgniter\CodeIgniter->initialize()
CRITICAL - 2022-06-20 08:01:01 --> The framework needs the following extension(s) installed and loaded: intl.
in SYSTEMPATH/CodeIgniter.php on line 231.
 1 SYSTEMPATH/CodeIgniter.php(231): CodeIgniter\Exceptions\FrameworkException::forMissingExtension()
 2 SYSTEMPATH/CodeIgniter.php(189): CodeIgniter\CodeIgniter->resolvePlatformExtensions()
 3 FCPATH/index.php(43): CodeIgniter\CodeIgniter->initialize()
CRITICAL - 2022-06-20 08:01:07 --> The framework needs the following extension(s) installed and loaded: intl.
in SYSTEMPATH/CodeIgniter.php on line 231.
 1 SYSTEMPATH/CodeIgniter.php(231): CodeIgniter\Exceptions\FrameworkException::forMissingExtension()
 2 SYSTEMPATH/CodeIgniter.php(189): CodeIgniter\CodeIgniter->resolvePlatformExtensions()
 3 FCPATH/index.php(43): CodeIgniter\CodeIgniter->initialize()
CRITICAL - 2022-06-20 08:01:24 --> The framework needs the following extension(s) installed and loaded: intl.
in SYSTEMPATH/CodeIgniter.php on line 231.
 1 SYSTEMPATH/CodeIgniter.php(231): CodeIgniter\Exceptions\FrameworkException::forMissingExtension()
 2 SYSTEMPATH/CodeIgniter.php(189): CodeIgniter\CodeIgniter->resolvePlatformExtensions()
 3 FCPATH/index.php(43): CodeIgniter\CodeIgniter->initialize()
CRITICAL - 2022-06-20 08:01:26 --> The framework needs the following extension(s) installed and loaded: intl.
in SYSTEMPATH/CodeIgniter.php on line 231.
 1 SYSTEMPATH/CodeIgniter.php(231): CodeIgniter\Exceptions\FrameworkException::forMissingExtension()
 2 SYSTEMPATH/CodeIgniter.php(189): CodeIgniter\CodeIgniter->resolvePlatformExtensions()
 3 FCPATH/index.php(43): CodeIgniter\CodeIgniter->initialize()
CRITICAL - 2022-06-20 08:02:07 --> The framework needs the following extension(s) installed and loaded: intl.
in SYSTEMPATH/CodeIgniter.php on line 231.
 1 SYSTEMPATH/CodeIgniter.php(231): CodeIgniter\Exceptions\FrameworkException::forMissingExtension()
 2 SYSTEMPATH/CodeIgniter.php(189): CodeIgniter\CodeIgniter->resolvePlatformExtensions()
 3 FCPATH/index.php(43): CodeIgniter\CodeIgniter->initialize()
CRITICAL - 2022-06-20 08:02:08 --> The framework needs the following extension(s) installed and loaded: intl.
in SYSTEMPATH/CodeIgniter.php on line 231.
 1 SYSTEMPATH/CodeIgniter.php(231): CodeIgniter\Exceptions\FrameworkException::forMissingExtension()
 2 SYSTEMPATH/CodeIgniter.php(189): CodeIgniter\CodeIgniter->resolvePlatformExtensions()
 3 FCPATH/index.php(43): CodeIgniter\CodeIgniter->initialize()
CRITICAL - 2022-06-20 08:02:09 --> The framework needs the following extension(s) installed and loaded: intl.
in SYSTEMPATH/CodeIgniter.php on line 231.
 1 SYSTEMPATH/CodeIgniter.php(231): CodeIgniter\Exceptions\FrameworkException::forMissingExtension()
 2 SYSTEMPATH/CodeIgniter.php(189): CodeIgniter\CodeIgniter->resolvePlatformExtensions()
 3 FCPATH/index.php(43): CodeIgniter\CodeIgniter->initialize()
CRITICAL - 2022-06-20 08:02:14 --> The framework needs the following extension(s) installed and loaded: intl.
in SYSTEMPATH/CodeIgniter.php on line 231.
 1 SYSTEMPATH/CodeIgniter.php(231): CodeIgniter\Exceptions\FrameworkException::forMissingExtension()
 2 SYSTEMPATH/CodeIgniter.php(189): CodeIgniter\CodeIgniter->resolvePlatformExtensions()
 3 FCPATH/index.php(43): CodeIgniter\CodeIgniter->initialize()
CRITICAL - 2022-06-20 08:02:25 --> The framework needs the following extension(s) installed and loaded: intl.
in SYSTEMPATH/CodeIgniter.php on line 231.
 1 SYSTEMPATH/CodeIgniter.php(231): CodeIgniter\Exceptions\FrameworkException::forMissingExtension()
 2 SYSTEMPATH/CodeIgniter.php(189): CodeIgniter\CodeIgniter->resolvePlatformExtensions()
 3 FCPATH/index.php(43): CodeIgniter\CodeIgniter->initialize()
CRITICAL - 2022-06-20 08:06:32 --> The framework needs the following extension(s) installed and loaded: intl.
in SYSTEMPATH/CodeIgniter.php on line 231.
 1 SYSTEMPATH/CodeIgniter.php(231): CodeIgniter\Exceptions\FrameworkException::forMissingExtension()
 2 SYSTEMPATH/CodeIgniter.php(189): CodeIgniter\CodeIgniter->resolvePlatformExtensions()
 3 FCPATH/index.php(43): CodeIgniter\CodeIgniter->initialize()
CRITICAL - 2022-06-20 08:06:52 --> The framework needs the following extension(s) installed and loaded: intl.
in SYSTEMPATH/CodeIgniter.php on line 231.
 1 SYSTEMPATH/CodeIgniter.php(231): CodeIgniter\Exceptions\FrameworkException::forMissingExtension()
 2 SYSTEMPATH/CodeIgniter.php(189): CodeIgniter\CodeIgniter->resolvePlatformExtensions()
 3 FCPATH/index.php(43): CodeIgniter\CodeIgniter->initialize()
CRITICAL - 2022-06-20 04:27:15 --> Class "App\Controllers\Base\BaseController" not found
in APPPATH/Controllers/ProductController.php on line 10.
 1 SYSTEMPATH/Autoloader/Autoloader.php(284): include_once()
 2 SYSTEMPATH/Autoloader/Autoloader.php(261): CodeIgniter\Autoloader\Autoloader->includeFile()
 3 SYSTEMPATH/Autoloader/Autoloader.php(239): CodeIgniter\Autoloader\Autoloader->loadInNamespace()
 4 [internal function]: CodeIgniter\Autoloader\Autoloader->loadClass()
 5 SYSTEMPATH/CodeIgniter.php(846): class_exists()
 6 SYSTEMPATH/CodeIgniter.php(453): CodeIgniter\CodeIgniter->startController()
 7 SYSTEMPATH/CodeIgniter.php(349): CodeIgniter\CodeIgniter->handleRequest()
 8 FCPATH/index.php(55): CodeIgniter\CodeIgniter->run()
CRITICAL - 2022-06-20 04:27:18 --> Class "App\Controllers\Base\BaseController" not found
in APPPATH/Controllers/ProductController.php on line 10.
 1 SYSTEMPATH/Autoloader/Autoloader.php(284): include_once()
 2 SYSTEMPATH/Autoloader/Autoloader.php(261): CodeIgniter\Autoloader\Autoloader->includeFile()
 3 SYSTEMPATH/Autoloader/Autoloader.php(239): CodeIgniter\Autoloader\Autoloader->loadInNamespace()
 4 [internal function]: CodeIgniter\Autoloader\Autoloader->loadClass()
 5 SYSTEMPATH/CodeIgniter.php(846): class_exists()
 6 SYSTEMPATH/CodeIgniter.php(453): CodeIgniter\CodeIgniter->startController()
 7 SYSTEMPATH/CodeIgniter.php(349): CodeIgniter\CodeIgniter->handleRequest()
 8 FCPATH/index.php(55): CodeIgniter\CodeIgniter->run()
CRITICAL - 2022-06-20 04:28:43 --> Class "App\Controllers\Base\BaseController" not found
in APPPATH/Controllers/ProductController.php on line 10.
 1 SYSTEMPATH/Autoloader/Autoloader.php(284): include_once()
 2 SYSTEMPATH/Autoloader/Autoloader.php(261): CodeIgniter\Autoloader\Autoloader->includeFile()
 3 SYSTEMPATH/Autoloader/Autoloader.php(239): CodeIgniter\Autoloader\Autoloader->loadInNamespace()
 4 [internal function]: CodeIgniter\Autoloader\Autoloader->loadClass()
 5 SYSTEMPATH/CodeIgniter.php(846): class_exists()
 6 SYSTEMPATH/CodeIgniter.php(453): CodeIgniter\CodeIgniter->startController()
 7 SYSTEMPATH/CodeIgniter.php(349): CodeIgniter\CodeIgniter->handleRequest()
 8 FCPATH/index.php(55): CodeIgniter\CodeIgniter->run()
CRITICAL - 2022-06-20 04:29:00 --> Class "App\Controllers\Base\BaseController" not found
in APPPATH/Controllers/ProductController.php on line 10.
 1 SYSTEMPATH/Autoloader/Autoloader.php(284): include_once()
 2 SYSTEMPATH/Autoloader/Autoloader.php(261): CodeIgniter\Autoloader\Autoloader->includeFile()
 3 SYSTEMPATH/Autoloader/Autoloader.php(239): CodeIgniter\Autoloader\Autoloader->loadInNamespace()
 4 [internal function]: CodeIgniter\Autoloader\Autoloader->loadClass()
 5 SYSTEMPATH/CodeIgniter.php(846): class_exists()
 6 SYSTEMPATH/CodeIgniter.php(453): CodeIgniter\CodeIgniter->startController()
 7 SYSTEMPATH/CodeIgniter.php(349): CodeIgniter\CodeIgniter->handleRequest()
 8 FCPATH/index.php(55): CodeIgniter\CodeIgniter->run()
CRITICAL - 2022-06-20 12:44:31 --> syntax error, unexpected ''invalidchars'' (T_CONSTANT_ENCAPSED_STRING), expecting ']'
in APPPATH/Config/Filters.php on line 27.
 1 SYSTEMPATH/Autoloader/Autoloader.php(261): CodeIgniter\Autoloader\Autoloader->includeFile('APPPATH/Config/Filters.php')
 2 SYSTEMPATH/Autoloader/Autoloader.php(239): CodeIgniter\Autoloader\Autoloader->loadInNamespace('Config\\Filters')
 3 [internal function]: CodeIgniter\Autoloader\Autoloader->loadClass('Config\\Filters')
 4 [internal function]: spl_autoload_call('Config\\Filters')
 5 SYSTEMPATH/Config/Factories.php(152): class_exists('Config\\Filters')
 6 SYSTEMPATH/Config/Factories.php(122): CodeIgniter\Config\Factories::locateClass([...], 'Filters')
 7 SYSTEMPATH/Common.php(198): CodeIgniter\Config\Factories::__callStatic('config', [])
 8 SYSTEMPATH/Config/Services.php(280): config('Filters')
 9 SYSTEMPATH/Config/BaseService.php(251): CodeIgniter\Config\Services::filters(null, false)
10 SYSTEMPATH/Config/BaseService.php(192): CodeIgniter\Config\BaseService::__callStatic('filters', [...])
11 SYSTEMPATH/Config/Services.php(277): CodeIgniter\Config\BaseService::getSharedInstance('filters', null)
12 SYSTEMPATH/Config/BaseService.php(251): CodeIgniter\Config\Services::filters()
13 SYSTEMPATH/CodeIgniter.php(420): CodeIgniter\Config\BaseService::__callStatic('filters', [])
14 SYSTEMPATH/CodeIgniter.php(349): CodeIgniter\CodeIgniter->handleRequest(null, Object(Config\Cache), false)
15 FCPATH/index.php(55): CodeIgniter\CodeIgniter->run()
CRITICAL - 2022-06-20 22:56:38 --> Invalid file: auth/index.php
in SYSTEMPATH/Exceptions/FrameworkException.php on line 33.
 1 SYSTEMPATH/View/View.php(201): CodeIgniter\Exceptions\FrameworkException::forInvalidFile('auth/index.php')
 2 SYSTEMPATH/Common.php(1135): CodeIgniter\View\View->render('auth/index', [], true)
 3 APPPATH/Controllers/AuthController.php(14): view('auth/index')
 4 SYSTEMPATH/CodeIgniter.php(896): App\Controllers\AuthController->index()
 5 SYSTEMPATH/CodeIgniter.php(466): CodeIgniter\CodeIgniter->runController(Object(App\Controllers\AuthController))
 6 SYSTEMPATH/CodeIgniter.php(349): CodeIgniter\CodeIgniter->handleRequest(null, Object(Config\Cache), false)
 7 FCPATH/index.php(55): CodeIgniter\CodeIgniter->run()
CRITICAL - 2022-06-20 22:57:16 --> Invalid file: auth/index.php
in SYSTEMPATH/Exceptions/FrameworkException.php on line 33.
 1 SYSTEMPATH/View/View.php(201): CodeIgniter\Exceptions\FrameworkException::forInvalidFile('auth/index.php')
 2 SYSTEMPATH/Common.php(1135): CodeIgniter\View\View->render('auth/index', [], true)
 3 APPPATH/Controllers/AuthController.php(14): view('auth/index')
 4 SYSTEMPATH/CodeIgniter.php(896): App\Controllers\AuthController->index()
 5 SYSTEMPATH/CodeIgniter.php(466): CodeIgniter\CodeIgniter->runController(Object(App\Controllers\AuthController))
 6 SYSTEMPATH/CodeIgniter.php(349): CodeIgniter\CodeIgniter->handleRequest(null, Object(Config\Cache), false)
 7 FCPATH/index.php(55): CodeIgniter\CodeIgniter->run()
CRITICAL - 2022-06-20 22:57:23 --> Invalid file: auth/index.php
in SYSTEMPATH/Exceptions/FrameworkException.php on line 33.
 1 SYSTEMPATH/View/View.php(201): CodeIgniter\Exceptions\FrameworkException::forInvalidFile('auth/index.php')
 2 SYSTEMPATH/Common.php(1135): CodeIgniter\View\View->render('auth/index', [], true)
 3 APPPATH/Controllers/AuthController.php(14): view('auth/index')
 4 SYSTEMPATH/CodeIgniter.php(896): App\Controllers\AuthController->index()
 5 SYSTEMPATH/CodeIgniter.php(466): CodeIgniter\CodeIgniter->runController(Object(App\Controllers\AuthController))
 6 SYSTEMPATH/CodeIgniter.php(349): CodeIgniter\CodeIgniter->handleRequest(null, Object(Config\Cache), false)
 7 FCPATH/index.php(55): CodeIgniter\CodeIgniter->run()
CRITICAL - 2022-06-20 22:57:24 --> Invalid file: auth/index.php
in SYSTEMPATH/Exceptions/FrameworkException.php on line 33.
 1 SYSTEMPATH/View/View.php(201): CodeIgniter\Exceptions\FrameworkException::forInvalidFile('auth/index.php')
 2 SYSTEMPATH/Common.php(1135): CodeIgniter\View\View->render('auth/index', [], true)
 3 APPPATH/Controllers/AuthController.php(14): view('auth/index')
 4 SYSTEMPATH/CodeIgniter.php(896): App\Controllers\AuthController->index()
 5 SYSTEMPATH/CodeIgniter.php(466): CodeIgniter\CodeIgniter->runController(Object(App\Controllers\AuthController))
 6 SYSTEMPATH/CodeIgniter.php(349): CodeIgniter\CodeIgniter->handleRequest(null, Object(Config\Cache), false)
 7 FCPATH/index.php(55): CodeIgniter\CodeIgniter->run()
CRITICAL - 2022-06-20 23:16:13 --> Call to a member function segment() on null
in APPPATH/Views/layouts/header-home.php on line 22.
 1 SYSTEMPATH/View/View.php(213): include()
 2 SYSTEMPATH/View/View.php(216): CodeIgniter\View\View->CodeIgniter\View\{closure}()
 3 SYSTEMPATH/Common.php(1135): CodeIgniter\View\View->render('layouts/header-home', [], true)
 4 APPPATH/Views/home/index.php(3): view('layouts/header-home')
 5 SYSTEMPATH/View/View.php(213): include('APPPATH/Views/home/index.php')
 6 SYSTEMPATH/View/View.php(216): CodeIgniter\View\View->CodeIgniter\View\{closure}()
 7 SYSTEMPATH/Common.php(1135): CodeIgniter\View\View->render('home/index', [], true)
 8 APPPATH/Controllers/Home.php(11): view('home/index')
 9 SYSTEMPATH/CodeIgniter.php(896): App\Controllers\Home->index()
10 SYSTEMPATH/CodeIgniter.php(466): CodeIgniter\CodeIgniter->runController(Object(App\Controllers\Home))
11 SYSTEMPATH/CodeIgniter.php(349): CodeIgniter\CodeIgniter->handleRequest(null, Object(Config\Cache), false)
12 FCPATH/index.php(55): CodeIgniter\CodeIgniter->run()
CRITICAL - 2022-06-20 23:17:19 --> Call to a member function getSegment() on null
in APPPATH/Views/layouts/header-home.php on line 2.
 1 SYSTEMPATH/View/View.php(213): include()
 2 SYSTEMPATH/View/View.php(216): CodeIgniter\View\View->CodeIgniter\View\{closure}()
 3 SYSTEMPATH/Common.php(1135): CodeIgniter\View\View->render('layouts/header-home', [], true)
 4 APPPATH/Views/home/index.php(3): view('layouts/header-home')
 5 SYSTEMPATH/View/View.php(213): include('APPPATH/Views/home/index.php')
 6 SYSTEMPATH/View/View.php(216): CodeIgniter\View\View->CodeIgniter\View\{closure}()
 7 SYSTEMPATH/Common.php(1135): CodeIgniter\View\View->render('home/index', [], true)
 8 APPPATH/Controllers/Home.php(11): view('home/index')
 9 SYSTEMPATH/CodeIgniter.php(896): App\Controllers\Home->index()
10 SYSTEMPATH/CodeIgniter.php(466): CodeIgniter\CodeIgniter->runController(Object(App\Controllers\Home))
11 SYSTEMPATH/CodeIgniter.php(349): CodeIgniter\CodeIgniter->handleRequest(null, Object(Config\Cache), false)
12 FCPATH/index.php(55): CodeIgniter\CodeIgniter->run()
CRITICAL - 2022-06-20 23:17:21 --> Call to a member function getSegment() on null
in APPPATH/Views/layouts/header-home.php on line 2.
 1 SYSTEMPATH/View/View.php(213): include()
 2 SYSTEMPATH/View/View.php(216): CodeIgniter\View\View->CodeIgniter\View\{closure}()
 3 SYSTEMPATH/Common.php(1135): CodeIgniter\View\View->render('layouts/header-home', [], true)
 4 APPPATH/Views/home/index.php(3): view('layouts/header-home')
 5 SYSTEMPATH/View/View.php(213): include('APPPATH/Views/home/index.php')
 6 SYSTEMPATH/View/View.php(216): CodeIgniter\View\View->CodeIgniter\View\{closure}()
 7 SYSTEMPATH/Common.php(1135): CodeIgniter\View\View->render('home/index', [], true)
 8 APPPATH/Controllers/Home.php(11): view('home/index')
 9 SYSTEMPATH/CodeIgniter.php(896): App\Controllers\Home->index()
10 SYSTEMPATH/CodeIgniter.php(466): CodeIgniter\CodeIgniter->runController(Object(App\Controllers\Home))
11 SYSTEMPATH/CodeIgniter.php(349): CodeIgniter\CodeIgniter->handleRequest(null, Object(Config\Cache), false)
12 FCPATH/index.php(55): CodeIgniter\CodeIgniter->run()
CRITICAL - 2022-06-20 23:17:37 --> Call to a member function getSegment() on null
in APPPATH/Views/layouts/header-home.php on line 2.
 1 SYSTEMPATH/View/View.php(213): include()
 2 SYSTEMPATH/View/View.php(216): CodeIgniter\View\View->CodeIgniter\View\{closure}()
 3 SYSTEMPATH/Common.php(1135): CodeIgniter\View\View->render('layouts/header-home', [], true)
 4 APPPATH/Views/home/index.php(3): view('layouts/header-home')
 5 SYSTEMPATH/View/View.php(213): include('APPPATH/Views/home/index.php')
 6 SYSTEMPATH/View/View.php(216): CodeIgniter\View\View->CodeIgniter\View\{closure}()
 7 SYSTEMPATH/Common.php(1135): CodeIgniter\View\View->render('home/index', [], true)
 8 APPPATH/Controllers/Home.php(11): view('home/index')
 9 SYSTEMPATH/CodeIgniter.php(896): App\Controllers\Home->index()
10 SYSTEMPATH/CodeIgniter.php(466): CodeIgniter\CodeIgniter->runController(Object(App\Controllers\Home))
11 SYSTEMPATH/CodeIgniter.php(349): CodeIgniter\CodeIgniter->handleRequest(null, Object(Config\Cache), false)
12 FCPATH/index.php(55): CodeIgniter\CodeIgniter->run()
CRITICAL - 2022-06-20 23:18:16 --> Class 'Services' not found
in APPPATH/Views/layouts/header-home.php on line 2.
 1 SYSTEMPATH/View/View.php(213): include()
 2 SYSTEMPATH/View/View.php(216): CodeIgniter\View\View->CodeIgniter\View\{closure}()
 3 SYSTEMPATH/Common.php(1135): CodeIgniter\View\View->render('layouts/header-home', [], true)
 4 APPPATH/Views/home/index.php(3): view('layouts/header-home')
 5 SYSTEMPATH/View/View.php(213): include('APPPATH/Views/home/index.php')
 6 SYSTEMPATH/View/View.php(216): CodeIgniter\View\View->CodeIgniter\View\{closure}()
 7 SYSTEMPATH/Common.php(1135): CodeIgniter\View\View->render('home/index', [], true)
 8 APPPATH/Controllers/Home.php(11): view('home/index')
 9 SYSTEMPATH/CodeIgniter.php(896): App\Controllers\Home->index()
10 SYSTEMPATH/CodeIgniter.php(466): CodeIgniter\CodeIgniter->runController(Object(App\Controllers\Home))
11 SYSTEMPATH/CodeIgniter.php(349): CodeIgniter\CodeIgniter->handleRequest(null, Object(Config\Cache), false)
12 FCPATH/index.php(55): CodeIgniter\CodeIgniter->run()
CRITICAL - 2022-06-20 23:18:18 --> Class 'Services' not found
in APPPATH/Views/layouts/header-home.php on line 2.
 1 SYSTEMPATH/View/View.php(213): include()
 2 SYSTEMPATH/View/View.php(216): CodeIgniter\View\View->CodeIgniter\View\{closure}()
 3 SYSTEMPATH/Common.php(1135): CodeIgniter\View\View->render('layouts/header-home', [], true)
 4 APPPATH/Views/home/index.php(3): view('layouts/header-home')
 5 SYSTEMPATH/View/View.php(213): include('APPPATH/Views/home/index.php')
 6 SYSTEMPATH/View/View.php(216): CodeIgniter\View\View->CodeIgniter\View\{closure}()
 7 SYSTEMPATH/Common.php(1135): CodeIgniter\View\View->render('home/index', [], true)
 8 APPPATH/Controllers/Home.php(11): view('home/index')
 9 SYSTEMPATH/CodeIgniter.php(896): App\Controllers\Home->index()
10 SYSTEMPATH/CodeIgniter.php(466): CodeIgniter\CodeIgniter->runController(Object(App\Controllers\Home))
11 SYSTEMPATH/CodeIgniter.php(349): CodeIgniter\CodeIgniter->handleRequest(null, Object(Config\Cache), false)
12 FCPATH/index.php(55): CodeIgniter\CodeIgniter->run()
CRITICAL - 2022-06-20 23:18:22 --> Class 'Services' not found
in APPPATH/Views/layouts/header-home.php on line 2.
 1 SYSTEMPATH/View/View.php(213): include()
 2 SYSTEMPATH/View/View.php(216): CodeIgniter\View\View->CodeIgniter\View\{closure}()
 3 SYSTEMPATH/Common.php(1135): CodeIgniter\View\View->render('layouts/header-home', [], true)
 4 APPPATH/Views/home/index.php(3): view('layouts/header-home')
 5 SYSTEMPATH/View/View.php(213): include('APPPATH/Views/home/index.php')
 6 SYSTEMPATH/View/View.php(216): CodeIgniter\View\View->CodeIgniter\View\{closure}()
 7 SYSTEMPATH/Common.php(1135): CodeIgniter\View\View->render('home/index', [], true)
 8 APPPATH/Controllers/Home.php(11): view('home/index')
 9 SYSTEMPATH/CodeIgniter.php(896): App\Controllers\Home->index()
10 SYSTEMPATH/CodeIgniter.php(466): CodeIgniter\CodeIgniter->runController(Object(App\Controllers\Home))
11 SYSTEMPATH/CodeIgniter.php(349): CodeIgniter\CodeIgniter->handleRequest(null, Object(Config\Cache), false)
12 FCPATH/index.php(55): CodeIgniter\CodeIgniter->run()
CRITICAL - 2022-06-20 23:18:36 --> Class 'Services' not found
in APPPATH/Views/layouts/header-home.php on line 2.
 1 SYSTEMPATH/View/View.php(213): include()
 2 SYSTEMPATH/View/View.php(216): CodeIgniter\View\View->CodeIgniter\View\{closure}()
 3 SYSTEMPATH/Common.php(1135): CodeIgniter\View\View->render('layouts/header-home', [], true)
 4 APPPATH/Views/home/index.php(3): view('layouts/header-home')
 5 SYSTEMPATH/View/View.php(213): include('APPPATH/Views/home/index.php')
 6 SYSTEMPATH/View/View.php(216): CodeIgniter\View\View->CodeIgniter\View\{closure}()
 7 SYSTEMPATH/Common.php(1135): CodeIgniter\View\View->render('home/index', [], true)
 8 APPPATH/Controllers/Home.php(11): view('home/index')
 9 SYSTEMPATH/CodeIgniter.php(896): App\Controllers\Home->index()
10 SYSTEMPATH/CodeIgniter.php(466): CodeIgniter\CodeIgniter->runController(Object(App\Controllers\Home))
11 SYSTEMPATH/CodeIgniter.php(349): CodeIgniter\CodeIgniter->handleRequest(null, Object(Config\Cache), false)
12 FCPATH/index.php(55): CodeIgniter\CodeIgniter->run()
CRITICAL - 2022-06-20 23:18:38 --> Class 'Services' not found
in APPPATH/Views/layouts/header-home.php on line 2.
 1 SYSTEMPATH/View/View.php(213): include()
 2 SYSTEMPATH/View/View.php(216): CodeIgniter\View\View->CodeIgniter\View\{closure}()
 3 SYSTEMPATH/Common.php(1135): CodeIgniter\View\View->render('layouts/header-home', [], true)
 4 APPPATH/Views/home/index.php(3): view('layouts/header-home')
 5 SYSTEMPATH/View/View.php(213): include('APPPATH/Views/home/index.php')
 6 SYSTEMPATH/View/View.php(216): CodeIgniter\View\View->CodeIgniter\View\{closure}()
 7 SYSTEMPATH/Common.php(1135): CodeIgniter\View\View->render('home/index', [], true)
 8 APPPATH/Controllers/Home.php(11): view('home/index')
 9 SYSTEMPATH/CodeIgniter.php(896): App\Controllers\Home->index()
10 SYSTEMPATH/CodeIgniter.php(466): CodeIgniter\CodeIgniter->runController(Object(App\Controllers\Home))
11 SYSTEMPATH/CodeIgniter.php(349): CodeIgniter\CodeIgniter->handleRequest(null, Object(Config\Cache), false)
12 FCPATH/index.php(55): CodeIgniter\CodeIgniter->run()
CRITICAL - 2022-06-20 23:22:07 --> syntax error, unexpected 'else' (T_ELSE), expecting end of file
in APPPATH/Views/layouts/header.php on line 30.
 1 SYSTEMPATH/View/View.php(216): CodeIgniter\View\View->CodeIgniter\View\{closure}()
 2 SYSTEMPATH/Common.php(1135): CodeIgniter\View\View->render('layouts/header', [], true)
 3 APPPATH/Views/auth/index.php(3): view('layouts/header')
 4 SYSTEMPATH/View/View.php(213): include('APPPATH/Views/auth/index.php')
 5 SYSTEMPATH/View/View.php(216): CodeIgniter\View\View->CodeIgniter\View\{closure}()
 6 SYSTEMPATH/Common.php(1135): CodeIgniter\View\View->render('auth/index', [], true)
 7 APPPATH/Controllers/AuthController.php(14): view('auth/index')
 8 SYSTEMPATH/CodeIgniter.php(896): App\Controllers\AuthController->index()
 9 SYSTEMPATH/CodeIgniter.php(466): CodeIgniter\CodeIgniter->runController(Object(App\Controllers\AuthController))
10 SYSTEMPATH/CodeIgniter.php(349): CodeIgniter\CodeIgniter->handleRequest(null, Object(Config\Cache), false)
11 FCPATH/index.php(55): CodeIgniter\CodeIgniter->run()
CRITICAL - 2022-06-20 23:22:39 --> syntax error, unexpected 'else' (T_ELSE), expecting end of file
in APPPATH/Views/layouts/header.php on line 30.
 1 SYSTEMPATH/View/View.php(216): CodeIgniter\View\View->CodeIgniter\View\{closure}()
 2 SYSTEMPATH/Common.php(1135): CodeIgniter\View\View->render('layouts/header', [], true)
 3 APPPATH/Views/auth/index.php(3): view('layouts/header')
 4 SYSTEMPATH/View/View.php(213): include('APPPATH/Views/auth/index.php')
 5 SYSTEMPATH/View/View.php(216): CodeIgniter\View\View->CodeIgniter\View\{closure}()
 6 SYSTEMPATH/Common.php(1135): CodeIgniter\View\View->render('auth/index', [], true)
 7 APPPATH/Controllers/AuthController.php(14): view('auth/index')
 8 SYSTEMPATH/CodeIgniter.php(896): App\Controllers\AuthController->index()
 9 SYSTEMPATH/CodeIgniter.php(466): CodeIgniter\CodeIgniter->runController(Object(App\Controllers\AuthController))
10 SYSTEMPATH/CodeIgniter.php(349): CodeIgniter\CodeIgniter->handleRequest(null, Object(Config\Cache), false)
11 FCPATH/index.php(55): CodeIgniter\CodeIgniter->run()
CRITICAL - 2022-06-20 23:23:03 --> syntax error, unexpected 'else' (T_ELSE), expecting end of file
in APPPATH/Views/layouts/header.php on line 30.
 1 SYSTEMPATH/View/View.php(216): CodeIgniter\View\View->CodeIgniter\View\{closure}()
 2 SYSTEMPATH/Common.php(1135): CodeIgniter\View\View->render('layouts/header', [], true)
 3 APPPATH/Views/auth/index.php(3): view('layouts/header')
 4 SYSTEMPATH/View/View.php(213): include('APPPATH/Views/auth/index.php')
 5 SYSTEMPATH/View/View.php(216): CodeIgniter\View\View->CodeIgniter\View\{closure}()
 6 SYSTEMPATH/Common.php(1135): CodeIgniter\View\View->render('auth/index', [], true)
 7 APPPATH/Controllers/AuthController.php(14): view('auth/index')
 8 SYSTEMPATH/CodeIgniter.php(896): App\Controllers\AuthController->index()
 9 SYSTEMPATH/CodeIgniter.php(466): CodeIgniter\CodeIgniter->runController(Object(App\Controllers\AuthController))
10 SYSTEMPATH/CodeIgniter.php(349): CodeIgniter\CodeIgniter->handleRequest(null, Object(Config\Cache), false)
11 FCPATH/index.php(55): CodeIgniter\CodeIgniter->run()
CRITICAL - 2022-06-20 23:23:19 --> syntax error, unexpected 'else' (T_ELSE)
in APPPATH/Views/layouts/header.php on line 30.
 1 SYSTEMPATH/View/View.php(216): CodeIgniter\View\View->CodeIgniter\View\{closure}()
 2 SYSTEMPATH/Common.php(1135): CodeIgniter\View\View->render('layouts/header', [], true)
 3 APPPATH/Views/auth/index.php(3): view('layouts/header')
 4 SYSTEMPATH/View/View.php(213): include('APPPATH/Views/auth/index.php')
 5 SYSTEMPATH/View/View.php(216): CodeIgniter\View\View->CodeIgniter\View\{closure}()
 6 SYSTEMPATH/Common.php(1135): CodeIgniter\View\View->render('auth/index', [], true)
 7 APPPATH/Controllers/AuthController.php(14): view('auth/index')
 8 SYSTEMPATH/CodeIgniter.php(896): App\Controllers\AuthController->index()
 9 SYSTEMPATH/CodeIgniter.php(466): CodeIgniter\CodeIgniter->runController(Object(App\Controllers\AuthController))
10 SYSTEMPATH/CodeIgniter.php(349): CodeIgniter\CodeIgniter->handleRequest(null, Object(Config\Cache), false)
11 FCPATH/index.php(55): CodeIgniter\CodeIgniter->run()
CRITICAL - 2022-06-20 23:23:20 --> syntax error, unexpected 'else' (T_ELSE)
in APPPATH/Views/layouts/header.php on line 30.
 1 SYSTEMPATH/View/View.php(216): CodeIgniter\View\View->CodeIgniter\View\{closure}()
 2 SYSTEMPATH/Common.php(1135): CodeIgniter\View\View->render('layouts/header', [], true)
 3 APPPATH/Views/auth/index.php(3): view('layouts/header')
 4 SYSTEMPATH/View/View.php(213): include('APPPATH/Views/auth/index.php')
 5 SYSTEMPATH/View/View.php(216): CodeIgniter\View\View->CodeIgniter\View\{closure}()
 6 SYSTEMPATH/Common.php(1135): CodeIgniter\View\View->render('auth/index', [], true)
 7 APPPATH/Controllers/AuthController.php(14): view('auth/index')
 8 SYSTEMPATH/CodeIgniter.php(896): App\Controllers\AuthController->index()
 9 SYSTEMPATH/CodeIgniter.php(466): CodeIgniter\CodeIgniter->runController(Object(App\Controllers\AuthController))
10 SYSTEMPATH/CodeIgniter.php(349): CodeIgniter\CodeIgniter->handleRequest(null, Object(Config\Cache), false)
11 FCPATH/index.php(55): CodeIgniter\CodeIgniter->run()
CRITICAL - 2022-06-20 23:43:58 --> syntax error, unexpected '$username' (T_VARIABLE)
in APPPATH/Controllers/AuthController.php on line 51.
 1 SYSTEMPATH/Autoloader/Autoloader.php(261): CodeIgniter\Autoloader\Autoloader->includeFile('APPPATH/Controllers/AuthController.php')
 2 SYSTEMPATH/Autoloader/Autoloader.php(239): CodeIgniter\Autoloader\Autoloader->loadInNamespace('App\\Controllers\\AuthController')
 3 [internal function]: CodeIgniter\Autoloader\Autoloader->loadClass('App\\Controllers\\AuthController')
 4 [internal function]: spl_autoload_call('App\\Controllers\\AuthController')
 5 SYSTEMPATH/CodeIgniter.php(846): class_exists('\\App\\Controllers\\AuthController', true)
 6 SYSTEMPATH/CodeIgniter.php(453): CodeIgniter\CodeIgniter->startController()
 7 SYSTEMPATH/CodeIgniter.php(349): CodeIgniter\CodeIgniter->handleRequest(null, Object(Config\Cache), false)
 8 FCPATH/index.php(55): CodeIgniter\CodeIgniter->run()
CRITICAL - 2022-06-20 23:44:11 --> syntax error, unexpected '$username' (T_VARIABLE)
in APPPATH/Controllers/AuthController.php on line 51.
 1 SYSTEMPATH/Autoloader/Autoloader.php(261): CodeIgniter\Autoloader\Autoloader->includeFile('APPPATH/Controllers/AuthController.php')
 2 SYSTEMPATH/Autoloader/Autoloader.php(239): CodeIgniter\Autoloader\Autoloader->loadInNamespace('App\\Controllers\\AuthController')
 3 [internal function]: CodeIgniter\Autoloader\Autoloader->loadClass('App\\Controllers\\AuthController')
 4 [internal function]: spl_autoload_call('App\\Controllers\\AuthController')
 5 SYSTEMPATH/CodeIgniter.php(846): class_exists('\\App\\Controllers\\AuthController', true)
 6 SYSTEMPATH/CodeIgniter.php(453): CodeIgniter\CodeIgniter->startController()
 7 SYSTEMPATH/CodeIgniter.php(349): CodeIgniter\CodeIgniter->handleRequest(null, Object(Config\Cache), false)
 8 FCPATH/index.php(55): CodeIgniter\CodeIgniter->run()
CRITICAL - 2022-06-20 23:44:27 --> syntax error, unexpected '$username' (T_VARIABLE)
in APPPATH/Controllers/AuthController.php on line 51.
 1 SYSTEMPATH/Autoloader/Autoloader.php(261): CodeIgniter\Autoloader\Autoloader->includeFile('APPPATH/Controllers/AuthController.php')
 2 SYSTEMPATH/Autoloader/Autoloader.php(239): CodeIgniter\Autoloader\Autoloader->loadInNamespace('App\\Controllers\\AuthController')
 3 [internal function]: CodeIgniter\Autoloader\Autoloader->loadClass('App\\Controllers\\AuthController')
 4 [internal function]: spl_autoload_call('App\\Controllers\\AuthController')
 5 SYSTEMPATH/CodeIgniter.php(846): class_exists('\\App\\Controllers\\AuthController', true)
 6 SYSTEMPATH/CodeIgniter.php(453): CodeIgniter\CodeIgniter->startController()
 7 SYSTEMPATH/CodeIgniter.php(349): CodeIgniter\CodeIgniter->handleRequest(null, Object(Config\Cache), false)
 8 FCPATH/index.php(55): CodeIgniter\CodeIgniter->run()
CRITICAL - 2022-06-20 23:44:29 --> syntax error, unexpected '$username' (T_VARIABLE)
in APPPATH/Controllers/AuthController.php on line 51.
 1 SYSTEMPATH/Autoloader/Autoloader.php(261): CodeIgniter\Autoloader\Autoloader->includeFile('APPPATH/Controllers/AuthController.php')
 2 SYSTEMPATH/Autoloader/Autoloader.php(239): CodeIgniter\Autoloader\Autoloader->loadInNamespace('App\\Controllers\\AuthController')
 3 [internal function]: CodeIgniter\Autoloader\Autoloader->loadClass('App\\Controllers\\AuthController')
 4 [internal function]: spl_autoload_call('App\\Controllers\\AuthController')
 5 SYSTEMPATH/CodeIgniter.php(846): class_exists('\\App\\Controllers\\AuthController', true)
 6 SYSTEMPATH/CodeIgniter.php(453): CodeIgniter\CodeIgniter->startController()
 7 SYSTEMPATH/CodeIgniter.php(349): CodeIgniter\CodeIgniter->handleRequest(null, Object(Config\Cache), false)
 8 FCPATH/index.php(55): CodeIgniter\CodeIgniter->run()
CRITICAL - 2022-06-20 23:44:31 --> syntax error, unexpected '$username' (T_VARIABLE)
in APPPATH/Controllers/AuthController.php on line 51.
 1 SYSTEMPATH/Autoloader/Autoloader.php(261): CodeIgniter\Autoloader\Autoloader->includeFile('APPPATH/Controllers/AuthController.php')
 2 SYSTEMPATH/Autoloader/Autoloader.php(239): CodeIgniter\Autoloader\Autoloader->loadInNamespace('App\\Controllers\\AuthController')
 3 [internal function]: CodeIgniter\Autoloader\Autoloader->loadClass('App\\Controllers\\AuthController')
 4 [internal function]: spl_autoload_call('App\\Controllers\\AuthController')
 5 SYSTEMPATH/CodeIgniter.php(846): class_exists('\\App\\Controllers\\AuthController', true)
 6 SYSTEMPATH/CodeIgniter.php(453): CodeIgniter\CodeIgniter->startController()
 7 SYSTEMPATH/CodeIgniter.php(349): CodeIgniter\CodeIgniter->handleRequest(null, Object(Config\Cache), false)
 8 FCPATH/index.php(55): CodeIgniter\CodeIgniter->run()
CRITICAL - 2022-06-20 23:44:31 --> syntax error, unexpected '$username' (T_VARIABLE)
in APPPATH/Controllers/AuthController.php on line 51.
 1 SYSTEMPATH/Autoloader/Autoloader.php(261): CodeIgniter\Autoloader\Autoloader->includeFile('APPPATH/Controllers/AuthController.php')
 2 SYSTEMPATH/Autoloader/Autoloader.php(239): CodeIgniter\Autoloader\Autoloader->loadInNamespace('App\\Controllers\\AuthController')
 3 [internal function]: CodeIgniter\Autoloader\Autoloader->loadClass('App\\Controllers\\AuthController')
 4 [internal function]: spl_autoload_call('App\\Controllers\\AuthController')
 5 SYSTEMPATH/CodeIgniter.php(846): class_exists('\\App\\Controllers\\AuthController', true)
 6 SYSTEMPATH/CodeIgniter.php(453): CodeIgniter\CodeIgniter->startController()
 7 SYSTEMPATH/CodeIgniter.php(349): CodeIgniter\CodeIgniter->handleRequest(null, Object(Config\Cache), false)
 8 FCPATH/index.php(55): CodeIgniter\CodeIgniter->run()
CRITICAL - 2022-06-20 23:44:31 --> syntax error, unexpected '$username' (T_VARIABLE)
in APPPATH/Controllers/AuthController.php on line 51.
 1 SYSTEMPATH/Autoloader/Autoloader.php(261): CodeIgniter\Autoloader\Autoloader->includeFile('APPPATH/Controllers/AuthController.php')
 2 SYSTEMPATH/Autoloader/Autoloader.php(239): CodeIgniter\Autoloader\Autoloader->loadInNamespace('App\\Controllers\\AuthController')
 3 [internal function]: CodeIgniter\Autoloader\Autoloader->loadClass('App\\Controllers\\AuthController')
 4 [internal function]: spl_autoload_call('App\\Controllers\\AuthController')
 5 SYSTEMPATH/CodeIgniter.php(846): class_exists('\\App\\Controllers\\AuthController', true)
 6 SYSTEMPATH/CodeIgniter.php(453): CodeIgniter\CodeIgniter->startController()
 7 SYSTEMPATH/CodeIgniter.php(349): CodeIgniter\CodeIgniter->handleRequest(null, Object(Config\Cache), false)
 8 FCPATH/index.php(55): CodeIgniter\CodeIgniter->run()
CRITICAL - 2022-06-20 23:44:31 --> syntax error, unexpected '$username' (T_VARIABLE)
in APPPATH/Controllers/AuthController.php on line 51.
 1 SYSTEMPATH/Autoloader/Autoloader.php(261): CodeIgniter\Autoloader\Autoloader->includeFile('APPPATH/Controllers/AuthController.php')
 2 SYSTEMPATH/Autoloader/Autoloader.php(239): CodeIgniter\Autoloader\Autoloader->loadInNamespace('App\\Controllers\\AuthController')
 3 [internal function]: CodeIgniter\Autoloader\Autoloader->loadClass('App\\Controllers\\AuthController')
 4 [internal function]: spl_autoload_call('App\\Controllers\\AuthController')
 5 SYSTEMPATH/CodeIgniter.php(846): class_exists('\\App\\Controllers\\AuthController', true)
 6 SYSTEMPATH/CodeIgniter.php(453): CodeIgniter\CodeIgniter->startController()
 7 SYSTEMPATH/CodeIgniter.php(349): CodeIgniter\CodeIgniter->handleRequest(null, Object(Config\Cache), false)
 8 FCPATH/index.php(55): CodeIgniter\CodeIgniter->run()
CRITICAL - 2022-06-20 23:44:32 --> syntax error, unexpected '$username' (T_VARIABLE)
in APPPATH/Controllers/AuthController.php on line 51.
 1 SYSTEMPATH/Autoloader/Autoloader.php(261): CodeIgniter\Autoloader\Autoloader->includeFile('APPPATH/Controllers/AuthController.php')
 2 SYSTEMPATH/Autoloader/Autoloader.php(239): CodeIgniter\Autoloader\Autoloader->loadInNamespace('App\\Controllers\\AuthController')
 3 [internal function]: CodeIgniter\Autoloader\Autoloader->loadClass('App\\Controllers\\AuthController')
 4 [internal function]: spl_autoload_call('App\\Controllers\\AuthController')
 5 SYSTEMPATH/CodeIgniter.php(846): class_exists('\\App\\Controllers\\AuthController', true)
 6 SYSTEMPATH/CodeIgniter.php(453): CodeIgniter\CodeIgniter->startController()
 7 SYSTEMPATH/CodeIgniter.php(349): CodeIgniter\CodeIgniter->handleRequest(null, Object(Config\Cache), false)
 8 FCPATH/index.php(55): CodeIgniter\CodeIgniter->run()
CRITICAL - 2022-06-20 23:44:37 --> syntax error, unexpected '$username' (T_VARIABLE)
in APPPATH/Controllers/AuthController.php on line 51.
 1 SYSTEMPATH/Autoloader/Autoloader.php(261): CodeIgniter\Autoloader\Autoloader->includeFile('APPPATH/Controllers/AuthController.php')
 2 SYSTEMPATH/Autoloader/Autoloader.php(239): CodeIgniter\Autoloader\Autoloader->loadInNamespace('App\\Controllers\\AuthController')
 3 [internal function]: CodeIgniter\Autoloader\Autoloader->loadClass('App\\Controllers\\AuthController')
 4 [internal function]: spl_autoload_call('App\\Controllers\\AuthController')
 5 SYSTEMPATH/CodeIgniter.php(846): class_exists('\\App\\Controllers\\AuthController', true)
 6 SYSTEMPATH/CodeIgniter.php(453): CodeIgniter\CodeIgniter->startController()
 7 SYSTEMPATH/CodeIgniter.php(349): CodeIgniter\CodeIgniter->handleRequest(null, Object(Config\Cache), false)
 8 FCPATH/index.php(55): CodeIgniter\CodeIgniter->run()
CRITICAL - 2022-06-20 23:44:58 --> syntax error, unexpected '$username' (T_VARIABLE)
in APPPATH/Controllers/AuthController.php on line 51.
 1 SYSTEMPATH/Autoloader/Autoloader.php(261): CodeIgniter\Autoloader\Autoloader->includeFile('APPPATH/Controllers/AuthController.php')
 2 SYSTEMPATH/Autoloader/Autoloader.php(239): CodeIgniter\Autoloader\Autoloader->loadInNamespace('App\\Controllers\\AuthController')
 3 [internal function]: CodeIgniter\Autoloader\Autoloader->loadClass('App\\Controllers\\AuthController')
 4 [internal function]: spl_autoload_call('App\\Controllers\\AuthController')
 5 SYSTEMPATH/CodeIgniter.php(846): class_exists('\\App\\Controllers\\AuthController', true)
 6 SYSTEMPATH/CodeIgniter.php(453): CodeIgniter\CodeIgniter->startController()
 7 SYSTEMPATH/CodeIgniter.php(349): CodeIgniter\CodeIgniter->handleRequest(null, Object(Config\Cache), false)
 8 FCPATH/index.php(55): CodeIgniter\CodeIgniter->run()
